Log file open, 09/08/20 15:57:56
LogWindows: Failed to load 'aqProf.dll' (GetLastError=126)
LogWindows: File 'aqProf.dll' does not exist
LogWindows: Failed to load 'VtuneApi.dll' (GetLastError=126)
LogWindows: File 'VtuneApi.dll' does not exist
LogWindows: Failed to load 'VtuneApi32e.dll' (GetLastError=126)
LogWindows: File 'VtuneApi32e.dll' does not exist
LogConsoleResponse: Display: Failed to find resolution value strings in scalability ini. Falling back to default.
LogInit: Display: Running engine for game: PlatformerBP
LogPlatformFile: Not using cached read wrapper
LogTaskGraph: Started task graph with 5 named threads and 14 total threads with 3 sets of task threads.
LogStats: Stats thread started at 0.094993
LogD3D11RHI: Loaded GFSDK_Aftermath_Lib.x64.dll
LogICUInternationalization: ICU TimeZone Detection - Raw Offset: +1:00, Platform Override: ''
LogPluginManager: Mounting plugin Paper2D
LogPluginManager: Mounting plugin AISupport
LogPluginManager: Mounting plugin LightPropagationVolume
LogPluginManager: Mounting plugin ActorLayerUtilities
LogPluginManager: Mounting plugin AnimationSharing
LogPluginManager: Mounting plugin CLionSourceCodeAccess
LogPluginManager: Mounting plugin CodeLiteSourceCodeAccess
LogPluginManager: Mounting plugin GitSourceControl
LogPluginManager: Mounting plugin KDevelopSourceCodeAccess
LogPluginManager: Mounting plugin NullSourceCodeAccess
LogPluginManager: Mounting plugin PerforceSourceControl
LogPluginManager: Mounting plugin PlasticSourceControl
LogPluginManager: Mounting plugin SubversionSourceControl
LogPluginManager: Mounting plugin UObjectPlugin
LogPluginManager: Mounting plugin VisualStudioCodeSourceCodeAccess
LogPluginManager: Mounting plugin VisualStudioSourceCodeAccess
LogPluginManager: Mounting plugin XCodeSourceCodeAccess
LogPluginManager: Mounting plugin AssetManagerEditor
LogPluginManager: Mounting plugin CryptoKeys
LogPluginManager: Mounting plugin CurveEditorTools
LogPluginManager: Mounting plugin DataValidation
LogPluginManager: Mounting plugin FacialAnimation
LogPluginManager: Mounting plugin GameplayTagsEditor
LogPluginManager: Mounting plugin MacGraphicsSwitching
LogPluginManager: Mounting plugin MaterialAnalyzer
LogPluginManager: Mounting plugin MobileLauncherProfileWizard
LogPluginManager: Mounting plugin PluginBrowser
LogPluginManager: Mounting plugin SpeedTreeImporter
LogPluginManager: Mounting plugin DatasmithContent
LogPluginManager: Mounting plugin VariantManagerContent
LogPluginManager: Mounting plugin AlembicImporter
LogPluginManager: Mounting plugin AutomationUtils
LogPluginManager: Mounting plugin BackChannel
LogPluginManager: Mounting plugin CharacterAI
LogPluginManager: Mounting plugin GeometryCache
LogPluginManager: Mounting plugin PlatformCrypto
LogPluginManager: Mounting plugin ProxyLODPlugin
LogPluginManager: Mounting plugin SkeletalReduction
LogPluginManager: Mounting plugin MagicLeap
LogPluginManager: Mounting plugin MagicLeapMedia
LogPluginManager: Mounting plugin MLSDK
LogPluginManager: Mounting plugin AndroidMedia
LogPluginManager: Mounting plugin AvfMedia
LogPluginManager: Mounting plugin ImgMedia
LogPluginManager: Mounting plugin MediaCompositing
LogPluginManager: Mounting plugin MediaPlayerEditor
LogPluginManager: Mounting plugin WebMMedia
LogPluginManager: Mounting plugin WmfMedia
LogPluginManager: Mounting plugin TcpMessaging
LogPluginManager: Mounting plugin UdpMessaging
LogPluginManager: Mounting plugin ActorSequence
LogPluginManager: Mounting plugin LevelSequenceEditor
LogPluginManager: Mounting plugin MatineeToLevelSequence
LogPluginManager: Mounting plugin NetcodeUnitTest
LogPluginManager: Mounting plugin NUTUnrealEngine4
LogPluginManager: Mounting plugin OnlineSubsystemGooglePlay
LogPluginManager: Mounting plugin OnlineSubsystemIOS
LogPluginManager: Mounting plugin OnlineSubsystem
LogPluginManager: Mounting plugin OnlineSubsystemNull
LogPluginManager: Mounting plugin OnlineSubsystemUtils
LogPluginManager: Mounting plugin LauncherChunkInstaller
LogPluginManager: Mounting plugin AndroidDeviceProfileSelector
LogPluginManager: Mounting plugin AndroidMoviePlayer
LogPluginManager: Mounting plugin AndroidPermission
LogPluginManager: Mounting plugin AppleImageUtils
LogPluginManager: Mounting plugin AppleMoviePlayer
LogPluginManager: Mounting plugin ArchVisCharacter
LogPluginManager: Mounting plugin AssetTags
LogPluginManager: Mounting plugin AudioCapture
LogPluginManager: Mounting plugin CableComponent
LogPluginManager: Mounting plugin CustomMeshComponent
LogPluginManager: Mounting plugin EditableMesh
LogPluginManager: Mounting plugin ExampleDeviceProfileSelector
LogPluginManager: Mounting plugin GoogleCloudMessaging
LogPluginManager: Mounting plugin IOSDeviceProfileSelector
LogPluginManager: Mounting plugin LinuxDeviceProfileSelector
LogPluginManager: Mounting plugin LocationServicesBPLibrary
LogPluginManager: Mounting plugin MobilePatchingUtils
LogPluginManager: Mounting plugin OculusVR
LogPluginManager: Mounting plugin PhysXVehicles
LogPluginManager: Mounting plugin PostSplashScreen
LogPluginManager: Mounting plugin ProceduralMeshComponent
LogPluginManager: Mounting plugin RuntimePhysXCooking
LogPluginManager: Mounting plugin SignificanceManager
LogPluginManager: Mounting plugin SteamVR
LogPluginManager: Mounting plugin WebMMoviePlayer
LogPluginManager: Mounting plugin WindowsMoviePlayer
LogPluginManager: Mounting plugin ScreenshotTools
LogInit: Using libcurl 7.55.1-DEV
LogInit:  - built for x86_64-pc-win32
LogInit:  - supports SSL with OpenSSL/1.1.1
LogInit:  - supports HTTP deflate (compression) using libz 1.2.8
LogInit:  - other features:
LogInit:      CURL_VERSION_SSL
LogInit:      CURL_VERSION_LIBZ
LogInit:      CURL_VERSION_IPV6
LogInit:      CURL_VERSION_ASYNCHDNS
LogInit:      CURL_VERSION_LARGEFILE
LogInit:      CURL_VERSION_IDN
LogInit:  CurlRequestOptions (configurable via config and command line):
LogInit:  - bVerifyPeer = true  - Libcurl will verify peer certificate
LogInit:  - bUseHttpProxy = false  - Libcurl will NOT use HTTP proxy
LogInit:  - bDontReuseConnections = false  - Libcurl will reuse connections
LogInit:  - MaxHostConnections = 16  - Libcurl will limit the number of connections to a host
LogInit:  - LocalHostAddr = Default
LogInit:  - BufferSize = 65536
LogOnline: OSS: Creating online subsystem instance for: NULL
LogInit: WinSock: version 1.1 (2.2), MaxSocks=32767, MaxUdp=65467
LogOnline: OSS: TryLoadSubsystemAndSetDefault: Loaded subsystem for module [NULL]
LogInit: Build: ++UE4+Release-4.24-CL-11590370
LogInit: Engine Version: 4.24.3-11590370+++UE4+Release-4.24
LogInit: Compatible Engine Version: 4.24.0-10570792+++UE4+Release-4.24
LogInit: Net CL: 10570792
LogInit: OS: Windows 10 (Release 2004) (), CPU: Intel(R) Core(TM) i5-6400T CPU @ 2.20GHz, GPU: NVIDIA GeForce GTX 1070
LogInit: Compiled (64-bit): Feb 24 2020 15:39:18
LogInit: Compiled with Visual C++: 19.16.27032.01
LogInit: Build Configuration: Development
LogInit: Branch Name: ++UE4+Release-4.24
LogInit: Command Line: 
LogInit: Base Directory: C:/Program Files/Epic Games/UE_4.24/Engine/Binaries/Win64/
LogInit: Installed Engine Build: 1
LogDevObjectVersion: Number of dev versions registered: 25
LogDevObjectVersion:   Dev-Blueprints (B0D832E4-1F89-4F0D-ACCF-7EB736FD4AA2): 10
LogDevObjectVersion:   Dev-Build (E1C64328-A22C-4D53-A36C-8E866417BD8C): 0
LogDevObjectVersion:   Dev-Core (375EC13C-06E4-48FB-B500-84F0262A717E): 3
LogDevObjectVersion:   Dev-Editor (E4B068ED-F494-42E9-A231-DA0B2E46BB41): 37
LogDevObjectVersion:   Dev-Framework (CFFC743F-43B0-4480-9391-14DF171D2073): 36
LogDevObjectVersion:   Dev-Mobile (B02B49B5-BB20-44E9-A304-32B752E40360): 2
LogDevObjectVersion:   Dev-Networking (A4E4105C-59A1-49B5-A7C5-40C4547EDFEE): 0
LogDevObjectVersion:   Dev-Online (39C831C9-5AE6-47DC-9A44-9C173E1C8E7C): 0
LogDevObjectVersion:   Dev-Physics (78F01B33-EBEA-4F98-B9B4-84EACCB95AA2): 2
LogDevObjectVersion:   Dev-Platform (6631380F-2D4D-43E0-8009-CF276956A95A): 0
LogDevObjectVersion:   Dev-Rendering (12F88B9F-8875-4AFC-A67C-D90C383ABD29): 36
LogDevObjectVersion:   Dev-Sequencer (7B5AE74C-D270-4C10-A958-57980B212A5A): 11
LogDevObjectVersion:   Dev-VR (D7296918-1DD6-4BDD-9DE2-64A83CC13884): 2
LogDevObjectVersion:   Dev-LoadTimes (C2A15278-BFE7-4AFE-6C17-90FF531DF755): 1
LogDevObjectVersion:   Private-Geometry (6EACA3D4-40EC-4CC1-B786-8BED09428FC5): 3
LogDevObjectVersion:   Dev-AnimPhys (29E575DD-E0A3-4627-9D10-D276232CDCEA): 17
LogDevObjectVersion:   Dev-Anim (AF43A65D-7FD3-4947-9873-3E8ED9C1BB05): 2
LogDevObjectVersion:   Dev-ReflectionCapture (6B266CEC-1EC7-4B8F-A30B-E4D90942FC07): 1
LogDevObjectVersion:   Dev-Automation (0DF73D61-A23F-47EA-B727-89E90C41499A): 1
LogDevObjectVersion:   FortniteMain (601D1886-AC64-4F84-AA16-D3DE0DEAC7D6): 31
LogDevObjectVersion:   Dev-Enterprise (9DFFBCD6-494F-0158-E221-12823C92A888): 8
LogDevObjectVersion:   Dev-Niagara (F2AED0AC-9AFE-416F-8664-AA7FFA26D6FC): 1
LogDevObjectVersion:   Dev-Destruction (174F1F0B-B4C6-45A5-B13F-2EE8D0FB917D): 9
LogDevObjectVersion:   Dev-Physics-Ext (35F94A83-E258-406C-A318-09F59610247C): 8
LogDevObjectVersion:   Dev-CineCamera (B2E18506-4273-CFC2-A54E-F4BB758BBA07): 1
LogInit: Presizing for max 25165824 objects, including 0 objects not considered by GC, pre-allocating 0 bytes for permanent pool.
LogInit: Object subsystem initialized
LogConfig: Setting CVar [[con.DebugEarlyDefault:1]]
LogConfig: Setting CVar [[r.setres:1280x720]]
[2020.09.08-13.57.56:524][  0]LogConfig: Setting CVar [[r.VSync:0]]
[2020.09.08-13.57.56:524][  0]LogConfig: Setting CVar [[r.RHICmdBypass:0]]
[2020.09.08-13.57.56:524][  0]LogConfig: Applying CVar settings from Section [/Script/Engine.RendererSettings] File [C:/Users/j.six/Documents/UnrealPlatformerBluePrint/PlatformerBP/Saved/Config/Windows/Engine.ini]
[2020.09.08-13.57.56:524][  0]LogConfig: Setting CVar [[r.GPUCrashDebugging:0]]
[2020.09.08-13.57.56:524][  0]LogConfig: Applying CVar settings from Section [/Script/Engine.RendererOverrideSettings] File [C:/Users/j.six/Documents/UnrealPlatformerBluePrint/PlatformerBP/Saved/Config/Windows/Engine.ini]
[2020.09.08-13.57.56:524][  0]LogConfig: Applying CVar settings from Section [/Script/Engine.StreamingSettings] File [C:/Users/j.six/Documents/UnrealPlatformerBluePrint/PlatformerBP/Saved/Config/Windows/Engine.ini]
[2020.09.08-13.57.56:524][  0]LogConfig: Setting CVar [[s.MinBulkDataSizeForAsyncLoading:131072]]
[2020.09.08-13.57.56:524][  0]LogConfig: Setting CVar [[s.AsyncLoadingThreadEnabled:0]]
[2020.09.08-13.57.56:524][  0]LogConfig: Setting CVar [[s.EventDrivenLoaderEnabled:1]]
[2020.09.08-13.57.56:524][  0]LogConfig: Setting CVar [[s.WarnIfTimeLimitExceeded:0]]
[2020.09.08-13.57.56:524][  0]LogConfig: Setting CVar [[s.TimeLimitExceededMultiplier:1.5]]
[2020.09.08-13.57.56:524][  0]LogConfig: Setting CVar [[s.TimeLimitExceededMinTime:0.005]]
[2020.09.08-13.57.56:524][  0]LogConfig: Setting CVar [[s.UseBackgroundLevelStreaming:1]]
[2020.09.08-13.57.56:524][  0]LogConfig: Setting CVar [[s.PriorityAsyncLoadingExtraTime:15.0]]
[2020.09.08-13.57.56:524][  0]LogConfig: Setting CVar [[s.LevelStreamingActorsUpdateTimeLimit:5.0]]
[2020.09.08-13.57.56:524][  0]LogConfig: Setting CVar [[s.PriorityLevelStreamingActorsUpdateExtraTime:5.0]]
[2020.09.08-13.57.56:524][  0]LogConfig: Setting CVar [[s.LevelStreamingComponentsRegistrationGranularity:10]]
[2020.09.08-13.57.56:524][  0]LogConfig: Setting CVar [[s.UnregisterComponentsTimeLimit:1.0]]
[2020.09.08-13.57.56:524][  0]LogConfig: Setting CVar [[s.LevelStreamingComponentsUnregistrationGranularity:5]]
[2020.09.08-13.57.56:524][  0]LogConfig: Setting CVar [[s.FlushStreamingOnExit:1]]
[2020.09.08-13.57.56:524][  0]LogConfig: Applying CVar settings from Section [/Script/Engine.GarbageCollectionSettings] File [C:/Users/j.six/Documents/UnrealPlatformerBluePrint/PlatformerBP/Saved/Config/Windows/Engine.ini]
[2020.09.08-13.57.56:524][  0]LogConfig: Setting CVar [[gc.MaxObjectsNotConsideredByGC:1]]
[2020.09.08-13.57.56:524][  0]LogConfig: Setting CVar [[gc.SizeOfPermanentObjectPool:0]]
[2020.09.08-13.57.56:524][  0]LogConfig: Setting CVar [[gc.FlushStreamingOnGC:0]]
[2020.09.08-13.57.56:524][  0]LogConfig: Setting CVar [[gc.NumRetriesBeforeForcingGC:10]]
[2020.09.08-13.57.56:524][  0]LogConfig: Setting CVar [[gc.AllowParallelGC:1]]
[2020.09.08-13.57.56:524][  0]LogConfig: Setting CVar [[gc.TimeBetweenPurgingPendingKillObjects:61.1]]
[2020.09.08-13.57.56:524][  0]LogConfig: Setting CVar [[gc.MaxObjectsInEditor:25165824]]
[2020.09.08-13.57.56:524][  0]LogConfig: Setting CVar [[gc.IncrementalBeginDestroyEnabled:1]]
[2020.09.08-13.57.56:524][  0]LogConfig: Setting CVar [[gc.CreateGCClusters:1]]
[2020.09.08-13.57.56:524][  0]LogConfig: Setting CVar [[gc.MinGCClusterSize:5]]
[2020.09.08-13.57.56:524][  0]LogConfig: Setting CVar [[gc.ActorClusteringEnabled:0]]
[2020.09.08-13.57.56:524][  0]LogConfig: Setting CVar [[gc.BlueprintClusteringEnabled:0]]
[2020.09.08-13.57.56:525][  0]LogConfig: Setting CVar [[gc.UseDisregardForGCOnDedicatedServers:0]]
[2020.09.08-13.57.56:525][  0]LogConfig: Applying CVar settings from Section [/Script/Engine.NetworkSettings] File [C:/Users/j.six/Documents/UnrealPlatformerBluePrint/PlatformerBP/Saved/Config/Windows/Engine.ini]
[2020.09.08-13.57.56:525][  0]LogConfig: Applying CVar settings from Section [/Script/UnrealEd.CookerSettings] File [C:/Users/j.six/Documents/UnrealPlatformerBluePrint/PlatformerBP/Saved/Config/Windows/Engine.ini]
[2020.09.08-13.57.56:530][  0]LogConfig: Applying CVar settings from Section [ViewDistanceQuality@3] File [C:/Users/j.six/Documents/UnrealPlatformerBluePrint/PlatformerBP/Saved/Config/Windows/Scalability.ini]
[2020.09.08-13.57.56:530][  0]LogConfig: Setting CVar [[r.SkeletalMeshLODBias:0]]
[2020.09.08-13.57.56:530][  0]LogConfig: Setting CVar [[r.ViewDistanceScale:1.0]]
[2020.09.08-13.57.56:530][  0]LogConfig: Applying CVar settings from Section [AntiAliasingQuality@3] File [C:/Users/j.six/Documents/UnrealPlatformerBluePrint/PlatformerBP/Saved/Config/Windows/Scalability.ini]
[2020.09.08-13.57.56:530][  0]LogConfig: Setting CVar [[r.PostProcessAAQuality:4]]
[2020.09.08-13.57.56:530][  0]LogConfig: Applying CVar settings from Section [ShadowQuality@3] File [C:/Users/j.six/Documents/UnrealPlatformerBluePrint/PlatformerBP/Saved/Config/Windows/Scalability.ini]
[2020.09.08-13.57.56:530][  0]LogConfig: Setting CVar [[r.LightFunctionQuality:1]]
[2020.09.08-13.57.56:530][  0]LogConfig: Setting CVar [[r.ShadowQuality:5]]
[2020.09.08-13.57.56:530][  0]LogConfig: Setting CVar [[r.Shadow.CSM.MaxCascades:10]]
[2020.09.08-13.57.56:530][  0]LogConfig: Setting CVar [[r.Shadow.MaxResolution:2048]]
[2020.09.08-13.57.56:530][  0]LogConfig: Setting CVar [[r.Shadow.MaxCSMResolution:2048]]
[2020.09.08-13.57.56:530][  0]LogConfig: Setting CVar [[r.Shadow.RadiusThreshold:0.01]]
[2020.09.08-13.57.56:530][  0]LogConfig: Setting CVar [[r.Shadow.DistanceScale:1.0]]
[2020.09.08-13.57.56:530][  0]LogConfig: Setting CVar [[r.Shadow.CSM.TransitionScale:1.0]]
[2020.09.08-13.57.56:530][  0]LogConfig: Setting CVar [[r.Shadow.PreShadowResolutionFactor:1.0]]
[2020.09.08-13.57.56:530][  0]LogConfig: Setting CVar [[r.DistanceFieldShadowing:1]]
[2020.09.08-13.57.56:530][  0]LogConfig: Setting CVar [[r.DistanceFieldAO:1]]
[2020.09.08-13.57.56:530][  0]LogConfig: Setting CVar [[r.AOQuality:2]]
[2020.09.08-13.57.56:530][  0]LogConfig: Setting CVar [[r.VolumetricFog:1]]
[2020.09.08-13.57.56:530][  0]LogConfig: Setting CVar [[r.VolumetricFog.GridPixelSize:8]]
[2020.09.08-13.57.56:530][  0]LogConfig: Setting CVar [[r.VolumetricFog.GridSizeZ:128]]
[2020.09.08-13.57.56:530][  0]LogConfig: Setting CVar [[r.VolumetricFog.HistoryMissSupersampleCount:4]]
[2020.09.08-13.57.56:530][  0]LogConfig: Setting CVar [[r.LightMaxDrawDistanceScale:1]]
[2020.09.08-13.57.56:530][  0]LogConfig: Setting CVar [[r.CapsuleShadows:1]]
[2020.09.08-13.57.56:530][  0]LogConfig: Applying CVar settings from Section [PostProcessQuality@3] File [C:/Users/j.six/Documents/UnrealPlatformerBluePrint/PlatformerBP/Saved/Config/Windows/Scalability.ini]
[2020.09.08-13.57.56:530][  0]LogConfig: Setting CVar [[r.MotionBlurQuality:4]]
[2020.09.08-13.57.56:530][  0]LogConfig: Setting CVar [[r.AmbientOcclusionMipLevelFactor:0.4]]
[2020.09.08-13.57.56:530][  0]LogConfig: Setting CVar [[r.AmbientOcclusionMaxQuality:100]]
[2020.09.08-13.57.56:530][  0]LogConfig: Setting CVar [[r.AmbientOcclusionLevels:-1]]
[2020.09.08-13.57.56:530][  0]LogConfig: Setting CVar [[r.AmbientOcclusionRadiusScale:1.0]]
[2020.09.08-13.57.56:530][  0]LogConfig: Setting CVar [[r.DepthOfFieldQuality:2]]
[2020.09.08-13.57.56:530][  0]LogConfig: Setting CVar [[r.RenderTargetPoolMin:400]]
[2020.09.08-13.57.56:530][  0]LogConfig: Setting CVar [[r.LensFlareQuality:2]]
[2020.09.08-13.57.56:530][  0]LogConfig: Setting CVar [[r.SceneColorFringeQuality:1]]
[2020.09.08-13.57.56:530][  0]LogConfig: Setting CVar [[r.EyeAdaptationQuality:2]]
[2020.09.08-13.57.56:530][  0]LogConfig: Setting CVar [[r.BloomQuality:5]]
[2020.09.08-13.57.56:530][  0]LogConfig: Setting CVar [[r.FastBlurThreshold:100]]
[2020.09.08-13.57.56:530][  0]LogConfig: Setting CVar [[r.Upscale.Quality:3]]
[2020.09.08-13.57.56:530][  0]LogConfig: Setting CVar [[r.Tonemapper.GrainQuantization:1]]
[2020.09.08-13.57.56:530][  0]LogConfig: Setting CVar [[r.LightShaftQuality:1]]
[2020.09.08-13.57.56:531][  0]LogConfig: Setting CVar [[r.Filter.SizeScale:1]]
[2020.09.08-13.57.56:531][  0]LogConfig: Setting CVar [[r.Tonemapper.Quality:5]]
[2020.09.08-13.57.56:531][  0]LogConfig: Setting CVar [[r.DOF.Gather.AccumulatorQuality:1        ; higher gathering accumulator quality]]
[2020.09.08-13.57.56:531][  0]LogConfig: Setting CVar [[r.DOF.Gather.PostfilterMethod:1          ; Median3x3 postfilering method]]
[2020.09.08-13.57.56:531][  0]LogConfig: Setting CVar [[r.DOF.Gather.EnableBokehSettings:0       ; no bokeh simulation when gathering]]
[2020.09.08-13.57.56:531][  0]LogConfig: Setting CVar [[r.DOF.Gather.RingCount:4                 ; medium number of samples when gathering]]
[2020.09.08-13.57.56:531][  0]LogConfig: Setting CVar [[r.DOF.Scatter.ForegroundCompositing:1    ; additive foreground scattering]]
[2020.09.08-13.57.56:531][  0]LogConfig: Setting CVar [[r.DOF.Scatter.BackgroundCompositing:2    ; additive background scattering]]
[2020.09.08-13.57.56:531][  0]LogConfig: Setting CVar [[r.DOF.Scatter.EnableBokehSettings:1      ; bokeh simulation when scattering]]
[2020.09.08-13.57.56:531][  0]LogConfig: Setting CVar [[r.DOF.Scatter.MaxSpriteRatio:0.1         ; only a maximum of 10% of scattered bokeh]]
[2020.09.08-13.57.56:531][  0]LogConfig: Setting CVar [[r.DOF.Recombine.Quality:1                ; cheap slight out of focus]]
[2020.09.08-13.57.56:531][  0]LogConfig: Setting CVar [[r.DOF.Recombine.EnableBokehSettings:0    ; no bokeh simulation on slight out of focus]]
[2020.09.08-13.57.56:531][  0]LogConfig: Setting CVar [[r.DOF.TemporalAAQuality:1                ; more stable temporal accumulation]]
[2020.09.08-13.57.56:531][  0]LogConfig: Setting CVar [[r.DOF.Kernel.MaxForegroundRadius:0.025]]
[2020.09.08-13.57.56:531][  0]LogConfig: Setting CVar [[r.DOF.Kernel.MaxBackgroundRadius:0.025]]
[2020.09.08-13.57.56:531][  0]LogConfig: Applying CVar settings from Section [TextureQuality@3] File [C:/Users/j.six/Documents/UnrealPlatformerBluePrint/PlatformerBP/Saved/Config/Windows/Scalability.ini]
[2020.09.08-13.57.56:531][  0]LogConfig: Setting CVar [[r.Streaming.MipBias:0]]
[2020.09.08-13.57.56:531][  0]LogConfig: Setting CVar [[r.Streaming.AmortizeCPUToGPUCopy:0]]
[2020.09.08-13.57.56:531][  0]LogConfig: Setting CVar [[r.Streaming.MaxNumTexturesToStreamPerFrame:0]]
[2020.09.08-13.57.56:531][  0]LogConfig: Setting CVar [[r.Streaming.Boost:1]]
[2020.09.08-13.57.56:531][  0]LogConfig: Setting CVar [[r.MaxAnisotropy:8]]
[2020.09.08-13.57.56:531][  0]LogConfig: Setting CVar [[r.VT.MaxAnisotropy:8]]
[2020.09.08-13.57.56:531][  0]LogConfig: Setting CVar [[r.Streaming.LimitPoolSizeToVRAM:0]]
[2020.09.08-13.57.56:531][  0]LogConfig: Setting CVar [[r.Streaming.PoolSize:1000]]
[2020.09.08-13.57.56:531][  0]LogConfig: Setting CVar [[r.Streaming.MaxEffectiveScreenSize:0]]
[2020.09.08-13.57.56:531][  0]LogConfig: Applying CVar settings from Section [EffectsQuality@3] File [C:/Users/j.six/Documents/UnrealPlatformerBluePrint/PlatformerBP/Saved/Config/Windows/Scalability.ini]
[2020.09.08-13.57.56:531][  0]LogConfig: Setting CVar [[r.TranslucencyLightingVolumeDim:64]]
[2020.09.08-13.57.56:531][  0]LogConfig: Setting CVar [[r.RefractionQuality:2]]
[2020.09.08-13.57.56:531][  0]LogConfig: Setting CVar [[r.SSR.Quality:3]]
[2020.09.08-13.57.56:531][  0]LogConfig: Setting CVar [[r.SSR.HalfResSceneColor:0]]
[2020.09.08-13.57.56:531][  0]LogConfig: Setting CVar [[r.SceneColorFormat:4]]
[2020.09.08-13.57.56:531][  0]LogConfig: Setting CVar [[r.DetailMode:2]]
[2020.09.08-13.57.56:531][  0]LogConfig: Setting CVar [[r.TranslucencyVolumeBlur:1]]
[2020.09.08-13.57.56:531][  0]LogConfig: Setting CVar [[r.MaterialQualityLevel:1 ; High quality]]
[2020.09.08-13.57.56:531][  0]LogConfig: Setting CVar [[r.SSS.Scale:1]]
[2020.09.08-13.57.56:531][  0]LogConfig: Setting CVar [[r.SSS.SampleSet:2]]
[2020.09.08-13.57.56:531][  0]LogConfig: Setting CVar [[r.SSS.Quality:1]]
[2020.09.08-13.57.56:531][  0]LogConfig: Setting CVar [[r.SSS.HalfRes:1]]
[2020.09.08-13.57.56:531][  0]LogConfig: Setting CVar [[r.SSGI.Quality:3]]
[2020.09.08-13.57.56:531][  0]LogConfig: Setting CVar [[r.EmitterSpawnRateScale:1.0]]
[2020.09.08-13.57.56:531][  0]LogConfig: Setting CVar [[r.ParticleLightQuality:2]]
[2020.09.08-13.57.56:531][  0]LogConfig: Setting CVar [[r.SkyAtmosphere.AerialPerspectiveLUT.FastApplyOnOpaque:1 ; Always have FastSkyLUT 1 in this case to avoid wrong sky]]
[2020.09.08-13.57.56:531][  0]LogConfig: Setting CVar [[r.SkyAtmosphere.AerialPerspectiveLUT.SampleCountPerSlice:1]]
[2020.09.08-13.57.56:531][  0]LogConfig: Setting CVar [[r.SkyAtmosphere.AerialPerspectiveLUT.DepthResolution:16.0]]
[2020.09.08-13.57.56:531][  0]LogConfig: Setting CVar [[r.SkyAtmosphere.FastSkyLUT:1]]
[2020.09.08-13.57.56:531][  0]LogConfig: Setting CVar [[r.SkyAtmosphere.FastSkyLUT.SampleCountMin:4.0]]
[2020.09.08-13.57.56:531][  0]LogConfig: Setting CVar [[r.SkyAtmosphere.FastSkyLUT.SampleCountMax:32.0]]
[2020.09.08-13.57.56:531][  0]LogConfig: Setting CVar [[r.SkyAtmosphere.SampleCountMin:4.0]]
[2020.09.08-13.57.56:531][  0]LogConfig: Setting CVar [[r.SkyAtmosphere.SampleCountMax:32.0]]
[2020.09.08-13.57.56:531][  0]LogConfig: Setting CVar [[r.SkyAtmosphere.TransmittanceLUT.UseSmallFormat:0]]
[2020.09.08-13.57.56:532][  0]LogConfig: Setting CVar [[r.SkyAtmosphere.TransmittanceLUT.SampleCount:10.0]]
[2020.09.08-13.57.56:532][  0]LogConfig: Setting CVar [[r.SkyAtmosphere.MultiScatteringLUT.SampleCount:15.0]]
[2020.09.08-13.57.56:532][  0]LogConfig: Applying CVar settings from Section [FoliageQuality@3] File [C:/Users/j.six/Documents/UnrealPlatformerBluePrint/PlatformerBP/Saved/Config/Windows/Scalability.ini]
[2020.09.08-13.57.56:532][  0]LogConfig: Setting CVar [[foliage.DensityScale:1.0]]
[2020.09.08-13.57.56:532][  0]LogConfig: Setting CVar [[grass.DensityScale:1.0]]
[2020.09.08-13.57.56:532][  0]LogConfig: Applying CVar settings from Section [ShadingQuality@3] File [C:/Users/j.six/Documents/UnrealPlatformerBluePrint/PlatformerBP/Saved/Config/Windows/Scalability.ini]
[2020.09.08-13.57.56:532][  0]LogConfig: Setting CVar [[r.HairStrands.SkyLighting.SampleCount:16]]
[2020.09.08-13.57.56:532][  0]LogConfig: Setting CVar [[r.HairStrands.SkyLighting.JitterIntegration:0]]
[2020.09.08-13.57.56:532][  0]LogConfig: Setting CVar [[r.HairStrands.SkyAO.SampleCount:16]]
[2020.09.08-13.57.56:532][  0]LogInit: Selected Device Profile: [Windows]
[2020.09.08-13.57.56:532][  0]LogInit: Applying CVar settings loaded from the selected device profile: [Windows]
[2020.09.08-13.57.56:536][  0]LogHAL: Display: Platform has ~ 32 GB [34316488704 / 34359738368 / 32], which maps to Largest [LargestMinGB=32, LargerMinGB=12, DefaultMinGB=8, SmallerMinGB=6, SmallestMinGB=0)
[2020.09.08-13.57.56:536][  0]LogInit: Going up to parent DeviceProfile []
[2020.09.08-13.57.56:536][  0]LogConfig: Applying CVar settings from Section [ViewDistanceQuality@3] File [C:/Users/j.six/Documents/UnrealPlatformerBluePrint/PlatformerBP/Saved/Config/Windows/Scalability.ini]
[2020.09.08-13.57.56:536][  0]LogConfig: Setting CVar [[r.SkeletalMeshLODBias:0]]
[2020.09.08-13.57.56:536][  0]LogConfig: Setting CVar [[r.ViewDistanceScale:1.0]]
[2020.09.08-13.57.56:536][  0]LogConfig: Applying CVar settings from Section [AntiAliasingQuality@3] File [C:/Users/j.six/Documents/UnrealPlatformerBluePrint/PlatformerBP/Saved/Config/Windows/Scalability.ini]
[2020.09.08-13.57.56:536][  0]LogConfig: Setting CVar [[r.PostProcessAAQuality:4]]
[2020.09.08-13.57.56:536][  0]LogConfig: Applying CVar settings from Section [ShadowQuality@3] File [C:/Users/j.six/Documents/UnrealPlatformerBluePrint/PlatformerBP/Saved/Config/Windows/Scalability.ini]
[2020.09.08-13.57.56:536][  0]LogConfig: Setting CVar [[r.LightFunctionQuality:1]]
[2020.09.08-13.57.56:536][  0]LogConfig: Setting CVar [[r.ShadowQuality:5]]
[2020.09.08-13.57.56:536][  0]LogConfig: Setting CVar [[r.Shadow.CSM.MaxCascades:10]]
[2020.09.08-13.57.56:536][  0]LogConfig: Setting CVar [[r.Shadow.MaxResolution:2048]]
[2020.09.08-13.57.56:536][  0]LogConfig: Setting CVar [[r.Shadow.MaxCSMResolution:2048]]
[2020.09.08-13.57.56:536][  0]LogConfig: Setting CVar [[r.Shadow.RadiusThreshold:0.01]]
[2020.09.08-13.57.56:536][  0]LogConfig: Setting CVar [[r.Shadow.DistanceScale:1.0]]
[2020.09.08-13.57.56:536][  0]LogConfig: Setting CVar [[r.Shadow.CSM.TransitionScale:1.0]]
[2020.09.08-13.57.56:536][  0]LogConfig: Setting CVar [[r.Shadow.PreShadowResolutionFactor:1.0]]
[2020.09.08-13.57.56:536][  0]LogConfig: Setting CVar [[r.DistanceFieldShadowing:1]]
[2020.09.08-13.57.56:536][  0]LogConfig: Setting CVar [[r.DistanceFieldAO:1]]
[2020.09.08-13.57.56:536][  0]LogConfig: Setting CVar [[r.AOQuality:2]]
[2020.09.08-13.57.56:536][  0]LogConfig: Setting CVar [[r.VolumetricFog:1]]
[2020.09.08-13.57.56:536][  0]LogConfig: Setting CVar [[r.VolumetricFog.GridPixelSize:8]]
[2020.09.08-13.57.56:536][  0]LogConfig: Setting CVar [[r.VolumetricFog.GridSizeZ:128]]
[2020.09.08-13.57.56:536][  0]LogConfig: Setting CVar [[r.VolumetricFog.HistoryMissSupersampleCount:4]]
[2020.09.08-13.57.56:536][  0]LogConfig: Setting CVar [[r.LightMaxDrawDistanceScale:1]]
[2020.09.08-13.57.56:536][  0]LogConfig: Setting CVar [[r.CapsuleShadows:1]]
[2020.09.08-13.57.56:536][  0]LogConfig: Applying CVar settings from Section [PostProcessQuality@3] File [C:/Users/j.six/Documents/UnrealPlatformerBluePrint/PlatformerBP/Saved/Config/Windows/Scalability.ini]
[2020.09.08-13.57.56:536][  0]LogConfig: Setting CVar [[r.MotionBlurQuality:4]]
[2020.09.08-13.57.56:536][  0]LogConfig: Setting CVar [[r.AmbientOcclusionMipLevelFactor:0.4]]
[2020.09.08-13.57.56:536][  0]LogConfig: Setting CVar [[r.AmbientOcclusionMaxQuality:100]]
[2020.09.08-13.57.56:536][  0]LogConfig: Setting CVar [[r.AmbientOcclusionLevels:-1]]
[2020.09.08-13.57.56:536][  0]LogConfig: Setting CVar [[r.AmbientOcclusionRadiusScale:1.0]]
[2020.09.08-13.57.56:536][  0]LogConfig: Setting CVar [[r.DepthOfFieldQuality:2]]
[2020.09.08-13.57.56:536][  0]LogConfig: Setting CVar [[r.RenderTargetPoolMin:400]]
[2020.09.08-13.57.56:536][  0]LogConfig: Setting CVar [[r.LensFlareQuality:2]]
[2020.09.08-13.57.56:536][  0]LogConfig: Setting CVar [[r.SceneColorFringeQuality:1]]
[2020.09.08-13.57.56:536][  0]LogConfig: Setting CVar [[r.EyeAdaptationQuality:2]]
[2020.09.08-13.57.56:537][  0]LogConfig: Setting CVar [[r.BloomQuality:5]]
[2020.09.08-13.57.56:537][  0]LogConfig: Setting CVar [[r.FastBlurThreshold:100]]
[2020.09.08-13.57.56:537][  0]LogConfig: Setting CVar [[r.Upscale.Quality:3]]
[2020.09.08-13.57.56:537][  0]LogConfig: Setting CVar [[r.Tonemapper.GrainQuantization:1]]
[2020.09.08-13.57.56:537][  0]LogConfig: Setting CVar [[r.LightShaftQuality:1]]
[2020.09.08-13.57.56:537][  0]LogConfig: Setting CVar [[r.Filter.SizeScale:1]]
[2020.09.08-13.57.56:537][  0]LogConfig: Setting CVar [[r.Tonemapper.Quality:5]]
[2020.09.08-13.57.56:537][  0]LogConfig: Setting CVar [[r.DOF.Gather.AccumulatorQuality:1        ; higher gathering accumulator quality]]
[2020.09.08-13.57.56:537][  0]LogConfig: Setting CVar [[r.DOF.Gather.PostfilterMethod:1          ; Median3x3 postfilering method]]
[2020.09.08-13.57.56:537][  0]LogConfig: Setting CVar [[r.DOF.Gather.EnableBokehSettings:0       ; no bokeh simulation when gathering]]
[2020.09.08-13.57.56:537][  0]LogConfig: Setting CVar [[r.DOF.Gather.RingCount:4                 ; medium number of samples when gathering]]
[2020.09.08-13.57.56:537][  0]LogConfig: Setting CVar [[r.DOF.Scatter.ForegroundCompositing:1    ; additive foreground scattering]]
[2020.09.08-13.57.56:537][  0]LogConfig: Setting CVar [[r.DOF.Scatter.BackgroundCompositing:2    ; additive background scattering]]
[2020.09.08-13.57.56:537][  0]LogConfig: Setting CVar [[r.DOF.Scatter.EnableBokehSettings:1      ; bokeh simulation when scattering]]
[2020.09.08-13.57.56:537][  0]LogConfig: Setting CVar [[r.DOF.Scatter.MaxSpriteRatio:0.1         ; only a maximum of 10% of scattered bokeh]]
[2020.09.08-13.57.56:537][  0]LogConfig: Setting CVar [[r.DOF.Recombine.Quality:1                ; cheap slight out of focus]]
[2020.09.08-13.57.56:537][  0]LogConfig: Setting CVar [[r.DOF.Recombine.EnableBokehSettings:0    ; no bokeh simulation on slight out of focus]]
[2020.09.08-13.57.56:537][  0]LogConfig: Setting CVar [[r.DOF.TemporalAAQuality:1                ; more stable temporal accumulation]]
[2020.09.08-13.57.56:537][  0]LogConfig: Setting CVar [[r.DOF.Kernel.MaxForegroundRadius:0.025]]
[2020.09.08-13.57.56:537][  0]LogConfig: Setting CVar [[r.DOF.Kernel.MaxBackgroundRadius:0.025]]
[2020.09.08-13.57.56:537][  0]LogConfig: Applying CVar settings from Section [TextureQuality@3] File [C:/Users/j.six/Documents/UnrealPlatformerBluePrint/PlatformerBP/Saved/Config/Windows/Scalability.ini]
[2020.09.08-13.57.56:537][  0]LogConfig: Setting CVar [[r.Streaming.MipBias:0]]
[2020.09.08-13.57.56:537][  0]LogConfig: Setting CVar [[r.Streaming.AmortizeCPUToGPUCopy:0]]
[2020.09.08-13.57.56:537][  0]LogConfig: Setting CVar [[r.Streaming.MaxNumTexturesToStreamPerFrame:0]]
[2020.09.08-13.57.56:537][  0]LogConfig: Setting CVar [[r.Streaming.Boost:1]]
[2020.09.08-13.57.56:537][  0]LogConfig: Setting CVar [[r.MaxAnisotropy:8]]
[2020.09.08-13.57.56:537][  0]LogConfig: Setting CVar [[r.VT.MaxAnisotropy:8]]
[2020.09.08-13.57.56:537][  0]LogConfig: Setting CVar [[r.Streaming.LimitPoolSizeToVRAM:0]]
[2020.09.08-13.57.56:537][  0]LogConfig: Setting CVar [[r.Streaming.PoolSize:1000]]
[2020.09.08-13.57.56:537][  0]LogConfig: Setting CVar [[r.Streaming.MaxEffectiveScreenSize:0]]
[2020.09.08-13.57.56:537][  0]LogConfig: Applying CVar settings from Section [EffectsQuality@3] File [C:/Users/j.six/Documents/UnrealPlatformerBluePrint/PlatformerBP/Saved/Config/Windows/Scalability.ini]
[2020.09.08-13.57.56:537][  0]LogConfig: Setting CVar [[r.TranslucencyLightingVolumeDim:64]]
[2020.09.08-13.57.56:537][  0]LogConfig: Setting CVar [[r.RefractionQuality:2]]
[2020.09.08-13.57.56:537][  0]LogConfig: Setting CVar [[r.SSR.Quality:3]]
[2020.09.08-13.57.56:537][  0]LogConfig: Setting CVar [[r.SSR.HalfResSceneColor:0]]
[2020.09.08-13.57.56:537][  0]LogConfig: Setting CVar [[r.SceneColorFormat:4]]
[2020.09.08-13.57.56:537][  0]LogConfig: Setting CVar [[r.DetailMode:2]]
[2020.09.08-13.57.56:537][  0]LogConfig: Setting CVar [[r.TranslucencyVolumeBlur:1]]
[2020.09.08-13.57.56:537][  0]LogConfig: Setting CVar [[r.MaterialQualityLevel:1 ; High quality]]
[2020.09.08-13.57.56:537][  0]LogConfig: Setting CVar [[r.SSS.Scale:1]]
[2020.09.08-13.57.56:538][  0]LogConfig: Setting CVar [[r.SSS.SampleSet:2]]
[2020.09.08-13.57.56:538][  0]LogConfig: Setting CVar [[r.SSS.Quality:1]]
[2020.09.08-13.57.56:538][  0]LogConfig: Setting CVar [[r.SSS.HalfRes:1]]
[2020.09.08-13.57.56:538][  0]LogConfig: Setting CVar [[r.SSGI.Quality:3]]
[2020.09.08-13.57.56:538][  0]LogConfig: Setting CVar [[r.EmitterSpawnRateScale:1.0]]
[2020.09.08-13.57.56:538][  0]LogConfig: Setting CVar [[r.ParticleLightQuality:2]]
[2020.09.08-13.57.56:538][  0]LogConfig: Setting CVar [[r.SkyAtmosphere.AerialPerspectiveLUT.FastApplyOnOpaque:1 ; Always have FastSkyLUT 1 in this case to avoid wrong sky]]
[2020.09.08-13.57.56:538][  0]LogConfig: Setting CVar [[r.SkyAtmosphere.AerialPerspectiveLUT.SampleCountPerSlice:1]]
[2020.09.08-13.57.56:538][  0]LogConfig: Setting CVar [[r.SkyAtmosphere.AerialPerspectiveLUT.DepthResolution:16.0]]
[2020.09.08-13.57.56:538][  0]LogConfig: Setting CVar [[r.SkyAtmosphere.FastSkyLUT:1]]
[2020.09.08-13.57.56:538][  0]LogConfig: Setting CVar [[r.SkyAtmosphere.FastSkyLUT.SampleCountMin:4.0]]
[2020.09.08-13.57.56:538][  0]LogConfig: Setting CVar [[r.SkyAtmosphere.FastSkyLUT.SampleCountMax:32.0]]
[2020.09.08-13.57.56:538][  0]LogConfig: Setting CVar [[r.SkyAtmosphere.SampleCountMin:4.0]]
[2020.09.08-13.57.56:538][  0]LogConfig: Setting CVar [[r.SkyAtmosphere.SampleCountMax:32.0]]
[2020.09.08-13.57.56:538][  0]LogConfig: Setting CVar [[r.SkyAtmosphere.TransmittanceLUT.UseSmallFormat:0]]
[2020.09.08-13.57.56:538][  0]LogConfig: Setting CVar [[r.SkyAtmosphere.TransmittanceLUT.SampleCount:10.0]]
[2020.09.08-13.57.56:538][  0]LogConfig: Setting CVar [[r.SkyAtmosphere.MultiScatteringLUT.SampleCount:15.0]]
[2020.09.08-13.57.56:538][  0]LogConfig: Applying CVar settings from Section [FoliageQuality@3] File [C:/Users/j.six/Documents/UnrealPlatformerBluePrint/PlatformerBP/Saved/Config/Windows/Scalability.ini]
[2020.09.08-13.57.56:538][  0]LogConfig: Setting CVar [[foliage.DensityScale:1.0]]
[2020.09.08-13.57.56:538][  0]LogConfig: Setting CVar [[grass.DensityScale:1.0]]
[2020.09.08-13.57.56:538][  0]LogConfig: Applying CVar settings from Section [ShadingQuality@3] File [C:/Users/j.six/Documents/UnrealPlatformerBluePrint/PlatformerBP/Saved/Config/Windows/Scalability.ini]
[2020.09.08-13.57.56:538][  0]LogConfig: Setting CVar [[r.HairStrands.SkyLighting.SampleCount:16]]
[2020.09.08-13.57.56:538][  0]LogConfig: Setting CVar [[r.HairStrands.SkyLighting.JitterIntegration:0]]
[2020.09.08-13.57.56:538][  0]LogConfig: Setting CVar [[r.HairStrands.SkyAO.SampleCount:16]]
[2020.09.08-13.57.56:538][  0]LogConfig: Applying CVar settings from Section [Startup] File [../../../Engine/Config/ConsoleVariables.ini]
[2020.09.08-13.57.56:538][  0]LogConfig: Setting CVar [[net.UseAdaptiveNetUpdateFrequency:0]]
[2020.09.08-13.57.56:538][  0]LogConfig: Setting CVar [[p.chaos.AllowCreatePhysxBodies:1]]
[2020.09.08-13.57.56:538][  0]LogConfig: Applying CVar settings from Section [ConsoleVariables] File [C:/Users/j.six/Documents/UnrealPlatformerBluePrint/PlatformerBP/Saved/Config/Windows/Engine.ini]
[2020.09.08-13.57.56:539][  0]LogInit: Computer: ZOTAC-GP-52
[2020.09.08-13.57.56:539][  0]LogInit: User: jsix
[2020.09.08-13.57.56:539][  0]LogInit: CPU Page size=4096, Cores=4
[2020.09.08-13.57.56:539][  0]LogInit: High frequency timer resolution =10.000000 MHz
[2020.09.08-13.57.56:539][  0]LogMemory: Memory total: Physical=32.0GB (32GB approx)
[2020.09.08-13.57.56:539][  0]LogMemory: Platform Memory Stats for Windows
[2020.09.08-13.57.56:539][  0]LogMemory: Process Physical Memory: 105.94 MB used, 105.95 MB peak
[2020.09.08-13.57.56:539][  0]LogMemory: Process Virtual Memory: 99.70 MB used, 99.70 MB peak
[2020.09.08-13.57.56:539][  0]LogMemory: Physical Memory: 5184.55 MB used,  27542.20 MB free, 32726.75 MB total
[2020.09.08-13.57.56:539][  0]LogMemory: Virtual Memory: 5123.37 MB used,  134212608.00 MB free, 134217728.00 MB total
[2020.09.08-13.57.56:542][  0]LogWindows: WindowsPlatformFeatures enabled
[2020.09.08-13.57.56:561][  0]LogInit: Using OS detected language (en-US).
[2020.09.08-13.57.56:561][  0]LogInit: Using OS detected locale (en-US).
[2020.09.08-13.57.56:562][  0]LogTextLocalizationManager: No specific localization for 'en-US' exists, so the 'en' localization will be used.
[2020.09.08-13.57.56:790][  0]LogInit: Setting process to per monitor DPI aware
[2020.09.08-13.57.56:823][  0]LogSlate: New Slate User Created.  User Index 0, Is Virtual User: 0
[2020.09.08-13.57.56:823][  0]LogSlate: Slate User Registered.  User Index 0, Is Virtual User: 0
[2020.09.08-13.57.56:990][  0]LogHMD: Failed to initialize OpenVR with code 110
[2020.09.08-13.57.56:990][  0]LogD3D11RHI: D3D11 min allowed feature level: 11_0
[2020.09.08-13.57.56:990][  0]LogD3D11RHI: D3D11 max allowed feature level: 11_0
[2020.09.08-13.57.56:990][  0]LogD3D11RHI: D3D11 adapters:
[2020.09.08-13.57.57:050][  0]LogD3D11RHI:    0. 'NVIDIA GeForce GTX 1070' (Feature Level 11_0)
[2020.09.08-13.57.57:050][  0]LogD3D11RHI:       8113/0/16363 MB DedicatedVideo/DedicatedSystem/SharedSystem, Outputs:2, VendorId:0x10de
[2020.09.08-13.57.57:053][  0]LogD3D11RHI:    1. 'Microsoft Basic Render Driver' (Feature Level 11_0)
[2020.09.08-13.57.57:053][  0]LogD3D11RHI:       0/0/16363 MB DedicatedVideo/DedicatedSystem/SharedSystem, Outputs:0, VendorId:0x1414
[2020.09.08-13.57.57:053][  0]LogD3D11RHI: Chosen D3D11 Adapter: 0
[2020.09.08-13.57.57:062][  0]LogD3D11RHI: Creating new Direct3DDevice
[2020.09.08-13.57.57:062][  0]LogD3D11RHI:     GPU DeviceId: 0x1ba1 (for the marketing name, search the web for "GPU Device Id")
[2020.09.08-13.57.57:062][  0]LogWindows: EnumDisplayDevices:
[2020.09.08-13.57.57:062][  0]LogWindows:    0. 'NVIDIA GeForce GTX 1070' (P:0 D:1)
[2020.09.08-13.57.57:062][  0]LogWindows:    1. 'NVIDIA GeForce GTX 1070' (P:1 D:1)
[2020.09.08-13.57.57:063][  0]LogWindows:    2. 'NVIDIA GeForce GTX 1070' (P:0 D:0)
[2020.09.08-13.57.57:063][  0]LogWindows:    3. 'NVIDIA GeForce GTX 1070' (P:0 D:0)
[2020.09.08-13.57.57:063][  0]LogWindows: DebugString: FoundDriverCount:4 
[2020.09.08-13.57.57:063][  0]LogD3D11RHI:     Adapter Name: NVIDIA GeForce GTX 1070
[2020.09.08-13.57.57:063][  0]LogD3D11RHI:   Driver Version: 382.05 (internal:22.21.13.8205, unified:382.05)
[2020.09.08-13.57.57:063][  0]LogD3D11RHI:      Driver Date: 5-1-2017
[2020.09.08-13.57.57:064][  0]LogRHI: Texture pool is 5679 MB (70% of 8113 MB)
[2020.09.08-13.57.57:111][  0]LogD3D11RHI: RHI does not have support for 64 bit atomics
[2020.09.08-13.57.57:111][  0]LogD3D11RHI: Async texture creation enabled
[2020.09.08-13.57.57:168][  0]LogD3D11RHI: GPU Timing Frequency: 1000.000000 (Debug: 2 1)
[2020.09.08-13.57.57:533][  0]LogTargetPlatformManager: Display: Loaded TargetPlatform 'AllDesktop'
[2020.09.08-13.57.57:576][  0]LogTargetPlatformManager: Display: Loaded TargetPlatform 'Android'
[2020.09.08-13.57.57:576][  0]LogTargetPlatformManager: Display: Loaded TargetPlatform 'Android_ASTC'
[2020.09.08-13.57.57:576][  0]LogTargetPlatformManager: Display: Loaded TargetPlatform 'Android_ATC'
[2020.09.08-13.57.57:576][  0]LogTargetPlatformManager: Display: Loaded TargetPlatform 'Android_DXT'
[2020.09.08-13.57.57:576][  0]LogTargetPlatformManager: Display: Loaded TargetPlatform 'Android_ETC1'
[2020.09.08-13.57.57:576][  0]LogTargetPlatformManager: Display: Loaded TargetPlatform 'Android_ETC1a'
[2020.09.08-13.57.57:576][  0]LogTargetPlatformManager: Display: Loaded TargetPlatform 'Android_ETC2'
[2020.09.08-13.57.57:576][  0]LogTargetPlatformManager: Display: Loaded TargetPlatform 'Android_PVRTC'
[2020.09.08-13.57.57:576][  0]LogTargetPlatformManager: Display: Loaded TargetPlatform 'AndroidClient'
[2020.09.08-13.57.57:576][  0]LogTargetPlatformManager: Display: Loaded TargetPlatform 'Android_ASTCClient'
[2020.09.08-13.57.57:576][  0]LogTargetPlatformManager: Display: Loaded TargetPlatform 'Android_ATCClient'
[2020.09.08-13.57.57:576][  0]LogTargetPlatformManager: Display: Loaded TargetPlatform 'Android_DXTClient'
[2020.09.08-13.57.57:576][  0]LogTargetPlatformManager: Display: Loaded TargetPlatform 'Android_ETC1Client'
[2020.09.08-13.57.57:577][  0]LogTargetPlatformManager: Display: Loaded TargetPlatform 'Android_ETC1aClient'
[2020.09.08-13.57.57:577][  0]LogTargetPlatformManager: Display: Loaded TargetPlatform 'Android_ETC2Client'
[2020.09.08-13.57.57:577][  0]LogTargetPlatformManager: Display: Loaded TargetPlatform 'Android_PVRTCClient'
[2020.09.08-13.57.57:577][  0]LogTargetPlatformManager: Display: Loaded TargetPlatform 'Android_Multi'
[2020.09.08-13.57.57:577][  0]LogTargetPlatformManager: Display: Loaded TargetPlatform 'Android_MultiClient'
[2020.09.08-13.57.57:600][  0]LogTargetPlatformManager: Display: Loaded TargetPlatform 'IOSClient'
[2020.09.08-13.57.57:600][  0]LogTargetPlatformManager: Display: Loaded TargetPlatform 'IOS'
[2020.09.08-13.57.57:609][  0]LogTargetPlatformManager: Display: Loaded TargetPlatform 'LinuxNoEditor'
[2020.09.08-13.57.57:619][  0]LogTargetPlatformManager: Display: Loaded TargetPlatform 'LinuxClient'
[2020.09.08-13.57.57:629][  0]LogTargetPlatformManager: Display: Loaded TargetPlatform 'LinuxServer'
[2020.09.08-13.57.57:639][  0]LogTargetPlatformManager: Display: Loaded TargetPlatform 'LinuxAArch64NoEditor'
[2020.09.08-13.57.57:649][  0]LogTargetPlatformManager: Display: Loaded TargetPlatform 'LinuxAArch64Client'
[2020.09.08-13.57.57:658][  0]LogTargetPlatformManager: Display: Loaded TargetPlatform 'LinuxAArch64Server'
[2020.09.08-13.57.57:691][  0]LogTargetPlatformManager: Display: Loaded TargetPlatform 'Lumin'
[2020.09.08-13.57.57:691][  0]LogTargetPlatformManager: Display: Loaded TargetPlatform 'LuminClient'
[2020.09.08-13.57.57:710][  0]LogTargetPlatformManager: Display: Loaded TargetPlatform 'TVOSClient'
[2020.09.08-13.57.57:710][  0]LogTargetPlatformManager: Display: Loaded TargetPlatform 'TVOS'
[2020.09.08-13.57.57:720][  0]LogTargetPlatformManager: Display: Loaded TargetPlatform 'WindowsNoEditor'
[2020.09.08-13.57.57:731][  0]LogTargetPlatformManager: Display: Loaded TargetPlatform 'Windows'
[2020.09.08-13.57.57:740][  0]LogTargetPlatformManager: Display: Loaded TargetPlatform 'WindowsClient'
[2020.09.08-13.57.57:750][  0]LogTargetPlatformManager: Display: Loaded TargetPlatform 'WindowsServer'
[2020.09.08-13.57.57:750][  0]LogTargetPlatformManager: Display: Building Assets For Windows
[2020.09.08-13.57.57:753][  0]LogAudioDebug: Display: Lib vorbis DLL was dynamically loaded.
[2020.09.08-13.57.57:784][  0]LogShaderCompilers: Guid format shader working directory is -32 characters bigger than the processId version (../../../../../../Users/j.six/Documents/UnrealPlatformerBluePrint/PlatformerBP/Intermediate/Shaders/WorkingDirectory/6836/).
[2020.09.08-13.57.57:784][  0]LogShaderCompilers: Cleaned the shader compiler working directory 'C:/Users/j.six/AppData/Local/Temp/UnrealShaderWorkingDir/3763DB414AA88740B89C07AF30A2C998/'.
[2020.09.08-13.57.57:785][  0]LogXGEController: Cleaning working directory: C:/Users/j.six/AppData/Local/Temp/UnrealXGEWorkingDir/
[2020.09.08-13.57.57:785][  0]LogXGEController: Cannot use XGE Controller as Incredibuild is not installed on this machine.
[2020.09.08-13.57.57:785][  0]LogShaderCompilers: Cannot use XGE Shader Compiler as Incredibuild is not installed on this machine.
[2020.09.08-13.57.57:785][  0]LogShaderCompilers: Display: Using Local Shader Compiler.
[2020.09.08-13.57.58:734][  0]LogDerivedDataCache: Display: Max Cache Size: 512 MB
[2020.09.08-13.57.58:798][  0]LogDerivedDataCache: Loaded boot cache 0.06s 78MB C:/Users/j.six/AppData/Local/UnrealEngine/4.24/DerivedDataCache/Boot.ddc.
[2020.09.08-13.57.58:798][  0]LogDerivedDataCache: Display: Loaded Boot cache: C:/Users/j.six/AppData/Local/UnrealEngine/4.24/DerivedDataCache/Boot.ddc
[2020.09.08-13.57.58:798][  0]LogDerivedDataCache: FDerivedDataBackendGraph:  Pak pak cache file ../../../../../../Users/j.six/Documents/UnrealPlatformerBluePrint/PlatformerBP/DerivedDataCache/DDC.ddp not found, will not use a pak cache.
[2020.09.08-13.57.58:799][  0]LogDerivedDataCache: Unable to find inner node Pak for hierarchical cache Hierarchy.
[2020.09.08-13.57.58:799][  0]LogDerivedDataCache: FDerivedDataBackendGraph:  CompressedPak pak cache file ../../../../../../Users/j.six/Documents/UnrealPlatformerBluePrint/PlatformerBP/DerivedDataCache/Compressed.ddp not found, will not use a pak cache.
[2020.09.08-13.57.58:799][  0]LogDerivedDataCache: Unable to find inner node CompressedPak for hierarchical cache Hierarchy.
[2020.09.08-13.57.58:813][  0]LogDerivedDataCache: Display: Pak cache opened for reading ../../../Engine/DerivedDataCache/Compressed.ddp.
[2020.09.08-13.57.58:813][  0]LogDerivedDataCache: FDerivedDataBackendGraph:  EnterprisePak pak cache file ../../../Enterprise/DerivedDataCache/Compressed.ddp not found, will not use a pak cache.
[2020.09.08-13.57.58:813][  0]LogDerivedDataCache: Unable to find inner node EnterprisePak for hierarchical cache Hierarchy.
[2020.09.08-13.57.58:814][  0]LogDerivedDataCache: Using Local data cache path C:/Users/j.six/AppData/Local/UnrealEngine/Common/DerivedDataCache: Writable
[2020.09.08-13.57.58:814][  0]LogDerivedDataCache: Shared data cache path not found in *engine.ini, will not use an Shared cache.
[2020.09.08-13.57.58:814][  0]LogDerivedDataCache: Unable to find inner node Shared for hierarchical cache Hierarchy.
[2020.09.08-13.57.58:847][  0]LogMaterial: Verifying Global Shaders for PCD3D_SM5
[2020.09.08-13.57.58:851][  0]LogSlate: Using FreeType 2.10.0
[2020.09.08-13.57.58:851][  0]LogSlate: SlateFontServices - WITH_FREETYPE: 1, WITH_HARFBUZZ: 1
[2020.09.08-13.57.58:915][  0]LogAssetRegistry: FAssetRegistry took 0.0029 seconds to start up
[2020.09.08-13.57.59:290][  0]LogInit: Selected Device Profile: [Windows]
[2020.09.08-13.57.59:492][  0]LogMeshReduction: Using QuadricMeshReduction for automatic static mesh reduction
[2020.09.08-13.57.59:492][  0]LogMeshReduction: Using SimplygonMeshReduction for automatic skeletal mesh reduction
[2020.09.08-13.57.59:492][  0]LogMeshReduction: Using ProxyLODMeshReduction for automatic mesh merging
[2020.09.08-13.57.59:492][  0]LogMeshReduction: No distributed automatic mesh merging module available
[2020.09.08-13.57.59:492][  0]LogMeshMerging: No distributed automatic mesh merging module available
[2020.09.08-13.57.59:508][  0]LogNetVersion: PlatformerBP 1.0.0, NetCL: 10570792, EngineNetVer: 13, GameNetVer: 0 (Checksum: 4199003615)
[2020.09.08-13.58.00:793][  0]LogPackageLocalizationCache: Processed 10 localized package path(s) for 1 prioritized culture(s) in 0.046160 seconds
[2020.09.08-13.58.00:802][  0]LogUObjectArray: 46750 objects as part of root set at end of initial load.
[2020.09.08-13.58.00:802][  0]LogUObjectAllocator: 8137160 out of 0 bytes used by permanent object pool.
[2020.09.08-13.58.00:802][  0]LogUObjectArray: CloseDisregardForGC: 0/0 objects in disregard for GC pool
[2020.09.08-13.58.01:288][  0]LogTcpMessaging: Initializing TcpMessaging bridge
[2020.09.08-13.58.01:291][  0]LogUdpMessaging: Initializing bridge on interface 0.0.0.0:0 to multicast group 230.0.0.1:6666.
[2020.09.08-13.58.01:347][  0]SourceControl: Source control is disabled
[2020.09.08-13.58.01:347][  0]SourceControl: Source control is disabled
[2020.09.08-13.58.01:348][  0]SourceControl: Source control is disabled
[2020.09.08-13.58.01:349][  0]SourceControl: Source control is disabled
[2020.09.08-13.58.01:350][  0]SourceControl: Source control is disabled
[2020.09.08-13.58.01:441][  0]LogAndroidPermission: UAndroidPermissionCallbackProxy::GetInstance
[2020.09.08-13.58.01:452][  0]LogAudioCaptureCore: Display: No Audio Capture implementations found. Audio input will be silent.
[2020.09.08-13.58.01:453][  0]LogAudioCaptureCore: Display: No Audio Capture implementations found. Audio input will be silent.
[2020.09.08-13.58.01:559][  0]LogOcInput: OculusInput pre-init called
[2020.09.08-13.58.01:568][  0]LogWindows: Failed to load 'OVRPlugin.dll' (GetLastError=126)
[2020.09.08-13.58.01:568][  0]LogWindows: File 'OVRPlugin.dll' does not exist
[2020.09.08-13.58.01:653][  0]LogEngine: Initializing Engine...
[2020.09.08-13.58.01:654][  0]LogHMD: Failed to initialize OpenVR with code 110
[2020.09.08-13.58.01:655][  0]LogStats: UGameplayTagsManager::InitializeManager -  0.000 s
[2020.09.08-13.58.02:081][  0]LogInit: Initializing FReadOnlyCVARCache
[2020.09.08-13.58.02:088][  0]LogAIModule: Creating AISystem for world Untitled
[2020.09.08-13.58.02:114][  0]LogAudioMixer: Display: Audio Mixer Platform Settings:
[2020.09.08-13.58.02:115][  0]LogAudioMixer: Display: 	Sample Rate:						  48000
[2020.09.08-13.58.02:115][  0]LogAudioMixer: Display: 	Callback Buffer Frame Size Requested: 1024
[2020.09.08-13.58.02:115][  0]LogAudioMixer: Display: 	Callback Buffer Frame Size To Use:	  1024
[2020.09.08-13.58.02:115][  0]LogAudioMixer: Display: 	Number of buffers to queue:			  2
[2020.09.08-13.58.02:115][  0]LogAudioMixer: Display: 	Max Channels (voices):				  32
[2020.09.08-13.58.02:115][  0]LogAudioMixer: Display: 	Number of Async Source Workers:		  0
[2020.09.08-13.58.02:115][  0]LogAudio: Display: AudioDevice MaxSources: 32
[2020.09.08-13.58.02:115][  0]LogAudio: Display: Using built-in audio occlusion.
[2020.09.08-13.58.02:115][  0]LogAudioMixer: Display: Initializing audio mixer.
[2020.09.08-13.58.02:121][  0]LogAudioMixer: Display: Using Audio Device Unknown
[2020.09.08-13.58.02:126][  0]LogInit: FAudioDevice initialized.
[2020.09.08-13.58.02:127][  0]LogNetVersion: Set ProjectVersion to 1.0.0.0. Version Checksum will be recalculated on next use.
[2020.09.08-13.58.02:203][  0]LogDerivedDataCache: Saved boot cache 0.08s 78MB C:/Users/j.six/AppData/Local/UnrealEngine/4.24/DerivedDataCache/Boot.ddc.
[2020.09.08-13.58.02:211][  0]LogInit: Texture streaming: Enabled
[2020.09.08-13.58.02:222][  0]LogEngineSessionManager: EngineSessionManager initialized
[2020.09.08-13.58.02:222][  0]LogEngineSessionManager: EngineSessionManager sent abnormal shutdown report. Type=AbnormalShutdown, SessionId={F932A2BC-481A-BB0E-3EDA-19BD8C5054FC}
[2020.09.08-13.58.02:222][  0]LogEditorSessionSummary: Verbose: Initializing EditorSessionSummaryWriter for editor session tracking
[2020.09.08-13.58.02:224][  0]LogEditorSessionSummary: EditorSessionSummaryWriter initialized
[2020.09.08-13.58.02:290][  0]LogInit: Transaction tracking system initialized
[2020.09.08-13.58.02:301][  0]BlueprintLog: New page: Editor Load
[2020.09.08-13.58.02:337][  0]LocalizationService: Localization service is disabled
[2020.09.08-13.58.02:669][  0]LogFileCache: Scanning file cache for directory 'C:/Users/j.six/Documents/UnrealPlatformerBluePrint/PlatformerBP/Content/' took 0.01s
[2020.09.08-13.58.02:669][  0]LogCook: Display: Max memory allowance for cook 16384mb min free memory 0mb
[2020.09.08-13.58.02:669][  0]LogCook: Display: Mobile HDR setting 1
[2020.09.08-13.58.03:467][  0]SourceControl: Source control is disabled
[2020.09.08-13.58.03:467][  0]Cmd: MAP LOAD FILE="../../../../../../Users/j.six/Documents/UnrealPlatformerBluePrint/PlatformerBP/Content/ThirdPersonBP/Maps/ThirdPersonExampleMap.umap" TEMPLATE=0 SHOWPROGRESS=1 FEATURELEVEL=3
[2020.09.08-13.58.03:467][  0]LogEditorServer: Warning: Can't find file '../../../../../../Users/j.six/Documents/UnrealPlatformerBluePrint/PlatformerBP/Content/ThirdPersonBP/Maps/ThirdPersonExampleMap.umap'
[2020.09.08-13.58.03:467][  0]Cmd: MAP CHECKDEP NOCLEARLOG
[2020.09.08-13.58.03:467][  0]MapCheck: Map check complete: 0 Error(s), 0 Warning(s), took 0.196ms to complete.
[2020.09.08-13.58.03:467][  0]LogFileHelpers: Loading map 'ThirdPersonExampleMap' took 0.001
[2020.09.08-13.58.03:631][  0]LogSlate: Updating window title bar state: overlay mode, drag disabled, window buttons hidden, title bar hidden
[2020.09.08-13.58.03:640][  0]LogSlate: Updating window title bar state: overlay mode, drag disabled, window buttons hidden, title bar hidden
[2020.09.08-13.58.03:649][  0]LogSlate: Updating window title bar state: overlay mode, drag disabled, window buttons hidden, title bar hidden
[2020.09.08-13.58.03:657][  0]LogSlate: Updating window title bar state: overlay mode, drag disabled, window buttons hidden, title bar hidden
[2020.09.08-13.58.03:664][  0]LogCollectionManager: Loaded 0 collections in 0.002264 seconds
[2020.09.08-13.58.03:679][  0]LogFileCache: Scanning file cache for directory 'C:/Users/j.six/Documents/UnrealPlatformerBluePrint/PlatformerBP/Saved/Collections/' took 0.00s
[2020.09.08-13.58.03:679][  0]LogFileCache: Scanning file cache for directory 'C:/Users/j.six/Documents/UnrealPlatformerBluePrint/PlatformerBP/Content/Developers/jsix/Collections/' took 0.00s
[2020.09.08-13.58.03:679][  0]LogFileCache: Scanning file cache for directory 'C:/Users/j.six/Documents/UnrealPlatformerBluePrint/PlatformerBP/Content/Collections/' took 0.00s
[2020.09.08-13.58.03:679][  0]LogContentBrowser: Native class hierarchy populated in 0.0105 seconds. Added 3017 classes and 720 folders.
[2020.09.08-13.58.03:682][  0]LogContentBrowser: Native class hierarchy updated for 'WidgetCarousel' in 0.0003 seconds. Added 0 classes and 0 folders.
[2020.09.08-13.58.03:744][  0]LogContentBrowser: Native class hierarchy updated for 'AddContentDialog' in 0.0003 seconds. Added 0 classes and 0 folders.
[2020.09.08-13.58.03:843][  0]LogSlate: Took 0.000178 seconds to synchronously load lazily loaded font '../../../Engine/Content/Slate/Fonts/Roboto-Regular.ttf' (155K)
[2020.09.08-13.58.03:846][  0]LogSlate: Took 0.000151 seconds to synchronously load lazily loaded font '../../../Engine/Content/Slate/Fonts/Roboto-Bold.ttf' (160K)
[2020.09.08-13.58.03:850][  0]LogSlate: Took 0.000198 seconds to synchronously load lazily loaded font '../../../Engine/Content/Editor/Slate/Fonts/FontAwesome.ttf' (139K)
[2020.09.08-13.58.03:939][  0]LogRenderer: Reallocating scene render targets to support 888x548 Format 10 NumSamples 1 (Frame:1).
[2020.09.08-13.58.04:028][  0]LogContentBrowser: Native class hierarchy updated for 'HierarchicalLODOutliner' in 0.0003 seconds. Added 0 classes and 0 folders.
[2020.09.08-13.58.04:028][  0]LogLoad: (Engine Initialization) Total time: 9.10 seconds
[2020.09.08-13.58.04:028][  0]LogLoad: (Engine Initialization) Total Blueprint compile time: 0.00 seconds
[2020.09.08-13.58.04:089][  0]LogContentStreaming: Texture pool size now 1000 MB
[2020.09.08-13.58.04:104][  0]LogSlate: Took 0.000184 seconds to synchronously load lazily loaded font '../../../Engine/Content/Slate/Fonts/Roboto-Light.ttf' (167K)
[2020.09.08-13.58.04:131][  1]LogAssetRegistry: Asset discovery search completed in 5.2161 seconds
[2020.09.08-13.58.04:135][  1]LogCollectionManager: Fixed up redirectors for 0 collections in 0.000010 seconds (updated 0 objects)
[2020.09.08-13.58.05:068][107]LogSlate: Took 0.000198 seconds to synchronously load lazily loaded font '../../../Engine/Content/Slate/Fonts/Roboto-Light.ttf' (167K)
[2020.09.08-13.58.07:401][272]LogBlueprint: Warning: [Compiler BorisPlayerCharacter] Cast To Level1GM  was pruned because its Exec pin is not connected, the connected value is not available and will instead be read as default
[2020.09.08-13.58.07:402][272]LogBlueprint: Error: [Compiler BorisPlayerCharacter] This blueprint (self) is not a Level1GM_C, therefore ' Target ' must have a connection.
[2020.09.08-13.58.07:413][272]LogBlueprint: Error: [Compiler BorisPlayerCharacter] Variable node  Set IsOnGameOverHUD  uses an invalid target.  It may depend on a node that is not connected to the execution chain, and got purged.
[2020.09.08-13.58.07:922][272]LogAssetEditorSubsystem: Opening Asset editor for WidgetBlueprint /Game/ThirdPersonBP/Level1/Level1HUD.Level1HUD
[2020.09.08-13.58.08:165][272]LogContentBrowser: Native class hierarchy updated for 'BlueprintGraph' in 0.0007 seconds. Added 121 classes and 0 folders.
[2020.09.08-13.58.09:223][272]LogAssetEditorSubsystem: Opening Asset editor for WidgetBlueprint /Game/ThirdPersonBP/Level1/DeathHUD.DeathHUD
[2020.09.08-13.58.09:656][272]LogAssetEditorSubsystem: Opening Asset editor for Blueprint /Game/ThirdPersonBP/Blueprints/GameMode/Level1GM.Level1GM
[2020.09.08-13.58.10:126][272]LogAssetEditorSubsystem: Opening Asset editor for Blueprint /Game/ParagonBoris/Characters/Heroes/Boris/BorisPlayerCharacter.BorisPlayerCharacter
[2020.09.08-13.58.11:009][272]LogAssetEditorSubsystem: Opening Asset editor for Blueprint /Game/AnimalVarietyPack/Wolf/SK_Wolf_Blueprint.SK_Wolf_Blueprint
[2020.09.08-13.58.11:849][272]LogScript: Warning: Script Msg: Divide by zero detected: 0.000000 / 0
Script call stack:
	Function /Game/ParagonBoris/Characters/Heroes/Boris/Boris_AnimBlueprint.Boris_AnimBlueprint_C:BlueprintUpdateAnimation
	Function /Game/ParagonBoris/Characters/Heroes/Boris/Boris_AnimBlueprint.Boris_AnimBlueprint_C:ExecuteUbergraph_Boris_AnimBlueprint

[2020.09.08-13.58.11:864][272]LogSlate: Took 0.000181 seconds to synchronously load lazily loaded font '../../../Engine/Content/Slate/Fonts/Roboto-BoldCondensed.ttf' (158K)
[2020.09.08-13.58.11:978][273]LogSlate: Took 0.000198 seconds to synchronously load lazily loaded font '../../../Engine/Content/Slate/Fonts/Roboto-Italic.ttf' (157K)
[2020.09.08-13.58.14:957][525]Cmd: DELETE
[2020.09.08-13.58.14:957][525]Cmd: ACTOR DELETE
[2020.09.08-13.58.15:037][525]LogUObjectHash: Compacting FUObjectHashTables data took   6.04ms
[2020.09.08-13.58.15:043][525]LogEditorActor: Deleted 0 Actors (0.086 secs)
[2020.09.08-13.58.16:041][610]Cmd: DELETE
[2020.09.08-13.58.16:041][610]Cmd: ACTOR DELETE
[2020.09.08-13.58.16:092][610]LogUObjectHash: Compacting FUObjectHashTables data took   3.35ms
[2020.09.08-13.58.16:093][610]LogEditorActor: Deleted 0 Actors (0.051 secs)
[2020.09.08-13.58.16:280][626]Cmd: DELETE
[2020.09.08-13.58.16:280][626]Cmd: ACTOR DELETE
[2020.09.08-13.58.16:329][626]LogUObjectHash: Compacting FUObjectHashTables data took   2.98ms
[2020.09.08-13.58.16:330][626]LogEditorActor: Deleted 0 Actors (0.049 secs)
[2020.09.08-13.58.16:436][635]Cmd: DELETE
[2020.09.08-13.58.16:436][635]Cmd: ACTOR DELETE
[2020.09.08-13.58.16:486][635]LogUObjectHash: Compacting FUObjectHashTables data took   3.02ms
[2020.09.08-13.58.16:486][635]LogEditorActor: Deleted 0 Actors (0.050 secs)
[2020.09.08-13.58.20:458][985]LogAIModule: Creating AISystem for world MainLevelMap
[2020.09.08-13.58.20:461][985]LogScript: Warning: Script Msg: Divide by zero detected: 0.000000 / 0
Script call stack:
	Function /Game/ParagonBoris/Characters/Heroes/Boris/Boris_AnimBlueprint.Boris_AnimBlueprint_C:BlueprintUpdateAnimation
	Function /Game/ParagonBoris/Characters/Heroes/Boris/Boris_AnimBlueprint.Boris_AnimBlueprint_C:ExecuteUbergraph_Boris_AnimBlueprint

[2020.09.08-13.58.20:465][985]LogAssetEditorSubsystem: Opening Asset editor for World /Game/ThirdPersonBP/Maps/MainLevelMap.MainLevelMap
[2020.09.08-13.58.20:519][985]LogUObjectHash: Compacting FUObjectHashTables data took   4.44ms
[2020.09.08-13.58.20:520][985]Cmd: MAP LOAD FILE="../../../../../../Users/j.six/Documents/UnrealPlatformerBluePrint/PlatformerBP/Content/ThirdPersonBP/Maps/MainLevelMap.umap" TEMPLATE=0 SHOWPROGRESS=1 FEATURELEVEL=3
[2020.09.08-13.58.20:520][985]LightingResults: New page: Lighting Build
[2020.09.08-13.58.20:521][985]LogContentBrowser: Native class hierarchy updated for 'StatsViewer' in 0.0003 seconds. Added 5 classes and 0 folders.
[2020.09.08-13.58.20:522][985]LoadErrors: New page: Loading map: MainLevelMap.umap
[2020.09.08-13.58.20:522][985]LogWorld: UWorld::CleanupWorld for Untitled, bSessionEnded=true, bCleanupResources=true
[2020.09.08-13.58.20:522][985]LogSlate: InvalidateAllWidgets triggered.  All widgets were invalidated
[2020.09.08-13.58.20:522][985]MapCheck: New page: Map Check
[2020.09.08-13.58.20:522][985]LightingResults: New page: Lighting Build
[2020.09.08-13.58.20:575][985]LogUObjectHash: Compacting FUObjectHashTables data took   3.87ms
[2020.09.08-13.58.20:581][985]LogScript: Warning: Script Msg: Divide by zero detected: 0.000000 / 0
Script call stack:
	Function /Game/ParagonBoris/Characters/Heroes/Boris/Boris_AnimBlueprint.Boris_AnimBlueprint_C:BlueprintUpdateAnimation
	Function /Game/ParagonBoris/Characters/Heroes/Boris/Boris_AnimBlueprint.Boris_AnimBlueprint_C:ExecuteUbergraph_Boris_AnimBlueprint

[2020.09.08-13.58.20:925][985]LogEditorServer: Finished looking for orphan Actors (0.000 secs)
[2020.09.08-13.58.20:981][985]LogUObjectHash: Compacting FUObjectHashTables data took   3.82ms
[2020.09.08-13.58.21:023][985]Cmd: MAP CHECKDEP NOCLEARLOG
[2020.09.08-13.58.21:023][985]MapCheck: Map check complete: 0 Error(s), 0 Warning(s), took 0.161ms to complete.
[2020.09.08-13.58.21:023][985]LogFileHelpers: Loading map 'MainLevelMap' took 0.504
[2020.09.08-13.58.37:694][341]BlueprintLog: New page: Compile BorisPlayerCharacter
[2020.09.08-13.58.37:730][341]LogBlueprint: Error: [Compiler BorisPlayerCharacter] This blueprint (self) is not a Level1GM_C, therefore ' Target ' must have a connection.
[2020.09.08-13.58.37:732][341]LogBlueprint: Error: [Compiler BorisPlayerCharacter] Variable node  Set IsOnGameOverHUD  uses an invalid target.  It may depend on a node that is not connected to the execution chain, and got purged.
[2020.09.08-13.58.37:740][341]LogScript: Warning: Script Msg: Divide by zero detected: 0.000000 / 0
Script call stack:
	Function /Game/ParagonBoris/Characters/Heroes/Boris/Boris_AnimBlueprint.Boris_AnimBlueprint_C:BlueprintUpdateAnimation
	Function /Game/ParagonBoris/Characters/Heroes/Boris/Boris_AnimBlueprint.Boris_AnimBlueprint_C:ExecuteUbergraph_Boris_AnimBlueprint

[2020.09.08-13.58.37:742][341]LogScript: Warning: Script Msg: Divide by zero detected: 0.000000 / 0
Script call stack:
	Function /Game/ParagonBoris/Characters/Heroes/Boris/Boris_AnimBlueprint.Boris_AnimBlueprint_C:BlueprintUpdateAnimation
	Function /Game/ParagonBoris/Characters/Heroes/Boris/Boris_AnimBlueprint.Boris_AnimBlueprint_C:ExecuteUbergraph_Boris_AnimBlueprint

[2020.09.08-13.58.37:743][341]LogScript: Warning: Script Msg: Divide by zero detected: 0.000000 / 0
Script call stack:
	Function /Game/ParagonBoris/Characters/Heroes/Boris/Boris_AnimBlueprint.Boris_AnimBlueprint_C:BlueprintUpdateAnimation
	Function /Game/ParagonBoris/Characters/Heroes/Boris/Boris_AnimBlueprint.Boris_AnimBlueprint_C:ExecuteUbergraph_Boris_AnimBlueprint

[2020.09.08-13.58.37:747][341]LogScript: Warning: Script Msg: Divide by zero detected: 0.000000 / 0
Script call stack:
	Function /Game/ParagonBoris/Characters/Heroes/Boris/Boris_AnimBlueprint.Boris_AnimBlueprint_C:BlueprintUpdateAnimation
	Function /Game/ParagonBoris/Characters/Heroes/Boris/Boris_AnimBlueprint.Boris_AnimBlueprint_C:ExecuteUbergraph_Boris_AnimBlueprint

[2020.09.08-13.58.38:237][341]LogUObjectHash: Compacting FUObjectHashTables data took   6.31ms
[2020.09.08-13.58.38:245][341]LogScript: Warning: Script Msg: Divide by zero detected: 0.000000 / 0
Script call stack:
	Function /Game/ParagonBoris/Characters/Heroes/Boris/Boris_AnimBlueprint.Boris_AnimBlueprint_C:BlueprintUpdateAnimation
	Function /Game/ParagonBoris/Characters/Heroes/Boris/Boris_AnimBlueprint.Boris_AnimBlueprint_C:ExecuteUbergraph_Boris_AnimBlueprint

[2020.09.08-13.58.38:246][341]LogScript: Warning: Script Msg: Divide by zero detected: 0.000000 / 0
Script call stack:
	Function /Game/ParagonBoris/Characters/Heroes/Boris/Boris_AnimBlueprint.Boris_AnimBlueprint_C:BlueprintUpdateAnimation
	Function /Game/ParagonBoris/Characters/Heroes/Boris/Boris_AnimBlueprint.Boris_AnimBlueprint_C:ExecuteUbergraph_Boris_AnimBlueprint

[2020.09.08-13.58.38:267][341]LogScript: Warning: Script Msg: Divide by zero detected: 0.000000 / 0
Script call stack:
	Function /Game/ParagonBoris/Characters/Heroes/Boris/Boris_AnimBlueprint.Boris_AnimBlueprint_C:BlueprintUpdateAnimation
	Function /Game/ParagonBoris/Characters/Heroes/Boris/Boris_AnimBlueprint.Boris_AnimBlueprint_C:ExecuteUbergraph_Boris_AnimBlueprint

[2020.09.08-13.58.38:269][341]LogScript: Warning: Script Msg: Divide by zero detected: 0.000000 / 0
Script call stack:
	Function /Game/ParagonBoris/Characters/Heroes/Boris/Boris_AnimBlueprint.Boris_AnimBlueprint_C:BlueprintUpdateAnimation
	Function /Game/ParagonBoris/Characters/Heroes/Boris/Boris_AnimBlueprint.Boris_AnimBlueprint_C:ExecuteUbergraph_Boris_AnimBlueprint

[2020.09.08-13.58.42:179][693]BlueprintLog: New page: Compile BorisPlayerCharacter
[2020.09.08-13.58.42:213][693]LogScript: Warning: Script Msg: Divide by zero detected: 0.000000 / 0
Script call stack:
	Function /Game/ParagonBoris/Characters/Heroes/Boris/Boris_AnimBlueprint.Boris_AnimBlueprint_C:BlueprintUpdateAnimation
	Function /Game/ParagonBoris/Characters/Heroes/Boris/Boris_AnimBlueprint.Boris_AnimBlueprint_C:ExecuteUbergraph_Boris_AnimBlueprint

[2020.09.08-13.58.42:215][693]LogScript: Warning: Script Msg: Divide by zero detected: 0.000000 / 0
Script call stack:
	Function /Game/ParagonBoris/Characters/Heroes/Boris/Boris_AnimBlueprint.Boris_AnimBlueprint_C:BlueprintUpdateAnimation
	Function /Game/ParagonBoris/Characters/Heroes/Boris/Boris_AnimBlueprint.Boris_AnimBlueprint_C:ExecuteUbergraph_Boris_AnimBlueprint

[2020.09.08-13.58.42:216][693]LogScript: Warning: Script Msg: Divide by zero detected: 0.000000 / 0
Script call stack:
	Function /Game/ParagonBoris/Characters/Heroes/Boris/Boris_AnimBlueprint.Boris_AnimBlueprint_C:BlueprintUpdateAnimation
	Function /Game/ParagonBoris/Characters/Heroes/Boris/Boris_AnimBlueprint.Boris_AnimBlueprint_C:ExecuteUbergraph_Boris_AnimBlueprint

[2020.09.08-13.58.42:218][693]LogScript: Warning: Script Msg: Divide by zero detected: 0.000000 / 0
Script call stack:
	Function /Game/ParagonBoris/Characters/Heroes/Boris/Boris_AnimBlueprint.Boris_AnimBlueprint_C:BlueprintUpdateAnimation
	Function /Game/ParagonBoris/Characters/Heroes/Boris/Boris_AnimBlueprint.Boris_AnimBlueprint_C:ExecuteUbergraph_Boris_AnimBlueprint

[2020.09.08-13.58.42:670][693]LogUObjectHash: Compacting FUObjectHashTables data took   6.28ms
[2020.09.08-13.58.42:677][693]LogScript: Warning: Script Msg: Divide by zero detected: 0.000000 / 0
Script call stack:
	Function /Game/ParagonBoris/Characters/Heroes/Boris/Boris_AnimBlueprint.Boris_AnimBlueprint_C:BlueprintUpdateAnimation
	Function /Game/ParagonBoris/Characters/Heroes/Boris/Boris_AnimBlueprint.Boris_AnimBlueprint_C:ExecuteUbergraph_Boris_AnimBlueprint

[2020.09.08-13.58.42:679][693]LogScript: Warning: Script Msg: Divide by zero detected: 0.000000 / 0
Script call stack:
	Function /Game/ParagonBoris/Characters/Heroes/Boris/Boris_AnimBlueprint.Boris_AnimBlueprint_C:BlueprintUpdateAnimation
	Function /Game/ParagonBoris/Characters/Heroes/Boris/Boris_AnimBlueprint.Boris_AnimBlueprint_C:ExecuteUbergraph_Boris_AnimBlueprint

[2020.09.08-13.58.42:700][693]LogScript: Warning: Script Msg: Divide by zero detected: 0.000000 / 0
Script call stack:
	Function /Game/ParagonBoris/Characters/Heroes/Boris/Boris_AnimBlueprint.Boris_AnimBlueprint_C:BlueprintUpdateAnimation
	Function /Game/ParagonBoris/Characters/Heroes/Boris/Boris_AnimBlueprint.Boris_AnimBlueprint_C:ExecuteUbergraph_Boris_AnimBlueprint

[2020.09.08-13.58.42:702][693]LogScript: Warning: Script Msg: Divide by zero detected: 0.000000 / 0
Script call stack:
	Function /Game/ParagonBoris/Characters/Heroes/Boris/Boris_AnimBlueprint.Boris_AnimBlueprint_C:BlueprintUpdateAnimation
	Function /Game/ParagonBoris/Characters/Heroes/Boris/Boris_AnimBlueprint.Boris_AnimBlueprint_C:ExecuteUbergraph_Boris_AnimBlueprint

[2020.09.08-13.58.43:902][794]LogScript: Warning: Script Msg: Divide by zero detected: 0.000000 / 0
Script call stack:
	Function /Game/ParagonBoris/Characters/Heroes/Boris/Boris_AnimBlueprint.Boris_AnimBlueprint_C:BlueprintUpdateAnimation
	Function /Game/ParagonBoris/Characters/Heroes/Boris/Boris_AnimBlueprint.Boris_AnimBlueprint_C:ExecuteUbergraph_Boris_AnimBlueprint

[2020.09.08-13.58.44:021][794]LogSavePackage: Moving '../../../../../../Users/j.six/Documents/UnrealPlatformerBluePrint/PlatformerBP/Saved/BorisPlayerCharacter324D824A4C9A5C6A19BCBC9BBD0CBF44.tmp' to '../../../../../../Users/j.six/Documents/UnrealPlatformerBluePrint/PlatformerBP/Content/ParagonBoris/Characters/Heroes/Boris/BorisPlayerCharacter.uasset'
[2020.09.08-13.58.44:041][794]AssetCheck: New page: Asset Save: BorisPlayerCharacter
[2020.09.08-13.58.44:041][794]LogContentValidation: Display: Validating Blueprint /Game/ParagonBoris/Characters/Heroes/Boris/BorisPlayerCharacter.BorisPlayerCharacter
[2020.09.08-13.58.49:189][276]LogTemp: Repeating last play command: Selected Viewport
[2020.09.08-13.58.49:234][276]LogBlueprintUserMessages: Early PlayInEditor Detection: Level '/Game/ThirdPersonBP/Maps/MainLevelMap.MainLevelMap:PersistentLevel' has LevelScriptBlueprint '/Game/ThirdPersonBP/Maps/MainLevelMap.MainLevelMap:PersistentLevel.MainLevelMap' with GeneratedClass '/Game/ThirdPersonBP/Maps/MainLevelMap.MainLevelMap_C' with ClassGeneratedBy '/Game/ThirdPersonBP/Maps/MainLevelMap.MainLevelMap:PersistentLevel.MainLevelMap'
[2020.09.08-13.58.49:234][276]LogPlayLevel: PlayLevel: No blueprints needed recompiling
[2020.09.08-13.58.49:234][276]PIE: New page: PIE session: MainLevelMap (Sep 8, 2020, 5:58:49 PM)
[2020.09.08-13.58.49:235][276]LogOnline: OSS: Creating online subsystem instance for: NULL
[2020.09.08-13.58.49:236][276]LogOnline: OSS: TryLoadSubsystemAndSetDefault: Loaded subsystem for module [NULL]
[2020.09.08-13.58.49:236][276]LogPlayLevel: Creating play world package: /Game/ThirdPersonBP/Maps/UEDPIE_0_MainLevelMap
[2020.09.08-13.58.49:253][276]LogPlayLevel: PIE: StaticDuplicateObject took: (0.016991s)
[2020.09.08-13.58.49:255][276]LogAIModule: Creating AISystem for world MainLevelMap
[2020.09.08-13.58.49:255][276]LogPlayLevel: PIE: World Init took: (0.001809s)
[2020.09.08-13.58.49:255][276]LogPlayLevel: PIE: Created PIE world by copying editor world from /Game/ThirdPersonBP/Maps/MainLevelMap.MainLevelMap to /Game/ThirdPersonBP/Maps/UEDPIE_0_MainLevelMap.MainLevelMap (0.019167s)
[2020.09.08-13.58.49:311][276]LogUObjectHash: Compacting FUObjectHashTables data took   5.84ms
[2020.09.08-13.58.49:312][276]LogAudioMixer: Display: Audio Mixer Platform Settings:
[2020.09.08-13.58.49:312][276]LogAudioMixer: Display: 	Sample Rate:						  48000
[2020.09.08-13.58.49:312][276]LogAudioMixer: Display: 	Callback Buffer Frame Size Requested: 1024
[2020.09.08-13.58.49:313][276]LogAudioMixer: Display: 	Callback Buffer Frame Size To Use:	  1024
[2020.09.08-13.58.49:313][276]LogAudioMixer: Display: 	Number of buffers to queue:			  2
[2020.09.08-13.58.49:313][276]LogAudioMixer: Display: 	Max Channels (voices):				  32
[2020.09.08-13.58.49:313][276]LogAudioMixer: Display: 	Number of Async Source Workers:		  0
[2020.09.08-13.58.49:313][276]LogAudio: Display: AudioDevice MaxSources: 32
[2020.09.08-13.58.49:313][276]LogAudio: Display: Using built-in audio occlusion.
[2020.09.08-13.58.49:313][276]LogAudioMixer: Display: Initializing audio mixer.
[2020.09.08-13.58.49:314][276]LogAudioMixer: Display: Using Audio Device Unknown
[2020.09.08-13.58.49:316][276]LogInit: FAudioDevice initialized.
[2020.09.08-13.58.49:325][276]LogLoad: Game class is 'Level1GM_C'
[2020.09.08-13.58.49:327][276]LogScript: Warning: Script Msg: Divide by zero detected: 0.000000 / 0
Script call stack:
	Function /Game/ParagonBoris/Characters/Heroes/Boris/Boris_AnimBlueprint.Boris_AnimBlueprint_C:BlueprintUpdateAnimation
	Function /Game/ParagonBoris/Characters/Heroes/Boris/Boris_AnimBlueprint.Boris_AnimBlueprint_C:ExecuteUbergraph_Boris_AnimBlueprint

[2020.09.08-13.58.49:328][276]LogWorld: Bringing World /Game/ThirdPersonBP/Maps/UEDPIE_0_MainLevelMap.MainLevelMap up for play (max tick rate 0) at 2020.09.08-15.58.49
[2020.09.08-13.58.49:329][276]LogWorld: Bringing up level for play took: 0.003214
[2020.09.08-13.58.49:329][276]LogOnline: OSS: Creating online subsystem instance for: :Context_9
[2020.09.08-13.58.49:336][276]LogContentBrowser: Native class hierarchy updated for 'MovieSceneCapture' in 0.0004 seconds. Added 20 classes and 0 folders.
[2020.09.08-13.58.49:339][276]PIE: Play in editor start time for /Game/ThirdPersonBP/Maps/UEDPIE_0_MainLevelMap -0.564
[2020.09.08-13.58.49:339][276]LogBlueprintUserMessages: Late PlayInEditor Detection: Level '/Game/ThirdPersonBP/Maps/MainLevelMap.MainLevelMap:PersistentLevel' has LevelScriptBlueprint '/Game/ThirdPersonBP/Maps/MainLevelMap.MainLevelMap:PersistentLevel.MainLevelMap' with GeneratedClass '/Game/ThirdPersonBP/Maps/MainLevelMap.MainLevelMap_C' with ClassGeneratedBy '/Game/ThirdPersonBP/Maps/MainLevelMap.MainLevelMap:PersistentLevel.MainLevelMap'
[2020.09.08-13.58.51:537][430]LogParticles: Warning: Particle Notify: Particle system is null for particle notify 'PlayParticleEffect' in anim: '/Game/ParagonBoris/Characters/Heroes/Boris/Animations/LevelStart_Montage.LevelStart_Montage'
[2020.09.08-13.58.51:894][463]LogAudioMixer: Display: No commands were queued while flushing the source manager.
[2020.09.08-13.58.51:894][463]LogAudioMixer: Display: No commands were queued while flushing the source manager.
[2020.09.08-13.58.51:894][463]LogBlueprintUserMessages: Early EndPlayMap Detection: Level '/Game/ThirdPersonBP/Maps/MainLevelMap.MainLevelMap:PersistentLevel' has LevelScriptBlueprint '/Game/ThirdPersonBP/Maps/MainLevelMap.MainLevelMap:PersistentLevel.MainLevelMap' with GeneratedClass '/Game/ThirdPersonBP/Maps/MainLevelMap.MainLevelMap_C' with ClassGeneratedBy '/Game/ThirdPersonBP/Maps/MainLevelMap.MainLevelMap:PersistentLevel.MainLevelMap'
[2020.09.08-13.58.51:894][463]LogSlate: Updating window title bar state: overlay mode, drag disabled, window buttons hidden, title bar hidden
[2020.09.08-13.58.51:894][463]LogWorld: BeginTearingDown for /Game/ThirdPersonBP/Maps/UEDPIE_0_MainLevelMap
[2020.09.08-13.58.51:894][463]LogAudioMixer: Display: No commands were queued while flushing the source manager.
[2020.09.08-13.58.51:895][463]LogWorld: UWorld::CleanupWorld for MainLevelMap, bSessionEnded=true, bCleanupResources=true
[2020.09.08-13.58.51:895][463]LogSlate: InvalidateAllWidgets triggered.  All widgets were invalidated
[2020.09.08-13.58.51:908][463]LogPlayLevel: Display: Shutting down PIE online subsystems
[2020.09.08-13.58.51:908][463]LogBlueprintUserMessages: Late EndPlayMap Detection: Level '/Game/ThirdPersonBP/Maps/MainLevelMap.MainLevelMap:PersistentLevel' has LevelScriptBlueprint '/Game/ThirdPersonBP/Maps/MainLevelMap.MainLevelMap:PersistentLevel.MainLevelMap' with GeneratedClass '/Game/ThirdPersonBP/Maps/MainLevelMap.MainLevelMap_C' with ClassGeneratedBy '/Game/ThirdPersonBP/Maps/MainLevelMap.MainLevelMap:PersistentLevel.MainLevelMap'
[2020.09.08-13.58.51:914][463]LogSlate: InvalidateAllWidgets triggered.  All widgets were invalidated
[2020.09.08-13.58.51:972][463]LogAudioMixer: Display: No commands were queued while flushing the source manager.
[2020.09.08-13.58.51:984][463]LogSlate: Updating window title bar state: overlay mode, drag disabled, window buttons hidden, title bar hidden
[2020.09.08-13.58.52:024][463]LogUObjectHash: Compacting FUObjectHashTables data took   5.82ms
[2020.09.08-13.58.52:083][464]LogPlayLevel: Display: Destroying online subsystem :Context_9
[2020.09.08-13.59.03:350][329]BlueprintLog: New page: Compile Level1GM
[2020.09.08-13.59.03:818][329]LogUObjectHash: Compacting FUObjectHashTables data took   5.74ms
[2020.09.08-13.59.03:822][329]LogScript: Warning: Script Msg: Divide by zero detected: 0.000000 / 0
Script call stack:
	Function /Game/ParagonBoris/Characters/Heroes/Boris/Boris_AnimBlueprint.Boris_AnimBlueprint_C:BlueprintUpdateAnimation
	Function /Game/ParagonBoris/Characters/Heroes/Boris/Boris_AnimBlueprint.Boris_AnimBlueprint_C:ExecuteUbergraph_Boris_AnimBlueprint

[2020.09.08-13.59.03:824][329]LogScript: Warning: Script Msg: Divide by zero detected: 0.000000 / 0
Script call stack:
	Function /Game/ParagonBoris/Characters/Heroes/Boris/Boris_AnimBlueprint.Boris_AnimBlueprint_C:BlueprintUpdateAnimation
	Function /Game/ParagonBoris/Characters/Heroes/Boris/Boris_AnimBlueprint.Boris_AnimBlueprint_C:ExecuteUbergraph_Boris_AnimBlueprint

[2020.09.08-13.59.03:826][329]LogScript: Warning: Script Msg: Divide by zero detected: 0.000000 / 0
Script call stack:
	Function /Game/ParagonBoris/Characters/Heroes/Boris/Boris_AnimBlueprint.Boris_AnimBlueprint_C:BlueprintUpdateAnimation
	Function /Game/ParagonBoris/Characters/Heroes/Boris/Boris_AnimBlueprint.Boris_AnimBlueprint_C:ExecuteUbergraph_Boris_AnimBlueprint

[2020.09.08-13.59.03:839][329]LogScript: Warning: Script Msg: Divide by zero detected: 0.000000 / 0
Script call stack:
	Function /Game/ParagonBoris/Characters/Heroes/Boris/Boris_AnimBlueprint.Boris_AnimBlueprint_C:BlueprintUpdateAnimation
	Function /Game/ParagonBoris/Characters/Heroes/Boris/Boris_AnimBlueprint.Boris_AnimBlueprint_C:ExecuteUbergraph_Boris_AnimBlueprint

[2020.09.08-13.59.03:841][329]LogScript: Warning: Script Msg: Divide by zero detected: 0.000000 / 0
Script call stack:
	Function /Game/ParagonBoris/Characters/Heroes/Boris/Boris_AnimBlueprint.Boris_AnimBlueprint_C:BlueprintUpdateAnimation
	Function /Game/ParagonBoris/Characters/Heroes/Boris/Boris_AnimBlueprint.Boris_AnimBlueprint_C:ExecuteUbergraph_Boris_AnimBlueprint

[2020.09.08-13.59.03:843][329]LogScript: Warning: Script Msg: Divide by zero detected: 0.000000 / 0
Script call stack:
	Function /Game/ParagonBoris/Characters/Heroes/Boris/Boris_AnimBlueprint.Boris_AnimBlueprint_C:BlueprintUpdateAnimation
	Function /Game/ParagonBoris/Characters/Heroes/Boris/Boris_AnimBlueprint.Boris_AnimBlueprint_C:ExecuteUbergraph_Boris_AnimBlueprint

[2020.09.08-13.59.04:998][414]LogTemp: Repeating last play command: Selected Viewport
[2020.09.08-13.59.05:033][414]LogBlueprintUserMessages: Early PlayInEditor Detection: Level '/Game/ThirdPersonBP/Maps/MainLevelMap.MainLevelMap:PersistentLevel' has LevelScriptBlueprint '/Game/ThirdPersonBP/Maps/MainLevelMap.MainLevelMap:PersistentLevel.MainLevelMap' with GeneratedClass '/Game/ThirdPersonBP/Maps/MainLevelMap.MainLevelMap_C' with ClassGeneratedBy '/Game/ThirdPersonBP/Maps/MainLevelMap.MainLevelMap:PersistentLevel.MainLevelMap'
[2020.09.08-13.59.05:033][414]LogPlayLevel: PlayLevel: No blueprints needed recompiling
[2020.09.08-13.59.05:033][414]PIE: New page: PIE session: MainLevelMap (Sep 8, 2020, 5:59:05 PM)
[2020.09.08-13.59.05:033][414]LogPlayLevel: Creating play world package: /Game/ThirdPersonBP/Maps/UEDPIE_0_MainLevelMap
[2020.09.08-13.59.05:046][414]LogPlayLevel: PIE: StaticDuplicateObject took: (0.013228s)
[2020.09.08-13.59.05:048][414]LogAIModule: Creating AISystem for world MainLevelMap
[2020.09.08-13.59.05:048][414]LogPlayLevel: PIE: World Init took: (0.001463s)
[2020.09.08-13.59.05:048][414]LogPlayLevel: PIE: Created PIE world by copying editor world from /Game/ThirdPersonBP/Maps/MainLevelMap.MainLevelMap to /Game/ThirdPersonBP/Maps/UEDPIE_0_MainLevelMap.MainLevelMap (0.014902s)
[2020.09.08-13.59.05:106][414]LogUObjectHash: Compacting FUObjectHashTables data took   5.60ms
[2020.09.08-13.59.05:107][414]LogAudioMixer: Display: Audio Mixer Platform Settings:
[2020.09.08-13.59.05:107][414]LogAudioMixer: Display: 	Sample Rate:						  48000
[2020.09.08-13.59.05:107][414]LogAudioMixer: Display: 	Callback Buffer Frame Size Requested: 1024
[2020.09.08-13.59.05:107][414]LogAudioMixer: Display: 	Callback Buffer Frame Size To Use:	  1024
[2020.09.08-13.59.05:107][414]LogAudioMixer: Display: 	Number of buffers to queue:			  2
[2020.09.08-13.59.05:107][414]LogAudioMixer: Display: 	Max Channels (voices):				  32
[2020.09.08-13.59.05:107][414]LogAudioMixer: Display: 	Number of Async Source Workers:		  0
[2020.09.08-13.59.05:107][414]LogAudio: Display: AudioDevice MaxSources: 32
[2020.09.08-13.59.05:107][414]LogAudio: Display: Using built-in audio occlusion.
[2020.09.08-13.59.05:108][414]LogAudioMixer: Display: Initializing audio mixer.
[2020.09.08-13.59.05:109][414]LogAudioMixer: Display: Using Audio Device Unknown
[2020.09.08-13.59.05:111][414]LogInit: FAudioDevice initialized.
[2020.09.08-13.59.05:119][414]LogLoad: Game class is 'Level1GM_C'
[2020.09.08-13.59.05:122][414]LogScript: Warning: Script Msg: Divide by zero detected: 0.000000 / 0
Script call stack:
	Function /Game/ParagonBoris/Characters/Heroes/Boris/Boris_AnimBlueprint.Boris_AnimBlueprint_C:BlueprintUpdateAnimation
	Function /Game/ParagonBoris/Characters/Heroes/Boris/Boris_AnimBlueprint.Boris_AnimBlueprint_C:ExecuteUbergraph_Boris_AnimBlueprint

[2020.09.08-13.59.05:122][414]LogWorld: Bringing World /Game/ThirdPersonBP/Maps/UEDPIE_0_MainLevelMap.MainLevelMap up for play (max tick rate 0) at 2020.09.08-15.59.05
[2020.09.08-13.59.05:123][414]LogWorld: Bringing up level for play took: 0.002845
[2020.09.08-13.59.05:123][414]LogOnline: OSS: Creating online subsystem instance for: :Context_10
[2020.09.08-13.59.05:127][414]PIE: Play in editor start time for /Game/ThirdPersonBP/Maps/UEDPIE_0_MainLevelMap -0.777
[2020.09.08-13.59.05:127][414]LogBlueprintUserMessages: Late PlayInEditor Detection: Level '/Game/ThirdPersonBP/Maps/MainLevelMap.MainLevelMap:PersistentLevel' has LevelScriptBlueprint '/Game/ThirdPersonBP/Maps/MainLevelMap.MainLevelMap:PersistentLevel.MainLevelMap' with GeneratedClass '/Game/ThirdPersonBP/Maps/MainLevelMap.MainLevelMap_C' with ClassGeneratedBy '/Game/ThirdPersonBP/Maps/MainLevelMap.MainLevelMap:PersistentLevel.MainLevelMap'
[2020.09.08-13.59.07:351][584]LogParticles: Warning: Particle Notify: Particle system is null for particle notify 'PlayParticleEffect' in anim: '/Game/ParagonBoris/Characters/Heroes/Boris/Animations/LevelStart_Montage.LevelStart_Montage'
[2020.09.08-13.59.10:460][829]LogSlate: Updating window title bar state: overlay mode, drag disabled, window buttons hidden, title bar hidden
[2020.09.08-13.59.11:453][907]LogSlate: Updating window title bar state: overlay mode, drag disabled, window buttons hidden, title bar hidden
[2020.09.08-13.59.21:566][696]LogSlate: Updating window title bar state: overlay mode, drag disabled, window buttons hidden, title bar hidden
[2020.09.08-13.59.24:561][927]LogScript: Warning: Accessed None trying to read property CallFunc_GetBlackboard_ReturnValue
	SK_Wolf_Blueprint_C /Game/ThirdPersonBP/Maps/UEDPIE_0_MainLevelMap.MainLevelMap:PersistentLevel.SK_Wolf_Blueprint
	Function /Game/AnimalVarietyPack/Wolf/SK_Wolf_Blueprint.SK_Wolf_Blueprint_C:SetIsChassingPlayer:0058
[2020.09.08-13.59.24:561][927]PIE: Error: Blueprint Runtime Error: "Accessed None trying to read property CallFunc_GetBlackboard_ReturnValue". Blueprint:  SK_Wolf_Blueprint Function:  Set Is Chassing Player Graph:  SetIsChassingPlayer Node:  Set Value as Bool
[2020.09.08-13.59.24:561][927]LogScript: Warning: Accessed None trying to read property CallFunc_GetBlackboard_ReturnValue
	SK_Wolf_Blueprint_C /Game/ThirdPersonBP/Maps/UEDPIE_0_MainLevelMap.MainLevelMap:PersistentLevel.SK_Wolf_Blueprint
	Function /Game/AnimalVarietyPack/Wolf/SK_Wolf_Blueprint.SK_Wolf_Blueprint_C:SetTarget:0058
[2020.09.08-13.59.24:561][927]PIE: Error: Blueprint Runtime Error: "Accessed None trying to read property CallFunc_GetBlackboard_ReturnValue". Blueprint:  SK_Wolf_Blueprint Function:  Set Target Graph:  SetTarget Node:  Set Value as Object
[2020.09.08-13.59.28:267][223]LogSlate: Updating window title bar state: overlay mode, drag disabled, window buttons hidden, title bar hidden
[2020.09.08-13.59.46:789][689]LogAudioMixer: Display: No commands were queued while flushing the source manager.
[2020.09.08-13.59.46:796][689]LogAudioMixer: Display: Flush succeeded in the source manager command queue (1).
[2020.09.08-13.59.46:817][689]LogAudioMixer: Display: Flush succeeded the source manager command queue (2).
[2020.09.08-13.59.46:817][689]LogBlueprintUserMessages: Early EndPlayMap Detection: Level '/Game/ThirdPersonBP/Maps/MainLevelMap.MainLevelMap:PersistentLevel' has LevelScriptBlueprint '/Game/ThirdPersonBP/Maps/MainLevelMap.MainLevelMap:PersistentLevel.MainLevelMap' with GeneratedClass '/Game/ThirdPersonBP/Maps/MainLevelMap.MainLevelMap_C' with ClassGeneratedBy '/Game/ThirdPersonBP/Maps/MainLevelMap.MainLevelMap:PersistentLevel.MainLevelMap'
[2020.09.08-13.59.46:817][689]LogSlate: Updating window title bar state: overlay mode, drag disabled, window buttons hidden, title bar hidden
[2020.09.08-13.59.46:817][689]LogWorld: BeginTearingDown for /Game/ThirdPersonBP/Maps/UEDPIE_0_MainLevelMap
[2020.09.08-13.59.46:817][689]LogAudioMixer: Display: No commands were queued while flushing the source manager.
[2020.09.08-13.59.46:817][689]LogWorld: UWorld::CleanupWorld for MainLevelMap, bSessionEnded=true, bCleanupResources=true
[2020.09.08-13.59.46:817][689]LogSlate: InvalidateAllWidgets triggered.  All widgets were invalidated
[2020.09.08-13.59.46:832][689]LogPlayLevel: Display: Shutting down PIE online subsystems
[2020.09.08-13.59.46:832][689]LogBlueprintUserMessages: Late EndPlayMap Detection: Level '/Game/ThirdPersonBP/Maps/MainLevelMap.MainLevelMap:PersistentLevel' has LevelScriptBlueprint '/Game/ThirdPersonBP/Maps/MainLevelMap.MainLevelMap:PersistentLevel.MainLevelMap' with GeneratedClass '/Game/ThirdPersonBP/Maps/MainLevelMap.MainLevelMap_C' with ClassGeneratedBy '/Game/ThirdPersonBP/Maps/MainLevelMap.MainLevelMap:PersistentLevel.MainLevelMap'
[2020.09.08-13.59.46:839][689]LogSlate: InvalidateAllWidgets triggered.  All widgets were invalidated
[2020.09.08-13.59.46:887][689]LogAudioMixer: Display: No commands were queued while flushing the source manager.
[2020.09.08-13.59.46:902][689]LogSlate: Updating window title bar state: overlay mode, drag disabled, window buttons hidden, title bar hidden
[2020.09.08-13.59.46:908][689]LogUObjectHash: Compacting FUObjectHashTables data took   4.09ms
[2020.09.08-13.59.47:023][690]LogPlayLevel: Display: Destroying online subsystem :Context_10
[2020.09.08-13.59.59:300][609]LogSlate: Window 'Message Log' being destroyed
[2020.09.08-13.59.59:305][609]LogSlate: Window 'Message Log' being destroyed
[2020.09.08-14.00.06:159][107]LogEditorViewport: Clicking on Actor (LMB): StaticMeshActor (Floor)
[2020.09.08-14.00.06:781][153]LogUObjectHash: Compacting FUObjectHashTables data took   1.14ms
[2020.09.08-14.00.07:611][153]LogSlate: Window 'Save Content' being destroyed
[2020.09.08-14.00.07:672][153]LogSavePackage: Moving '../../../../../../Users/j.six/Documents/UnrealPlatformerBluePrint/PlatformerBP/Saved/Level1GM040EB6A64904C2FB85A4E49E4C63A603.tmp' to '../../../../../../Users/j.six/Documents/UnrealPlatformerBluePrint/PlatformerBP/Content/ThirdPersonBP/Blueprints/GameMode/Level1GM.uasset'
[2020.09.08-14.00.07:724][153]LogUObjectHash: Compacting FUObjectHashTables data took   1.14ms
[2020.09.08-14.00.08:112][153]LogSavePackage: Moving '../../../../../../Users/j.six/Documents/UnrealPlatformerBluePrint/PlatformerBP/Saved/MainLevelMap41EF6A314957409EEB6FDBA148F4FCAF.tmp' to '../../../../../../Users/j.six/Documents/UnrealPlatformerBluePrint/PlatformerBP/Content/ThirdPersonBP/Maps/MainLevelMap.umap'
[2020.09.08-14.00.08:157][153]LogFileHelpers: Saving map 'MainLevelMap' took 0.482
[2020.09.08-14.00.08:176][153]AssetCheck: New page: Asset Save: multiple assets
[2020.09.08-14.00.08:176][153]LogContentValidation: Display: Validating Blueprint /Game/ThirdPersonBP/Blueprints/GameMode/Level1GM.Level1GM
[2020.09.08-14.00.08:176][153]LogContentValidation: Display: Validating World /Game/ThirdPersonBP/Maps/MainLevelMap.MainLevelMap
