Log file open, 09/04/20 11:10:07
LogWindows: Failed to load 'aqProf.dll' (GetLastError=126)
LogWindows: File 'aqProf.dll' does not exist
LogWindows: Failed to load 'VtuneApi.dll' (GetLastError=126)
LogWindows: File 'VtuneApi.dll' does not exist
LogWindows: Failed to load 'VtuneApi32e.dll' (GetLastError=126)
LogWindows: File 'VtuneApi32e.dll' does not exist
LogConsoleResponse: Display: Failed to find resolution value strings in scalability ini. Falling back to default.
LogInit: Display: Running engine for game: PlatformerBP
LogPlatformFile: Not using cached read wrapper
LogTaskGraph: Started task graph with 5 named threads and 14 total threads with 3 sets of task threads.
LogStats: Stats thread started at 0.096248
LogD3D11RHI: Loaded GFSDK_Aftermath_Lib.x64.dll
LogICUInternationalization: ICU TimeZone Detection - Raw Offset: +1:00, Platform Override: ''
LogPluginManager: Mounting plugin Paper2D
LogPluginManager: Mounting plugin AISupport
LogPluginManager: Mounting plugin LightPropagationVolume
LogPluginManager: Mounting plugin ActorLayerUtilities
LogPluginManager: Mounting plugin AnimationSharing
LogPluginManager: Mounting plugin CLionSourceCodeAccess
LogPluginManager: Mounting plugin CodeLiteSourceCodeAccess
LogPluginManager: Mounting plugin GitSourceControl
LogPluginManager: Mounting plugin KDevelopSourceCodeAccess
LogPluginManager: Mounting plugin NullSourceCodeAccess
LogPluginManager: Mounting plugin PerforceSourceControl
LogPluginManager: Mounting plugin PlasticSourceControl
LogPluginManager: Mounting plugin SubversionSourceControl
LogPluginManager: Mounting plugin UObjectPlugin
LogPluginManager: Mounting plugin VisualStudioCodeSourceCodeAccess
LogPluginManager: Mounting plugin VisualStudioSourceCodeAccess
LogPluginManager: Mounting plugin XCodeSourceCodeAccess
LogPluginManager: Mounting plugin AssetManagerEditor
LogPluginManager: Mounting plugin CryptoKeys
LogPluginManager: Mounting plugin CurveEditorTools
LogPluginManager: Mounting plugin DataValidation
LogPluginManager: Mounting plugin FacialAnimation
LogPluginManager: Mounting plugin GameplayTagsEditor
LogPluginManager: Mounting plugin MacGraphicsSwitching
LogPluginManager: Mounting plugin MaterialAnalyzer
LogPluginManager: Mounting plugin MobileLauncherProfileWizard
LogPluginManager: Mounting plugin PluginBrowser
LogPluginManager: Mounting plugin SpeedTreeImporter
LogPluginManager: Mounting plugin DatasmithContent
LogPluginManager: Mounting plugin VariantManagerContent
LogPluginManager: Mounting plugin AlembicImporter
LogPluginManager: Mounting plugin AutomationUtils
LogPluginManager: Mounting plugin BackChannel
LogPluginManager: Mounting plugin CharacterAI
LogPluginManager: Mounting plugin GeometryCache
LogPluginManager: Mounting plugin PlatformCrypto
LogPluginManager: Mounting plugin ProxyLODPlugin
LogPluginManager: Mounting plugin SkeletalReduction
LogPluginManager: Mounting plugin MagicLeap
LogPluginManager: Mounting plugin MagicLeapMedia
LogPluginManager: Mounting plugin MLSDK
LogPluginManager: Mounting plugin AndroidMedia
LogPluginManager: Mounting plugin AvfMedia
LogPluginManager: Mounting plugin ImgMedia
LogPluginManager: Mounting plugin MediaCompositing
LogPluginManager: Mounting plugin MediaPlayerEditor
LogPluginManager: Mounting plugin WebMMedia
LogPluginManager: Mounting plugin WmfMedia
LogPluginManager: Mounting plugin TcpMessaging
LogPluginManager: Mounting plugin UdpMessaging
LogPluginManager: Mounting plugin ActorSequence
LogPluginManager: Mounting plugin LevelSequenceEditor
LogPluginManager: Mounting plugin MatineeToLevelSequence
LogPluginManager: Mounting plugin NetcodeUnitTest
LogPluginManager: Mounting plugin NUTUnrealEngine4
LogPluginManager: Mounting plugin OnlineSubsystemGooglePlay
LogPluginManager: Mounting plugin OnlineSubsystemIOS
LogPluginManager: Mounting plugin OnlineSubsystem
LogPluginManager: Mounting plugin OnlineSubsystemNull
LogPluginManager: Mounting plugin OnlineSubsystemUtils
LogPluginManager: Mounting plugin LauncherChunkInstaller
LogPluginManager: Mounting plugin AndroidDeviceProfileSelector
LogPluginManager: Mounting plugin AndroidMoviePlayer
LogPluginManager: Mounting plugin AndroidPermission
LogPluginManager: Mounting plugin AppleImageUtils
LogPluginManager: Mounting plugin AppleMoviePlayer
LogPluginManager: Mounting plugin ArchVisCharacter
LogPluginManager: Mounting plugin AssetTags
LogPluginManager: Mounting plugin AudioCapture
LogPluginManager: Mounting plugin CableComponent
LogPluginManager: Mounting plugin CustomMeshComponent
LogPluginManager: Mounting plugin EditableMesh
LogPluginManager: Mounting plugin ExampleDeviceProfileSelector
LogPluginManager: Mounting plugin GoogleCloudMessaging
LogPluginManager: Mounting plugin IOSDeviceProfileSelector
LogPluginManager: Mounting plugin LinuxDeviceProfileSelector
LogPluginManager: Mounting plugin LocationServicesBPLibrary
LogPluginManager: Mounting plugin MobilePatchingUtils
LogPluginManager: Mounting plugin OculusVR
LogPluginManager: Mounting plugin PhysXVehicles
LogPluginManager: Mounting plugin PostSplashScreen
LogPluginManager: Mounting plugin ProceduralMeshComponent
LogPluginManager: Mounting plugin RuntimePhysXCooking
LogPluginManager: Mounting plugin SignificanceManager
LogPluginManager: Mounting plugin SteamVR
LogPluginManager: Mounting plugin WebMMoviePlayer
LogPluginManager: Mounting plugin WindowsMoviePlayer
LogPluginManager: Mounting plugin ScreenshotTools
LogInit: Using libcurl 7.55.1-DEV
LogInit:  - built for x86_64-pc-win32
LogInit:  - supports SSL with OpenSSL/1.1.1
LogInit:  - supports HTTP deflate (compression) using libz 1.2.8
LogInit:  - other features:
LogInit:      CURL_VERSION_SSL
LogInit:      CURL_VERSION_LIBZ
LogInit:      CURL_VERSION_IPV6
LogInit:      CURL_VERSION_ASYNCHDNS
LogInit:      CURL_VERSION_LARGEFILE
LogInit:      CURL_VERSION_IDN
LogInit:  CurlRequestOptions (configurable via config and command line):
LogInit:  - bVerifyPeer = true  - Libcurl will verify peer certificate
LogInit:  - bUseHttpProxy = false  - Libcurl will NOT use HTTP proxy
LogInit:  - bDontReuseConnections = false  - Libcurl will reuse connections
LogInit:  - MaxHostConnections = 16  - Libcurl will limit the number of connections to a host
LogInit:  - LocalHostAddr = Default
LogInit:  - BufferSize = 65536
LogOnline: OSS: Creating online subsystem instance for: NULL
LogInit: WinSock: version 1.1 (2.2), MaxSocks=32767, MaxUdp=65467
LogOnline: OSS: TryLoadSubsystemAndSetDefault: Loaded subsystem for module [NULL]
LogInit: Build: ++UE4+Release-4.24-CL-11590370
LogInit: Engine Version: 4.24.3-11590370+++UE4+Release-4.24
LogInit: Compatible Engine Version: 4.24.0-10570792+++UE4+Release-4.24
LogInit: Net CL: 10570792
LogInit: OS: Windows 10 (Release 2004) (), CPU: Intel(R) Core(TM) i5-6400T CPU @ 2.20GHz, GPU: NVIDIA GeForce GTX 1070
LogInit: Compiled (64-bit): Feb 24 2020 15:39:18
LogInit: Compiled with Visual C++: 19.16.27032.01
LogInit: Build Configuration: Development
LogInit: Branch Name: ++UE4+Release-4.24
LogInit: Command Line:  -EpicPortal -epicusername=Renardjojo -epicuserid=c2083b18b757439092d3986a165a332f -epiclocale=fr
LogInit: Base Directory: C:/Program Files/Epic Games/UE_4.24/Engine/Binaries/Win64/
LogInit: Installed Engine Build: 1
LogDevObjectVersion: Number of dev versions registered: 25
LogDevObjectVersion:   Dev-Blueprints (B0D832E4-1F89-4F0D-ACCF-7EB736FD4AA2): 10
LogDevObjectVersion:   Dev-Build (E1C64328-A22C-4D53-A36C-8E866417BD8C): 0
LogDevObjectVersion:   Dev-Core (375EC13C-06E4-48FB-B500-84F0262A717E): 3
LogDevObjectVersion:   Dev-Editor (E4B068ED-F494-42E9-A231-DA0B2E46BB41): 37
LogDevObjectVersion:   Dev-Framework (CFFC743F-43B0-4480-9391-14DF171D2073): 36
LogDevObjectVersion:   Dev-Mobile (B02B49B5-BB20-44E9-A304-32B752E40360): 2
LogDevObjectVersion:   Dev-Networking (A4E4105C-59A1-49B5-A7C5-40C4547EDFEE): 0
LogDevObjectVersion:   Dev-Online (39C831C9-5AE6-47DC-9A44-9C173E1C8E7C): 0
LogDevObjectVersion:   Dev-Physics (78F01B33-EBEA-4F98-B9B4-84EACCB95AA2): 2
LogDevObjectVersion:   Dev-Platform (6631380F-2D4D-43E0-8009-CF276956A95A): 0
LogDevObjectVersion:   Dev-Rendering (12F88B9F-8875-4AFC-A67C-D90C383ABD29): 36
LogDevObjectVersion:   Dev-Sequencer (7B5AE74C-D270-4C10-A958-57980B212A5A): 11
LogDevObjectVersion:   Dev-VR (D7296918-1DD6-4BDD-9DE2-64A83CC13884): 2
LogDevObjectVersion:   Dev-LoadTimes (C2A15278-BFE7-4AFE-6C17-90FF531DF755): 1
LogDevObjectVersion:   Private-Geometry (6EACA3D4-40EC-4CC1-B786-8BED09428FC5): 3
LogDevObjectVersion:   Dev-AnimPhys (29E575DD-E0A3-4627-9D10-D276232CDCEA): 17
LogDevObjectVersion:   Dev-Anim (AF43A65D-7FD3-4947-9873-3E8ED9C1BB05): 2
LogDevObjectVersion:   Dev-ReflectionCapture (6B266CEC-1EC7-4B8F-A30B-E4D90942FC07): 1
LogDevObjectVersion:   Dev-Automation (0DF73D61-A23F-47EA-B727-89E90C41499A): 1
LogDevObjectVersion:   FortniteMain (601D1886-AC64-4F84-AA16-D3DE0DEAC7D6): 31
LogDevObjectVersion:   Dev-Enterprise (9DFFBCD6-494F-0158-E221-12823C92A888): 8
LogDevObjectVersion:   Dev-Niagara (F2AED0AC-9AFE-416F-8664-AA7FFA26D6FC): 1
LogDevObjectVersion:   Dev-Destruction (174F1F0B-B4C6-45A5-B13F-2EE8D0FB917D): 9
LogDevObjectVersion:   Dev-Physics-Ext (35F94A83-E258-406C-A318-09F59610247C): 8
LogDevObjectVersion:   Dev-CineCamera (B2E18506-4273-CFC2-A54E-F4BB758BBA07): 1
LogInit: Presizing for max 25165824 objects, including 0 objects not considered by GC, pre-allocating 0 bytes for permanent pool.
LogInit: Object subsystem initialized
LogConfig: Setting CVar [[con.DebugEarlyDefault:1]]
LogConfig: Setting CVar [[r.setres:1280x720]]
[2020.09.04-09.10.07:933][  0]LogConfig: Setting CVar [[r.VSync:0]]
[2020.09.04-09.10.07:933][  0]LogConfig: Setting CVar [[r.RHICmdBypass:0]]
[2020.09.04-09.10.07:933][  0]LogConfig: Applying CVar settings from Section [/Script/Engine.RendererSettings] File [C:/Users/j.six/Documents/UnrealPlatformerBluePrint/PlatformerBP/Saved/Config/Windows/Engine.ini]
[2020.09.04-09.10.07:933][  0]LogConfig: Setting CVar [[r.GPUCrashDebugging:0]]
[2020.09.04-09.10.07:933][  0]LogConfig: Applying CVar settings from Section [/Script/Engine.RendererOverrideSettings] File [C:/Users/j.six/Documents/UnrealPlatformerBluePrint/PlatformerBP/Saved/Config/Windows/Engine.ini]
[2020.09.04-09.10.07:933][  0]LogConfig: Applying CVar settings from Section [/Script/Engine.StreamingSettings] File [C:/Users/j.six/Documents/UnrealPlatformerBluePrint/PlatformerBP/Saved/Config/Windows/Engine.ini]
[2020.09.04-09.10.07:933][  0]LogConfig: Setting CVar [[s.MinBulkDataSizeForAsyncLoading:131072]]
[2020.09.04-09.10.07:933][  0]LogConfig: Setting CVar [[s.AsyncLoadingThreadEnabled:0]]
[2020.09.04-09.10.07:933][  0]LogConfig: Setting CVar [[s.EventDrivenLoaderEnabled:1]]
[2020.09.04-09.10.07:933][  0]LogConfig: Setting CVar [[s.WarnIfTimeLimitExceeded:0]]
[2020.09.04-09.10.07:933][  0]LogConfig: Setting CVar [[s.TimeLimitExceededMultiplier:1.5]]
[2020.09.04-09.10.07:933][  0]LogConfig: Setting CVar [[s.TimeLimitExceededMinTime:0.005]]
[2020.09.04-09.10.07:933][  0]LogConfig: Setting CVar [[s.UseBackgroundLevelStreaming:1]]
[2020.09.04-09.10.07:933][  0]LogConfig: Setting CVar [[s.PriorityAsyncLoadingExtraTime:15.0]]
[2020.09.04-09.10.07:933][  0]LogConfig: Setting CVar [[s.LevelStreamingActorsUpdateTimeLimit:5.0]]
[2020.09.04-09.10.07:933][  0]LogConfig: Setting CVar [[s.PriorityLevelStreamingActorsUpdateExtraTime:5.0]]
[2020.09.04-09.10.07:933][  0]LogConfig: Setting CVar [[s.LevelStreamingComponentsRegistrationGranularity:10]]
[2020.09.04-09.10.07:933][  0]LogConfig: Setting CVar [[s.UnregisterComponentsTimeLimit:1.0]]
[2020.09.04-09.10.07:933][  0]LogConfig: Setting CVar [[s.LevelStreamingComponentsUnregistrationGranularity:5]]
[2020.09.04-09.10.07:933][  0]LogConfig: Setting CVar [[s.FlushStreamingOnExit:1]]
[2020.09.04-09.10.07:933][  0]LogConfig: Applying CVar settings from Section [/Script/Engine.GarbageCollectionSettings] File [C:/Users/j.six/Documents/UnrealPlatformerBluePrint/PlatformerBP/Saved/Config/Windows/Engine.ini]
[2020.09.04-09.10.07:933][  0]LogConfig: Setting CVar [[gc.MaxObjectsNotConsideredByGC:1]]
[2020.09.04-09.10.07:933][  0]LogConfig: Setting CVar [[gc.SizeOfPermanentObjectPool:0]]
[2020.09.04-09.10.07:933][  0]LogConfig: Setting CVar [[gc.FlushStreamingOnGC:0]]
[2020.09.04-09.10.07:933][  0]LogConfig: Setting CVar [[gc.NumRetriesBeforeForcingGC:10]]
[2020.09.04-09.10.07:933][  0]LogConfig: Setting CVar [[gc.AllowParallelGC:1]]
[2020.09.04-09.10.07:933][  0]LogConfig: Setting CVar [[gc.TimeBetweenPurgingPendingKillObjects:61.1]]
[2020.09.04-09.10.07:933][  0]LogConfig: Setting CVar [[gc.MaxObjectsInEditor:25165824]]
[2020.09.04-09.10.07:933][  0]LogConfig: Setting CVar [[gc.IncrementalBeginDestroyEnabled:1]]
[2020.09.04-09.10.07:933][  0]LogConfig: Setting CVar [[gc.CreateGCClusters:1]]
[2020.09.04-09.10.07:933][  0]LogConfig: Setting CVar [[gc.MinGCClusterSize:5]]
[2020.09.04-09.10.07:933][  0]LogConfig: Setting CVar [[gc.ActorClusteringEnabled:0]]
[2020.09.04-09.10.07:933][  0]LogConfig: Setting CVar [[gc.BlueprintClusteringEnabled:0]]
[2020.09.04-09.10.07:933][  0]LogConfig: Setting CVar [[gc.UseDisregardForGCOnDedicatedServers:0]]
[2020.09.04-09.10.07:933][  0]LogConfig: Applying CVar settings from Section [/Script/Engine.NetworkSettings] File [C:/Users/j.six/Documents/UnrealPlatformerBluePrint/PlatformerBP/Saved/Config/Windows/Engine.ini]
[2020.09.04-09.10.07:933][  0]LogConfig: Applying CVar settings from Section [/Script/UnrealEd.CookerSettings] File [C:/Users/j.six/Documents/UnrealPlatformerBluePrint/PlatformerBP/Saved/Config/Windows/Engine.ini]
[2020.09.04-09.10.07:938][  0]LogConfig: Applying CVar settings from Section [ViewDistanceQuality@3] File [C:/Users/j.six/Documents/UnrealPlatformerBluePrint/PlatformerBP/Saved/Config/Windows/Scalability.ini]
[2020.09.04-09.10.07:938][  0]LogConfig: Setting CVar [[r.SkeletalMeshLODBias:0]]
[2020.09.04-09.10.07:938][  0]LogConfig: Setting CVar [[r.ViewDistanceScale:1.0]]
[2020.09.04-09.10.07:938][  0]LogConfig: Applying CVar settings from Section [AntiAliasingQuality@3] File [C:/Users/j.six/Documents/UnrealPlatformerBluePrint/PlatformerBP/Saved/Config/Windows/Scalability.ini]
[2020.09.04-09.10.07:938][  0]LogConfig: Setting CVar [[r.PostProcessAAQuality:4]]
[2020.09.04-09.10.07:938][  0]LogConfig: Applying CVar settings from Section [ShadowQuality@3] File [C:/Users/j.six/Documents/UnrealPlatformerBluePrint/PlatformerBP/Saved/Config/Windows/Scalability.ini]
[2020.09.04-09.10.07:938][  0]LogConfig: Setting CVar [[r.LightFunctionQuality:1]]
[2020.09.04-09.10.07:938][  0]LogConfig: Setting CVar [[r.ShadowQuality:5]]
[2020.09.04-09.10.07:938][  0]LogConfig: Setting CVar [[r.Shadow.CSM.MaxCascades:10]]
[2020.09.04-09.10.07:938][  0]LogConfig: Setting CVar [[r.Shadow.MaxResolution:2048]]
[2020.09.04-09.10.07:938][  0]LogConfig: Setting CVar [[r.Shadow.MaxCSMResolution:2048]]
[2020.09.04-09.10.07:939][  0]LogConfig: Setting CVar [[r.Shadow.RadiusThreshold:0.01]]
[2020.09.04-09.10.07:939][  0]LogConfig: Setting CVar [[r.Shadow.DistanceScale:1.0]]
[2020.09.04-09.10.07:939][  0]LogConfig: Setting CVar [[r.Shadow.CSM.TransitionScale:1.0]]
[2020.09.04-09.10.07:939][  0]LogConfig: Setting CVar [[r.Shadow.PreShadowResolutionFactor:1.0]]
[2020.09.04-09.10.07:939][  0]LogConfig: Setting CVar [[r.DistanceFieldShadowing:1]]
[2020.09.04-09.10.07:939][  0]LogConfig: Setting CVar [[r.DistanceFieldAO:1]]
[2020.09.04-09.10.07:939][  0]LogConfig: Setting CVar [[r.AOQuality:2]]
[2020.09.04-09.10.07:939][  0]LogConfig: Setting CVar [[r.VolumetricFog:1]]
[2020.09.04-09.10.07:939][  0]LogConfig: Setting CVar [[r.VolumetricFog.GridPixelSize:8]]
[2020.09.04-09.10.07:939][  0]LogConfig: Setting CVar [[r.VolumetricFog.GridSizeZ:128]]
[2020.09.04-09.10.07:939][  0]LogConfig: Setting CVar [[r.VolumetricFog.HistoryMissSupersampleCount:4]]
[2020.09.04-09.10.07:939][  0]LogConfig: Setting CVar [[r.LightMaxDrawDistanceScale:1]]
[2020.09.04-09.10.07:939][  0]LogConfig: Setting CVar [[r.CapsuleShadows:1]]
[2020.09.04-09.10.07:939][  0]LogConfig: Applying CVar settings from Section [PostProcessQuality@3] File [C:/Users/j.six/Documents/UnrealPlatformerBluePrint/PlatformerBP/Saved/Config/Windows/Scalability.ini]
[2020.09.04-09.10.07:939][  0]LogConfig: Setting CVar [[r.MotionBlurQuality:4]]
[2020.09.04-09.10.07:939][  0]LogConfig: Setting CVar [[r.AmbientOcclusionMipLevelFactor:0.4]]
[2020.09.04-09.10.07:939][  0]LogConfig: Setting CVar [[r.AmbientOcclusionMaxQuality:100]]
[2020.09.04-09.10.07:939][  0]LogConfig: Setting CVar [[r.AmbientOcclusionLevels:-1]]
[2020.09.04-09.10.07:939][  0]LogConfig: Setting CVar [[r.AmbientOcclusionRadiusScale:1.0]]
[2020.09.04-09.10.07:939][  0]LogConfig: Setting CVar [[r.DepthOfFieldQuality:2]]
[2020.09.04-09.10.07:939][  0]LogConfig: Setting CVar [[r.RenderTargetPoolMin:400]]
[2020.09.04-09.10.07:939][  0]LogConfig: Setting CVar [[r.LensFlareQuality:2]]
[2020.09.04-09.10.07:939][  0]LogConfig: Setting CVar [[r.SceneColorFringeQuality:1]]
[2020.09.04-09.10.07:939][  0]LogConfig: Setting CVar [[r.EyeAdaptationQuality:2]]
[2020.09.04-09.10.07:939][  0]LogConfig: Setting CVar [[r.BloomQuality:5]]
[2020.09.04-09.10.07:939][  0]LogConfig: Setting CVar [[r.FastBlurThreshold:100]]
[2020.09.04-09.10.07:939][  0]LogConfig: Setting CVar [[r.Upscale.Quality:3]]
[2020.09.04-09.10.07:939][  0]LogConfig: Setting CVar [[r.Tonemapper.GrainQuantization:1]]
[2020.09.04-09.10.07:939][  0]LogConfig: Setting CVar [[r.LightShaftQuality:1]]
[2020.09.04-09.10.07:939][  0]LogConfig: Setting CVar [[r.Filter.SizeScale:1]]
[2020.09.04-09.10.07:939][  0]LogConfig: Setting CVar [[r.Tonemapper.Quality:5]]
[2020.09.04-09.10.07:939][  0]LogConfig: Setting CVar [[r.DOF.Gather.AccumulatorQuality:1        ; higher gathering accumulator quality]]
[2020.09.04-09.10.07:939][  0]LogConfig: Setting CVar [[r.DOF.Gather.PostfilterMethod:1          ; Median3x3 postfilering method]]
[2020.09.04-09.10.07:939][  0]LogConfig: Setting CVar [[r.DOF.Gather.EnableBokehSettings:0       ; no bokeh simulation when gathering]]
[2020.09.04-09.10.07:939][  0]LogConfig: Setting CVar [[r.DOF.Gather.RingCount:4                 ; medium number of samples when gathering]]
[2020.09.04-09.10.07:939][  0]LogConfig: Setting CVar [[r.DOF.Scatter.ForegroundCompositing:1    ; additive foreground scattering]]
[2020.09.04-09.10.07:939][  0]LogConfig: Setting CVar [[r.DOF.Scatter.BackgroundCompositing:2    ; additive background scattering]]
[2020.09.04-09.10.07:939][  0]LogConfig: Setting CVar [[r.DOF.Scatter.EnableBokehSettings:1      ; bokeh simulation when scattering]]
[2020.09.04-09.10.07:939][  0]LogConfig: Setting CVar [[r.DOF.Scatter.MaxSpriteRatio:0.1         ; only a maximum of 10% of scattered bokeh]]
[2020.09.04-09.10.07:939][  0]LogConfig: Setting CVar [[r.DOF.Recombine.Quality:1                ; cheap slight out of focus]]
[2020.09.04-09.10.07:939][  0]LogConfig: Setting CVar [[r.DOF.Recombine.EnableBokehSettings:0    ; no bokeh simulation on slight out of focus]]
[2020.09.04-09.10.07:939][  0]LogConfig: Setting CVar [[r.DOF.TemporalAAQuality:1                ; more stable temporal accumulation]]
[2020.09.04-09.10.07:939][  0]LogConfig: Setting CVar [[r.DOF.Kernel.MaxForegroundRadius:0.025]]
[2020.09.04-09.10.07:939][  0]LogConfig: Setting CVar [[r.DOF.Kernel.MaxBackgroundRadius:0.025]]
[2020.09.04-09.10.07:939][  0]LogConfig: Applying CVar settings from Section [TextureQuality@3] File [C:/Users/j.six/Documents/UnrealPlatformerBluePrint/PlatformerBP/Saved/Config/Windows/Scalability.ini]
[2020.09.04-09.10.07:939][  0]LogConfig: Setting CVar [[r.Streaming.MipBias:0]]
[2020.09.04-09.10.07:939][  0]LogConfig: Setting CVar [[r.Streaming.AmortizeCPUToGPUCopy:0]]
[2020.09.04-09.10.07:939][  0]LogConfig: Setting CVar [[r.Streaming.MaxNumTexturesToStreamPerFrame:0]]
[2020.09.04-09.10.07:939][  0]LogConfig: Setting CVar [[r.Streaming.Boost:1]]
[2020.09.04-09.10.07:940][  0]LogConfig: Setting CVar [[r.MaxAnisotropy:8]]
[2020.09.04-09.10.07:940][  0]LogConfig: Setting CVar [[r.VT.MaxAnisotropy:8]]
[2020.09.04-09.10.07:940][  0]LogConfig: Setting CVar [[r.Streaming.LimitPoolSizeToVRAM:0]]
[2020.09.04-09.10.07:940][  0]LogConfig: Setting CVar [[r.Streaming.PoolSize:1000]]
[2020.09.04-09.10.07:940][  0]LogConfig: Setting CVar [[r.Streaming.MaxEffectiveScreenSize:0]]
[2020.09.04-09.10.07:940][  0]LogConfig: Applying CVar settings from Section [EffectsQuality@3] File [C:/Users/j.six/Documents/UnrealPlatformerBluePrint/PlatformerBP/Saved/Config/Windows/Scalability.ini]
[2020.09.04-09.10.07:940][  0]LogConfig: Setting CVar [[r.TranslucencyLightingVolumeDim:64]]
[2020.09.04-09.10.07:940][  0]LogConfig: Setting CVar [[r.RefractionQuality:2]]
[2020.09.04-09.10.07:940][  0]LogConfig: Setting CVar [[r.SSR.Quality:3]]
[2020.09.04-09.10.07:940][  0]LogConfig: Setting CVar [[r.SSR.HalfResSceneColor:0]]
[2020.09.04-09.10.07:940][  0]LogConfig: Setting CVar [[r.SceneColorFormat:4]]
[2020.09.04-09.10.07:940][  0]LogConfig: Setting CVar [[r.DetailMode:2]]
[2020.09.04-09.10.07:940][  0]LogConfig: Setting CVar [[r.TranslucencyVolumeBlur:1]]
[2020.09.04-09.10.07:940][  0]LogConfig: Setting CVar [[r.MaterialQualityLevel:1 ; High quality]]
[2020.09.04-09.10.07:940][  0]LogConfig: Setting CVar [[r.SSS.Scale:1]]
[2020.09.04-09.10.07:940][  0]LogConfig: Setting CVar [[r.SSS.SampleSet:2]]
[2020.09.04-09.10.07:940][  0]LogConfig: Setting CVar [[r.SSS.Quality:1]]
[2020.09.04-09.10.07:940][  0]LogConfig: Setting CVar [[r.SSS.HalfRes:1]]
[2020.09.04-09.10.07:940][  0]LogConfig: Setting CVar [[r.SSGI.Quality:3]]
[2020.09.04-09.10.07:940][  0]LogConfig: Setting CVar [[r.EmitterSpawnRateScale:1.0]]
[2020.09.04-09.10.07:940][  0]LogConfig: Setting CVar [[r.ParticleLightQuality:2]]
[2020.09.04-09.10.07:940][  0]LogConfig: Setting CVar [[r.SkyAtmosphere.AerialPerspectiveLUT.FastApplyOnOpaque:1 ; Always have FastSkyLUT 1 in this case to avoid wrong sky]]
[2020.09.04-09.10.07:940][  0]LogConfig: Setting CVar [[r.SkyAtmosphere.AerialPerspectiveLUT.SampleCountPerSlice:1]]
[2020.09.04-09.10.07:940][  0]LogConfig: Setting CVar [[r.SkyAtmosphere.AerialPerspectiveLUT.DepthResolution:16.0]]
[2020.09.04-09.10.07:940][  0]LogConfig: Setting CVar [[r.SkyAtmosphere.FastSkyLUT:1]]
[2020.09.04-09.10.07:940][  0]LogConfig: Setting CVar [[r.SkyAtmosphere.FastSkyLUT.SampleCountMin:4.0]]
[2020.09.04-09.10.07:940][  0]LogConfig: Setting CVar [[r.SkyAtmosphere.FastSkyLUT.SampleCountMax:32.0]]
[2020.09.04-09.10.07:940][  0]LogConfig: Setting CVar [[r.SkyAtmosphere.SampleCountMin:4.0]]
[2020.09.04-09.10.07:940][  0]LogConfig: Setting CVar [[r.SkyAtmosphere.SampleCountMax:32.0]]
[2020.09.04-09.10.07:940][  0]LogConfig: Setting CVar [[r.SkyAtmosphere.TransmittanceLUT.UseSmallFormat:0]]
[2020.09.04-09.10.07:940][  0]LogConfig: Setting CVar [[r.SkyAtmosphere.TransmittanceLUT.SampleCount:10.0]]
[2020.09.04-09.10.07:940][  0]LogConfig: Setting CVar [[r.SkyAtmosphere.MultiScatteringLUT.SampleCount:15.0]]
[2020.09.04-09.10.07:940][  0]LogConfig: Applying CVar settings from Section [FoliageQuality@3] File [C:/Users/j.six/Documents/UnrealPlatformerBluePrint/PlatformerBP/Saved/Config/Windows/Scalability.ini]
[2020.09.04-09.10.07:940][  0]LogConfig: Setting CVar [[foliage.DensityScale:1.0]]
[2020.09.04-09.10.07:940][  0]LogConfig: Setting CVar [[grass.DensityScale:1.0]]
[2020.09.04-09.10.07:940][  0]LogConfig: Applying CVar settings from Section [ShadingQuality@3] File [C:/Users/j.six/Documents/UnrealPlatformerBluePrint/PlatformerBP/Saved/Config/Windows/Scalability.ini]
[2020.09.04-09.10.07:940][  0]LogConfig: Setting CVar [[r.HairStrands.SkyLighting.SampleCount:16]]
[2020.09.04-09.10.07:940][  0]LogConfig: Setting CVar [[r.HairStrands.SkyLighting.JitterIntegration:0]]
[2020.09.04-09.10.07:940][  0]LogConfig: Setting CVar [[r.HairStrands.SkyAO.SampleCount:16]]
[2020.09.04-09.10.07:940][  0]LogInit: Selected Device Profile: [Windows]
[2020.09.04-09.10.07:940][  0]LogInit: Applying CVar settings loaded from the selected device profile: [Windows]
[2020.09.04-09.10.07:944][  0]LogHAL: Display: Platform has ~ 32 GB [34316488704 / 34359738368 / 32], which maps to Largest [LargestMinGB=32, LargerMinGB=12, DefaultMinGB=8, SmallerMinGB=6, SmallestMinGB=0)
[2020.09.04-09.10.07:944][  0]LogInit: Going up to parent DeviceProfile []
[2020.09.04-09.10.07:944][  0]LogConfig: Applying CVar settings from Section [ViewDistanceQuality@3] File [C:/Users/j.six/Documents/UnrealPlatformerBluePrint/PlatformerBP/Saved/Config/Windows/Scalability.ini]
[2020.09.04-09.10.07:944][  0]LogConfig: Setting CVar [[r.SkeletalMeshLODBias:0]]
[2020.09.04-09.10.07:944][  0]LogConfig: Setting CVar [[r.ViewDistanceScale:1.0]]
[2020.09.04-09.10.07:944][  0]LogConfig: Applying CVar settings from Section [AntiAliasingQuality@3] File [C:/Users/j.six/Documents/UnrealPlatformerBluePrint/PlatformerBP/Saved/Config/Windows/Scalability.ini]
[2020.09.04-09.10.07:944][  0]LogConfig: Setting CVar [[r.PostProcessAAQuality:4]]
[2020.09.04-09.10.07:944][  0]LogConfig: Applying CVar settings from Section [ShadowQuality@3] File [C:/Users/j.six/Documents/UnrealPlatformerBluePrint/PlatformerBP/Saved/Config/Windows/Scalability.ini]
[2020.09.04-09.10.07:944][  0]LogConfig: Setting CVar [[r.LightFunctionQuality:1]]
[2020.09.04-09.10.07:944][  0]LogConfig: Setting CVar [[r.ShadowQuality:5]]
[2020.09.04-09.10.07:944][  0]LogConfig: Setting CVar [[r.Shadow.CSM.MaxCascades:10]]
[2020.09.04-09.10.07:944][  0]LogConfig: Setting CVar [[r.Shadow.MaxResolution:2048]]
[2020.09.04-09.10.07:944][  0]LogConfig: Setting CVar [[r.Shadow.MaxCSMResolution:2048]]
[2020.09.04-09.10.07:944][  0]LogConfig: Setting CVar [[r.Shadow.RadiusThreshold:0.01]]
[2020.09.04-09.10.07:944][  0]LogConfig: Setting CVar [[r.Shadow.DistanceScale:1.0]]
[2020.09.04-09.10.07:944][  0]LogConfig: Setting CVar [[r.Shadow.CSM.TransitionScale:1.0]]
[2020.09.04-09.10.07:944][  0]LogConfig: Setting CVar [[r.Shadow.PreShadowResolutionFactor:1.0]]
[2020.09.04-09.10.07:944][  0]LogConfig: Setting CVar [[r.DistanceFieldShadowing:1]]
[2020.09.04-09.10.07:944][  0]LogConfig: Setting CVar [[r.DistanceFieldAO:1]]
[2020.09.04-09.10.07:945][  0]LogConfig: Setting CVar [[r.AOQuality:2]]
[2020.09.04-09.10.07:945][  0]LogConfig: Setting CVar [[r.VolumetricFog:1]]
[2020.09.04-09.10.07:945][  0]LogConfig: Setting CVar [[r.VolumetricFog.GridPixelSize:8]]
[2020.09.04-09.10.07:945][  0]LogConfig: Setting CVar [[r.VolumetricFog.GridSizeZ:128]]
[2020.09.04-09.10.07:945][  0]LogConfig: Setting CVar [[r.VolumetricFog.HistoryMissSupersampleCount:4]]
[2020.09.04-09.10.07:945][  0]LogConfig: Setting CVar [[r.LightMaxDrawDistanceScale:1]]
[2020.09.04-09.10.07:945][  0]LogConfig: Setting CVar [[r.CapsuleShadows:1]]
[2020.09.04-09.10.07:945][  0]LogConfig: Applying CVar settings from Section [PostProcessQuality@3] File [C:/Users/j.six/Documents/UnrealPlatformerBluePrint/PlatformerBP/Saved/Config/Windows/Scalability.ini]
[2020.09.04-09.10.07:945][  0]LogConfig: Setting CVar [[r.MotionBlurQuality:4]]
[2020.09.04-09.10.07:945][  0]LogConfig: Setting CVar [[r.AmbientOcclusionMipLevelFactor:0.4]]
[2020.09.04-09.10.07:945][  0]LogConfig: Setting CVar [[r.AmbientOcclusionMaxQuality:100]]
[2020.09.04-09.10.07:945][  0]LogConfig: Setting CVar [[r.AmbientOcclusionLevels:-1]]
[2020.09.04-09.10.07:945][  0]LogConfig: Setting CVar [[r.AmbientOcclusionRadiusScale:1.0]]
[2020.09.04-09.10.07:945][  0]LogConfig: Setting CVar [[r.DepthOfFieldQuality:2]]
[2020.09.04-09.10.07:945][  0]LogConfig: Setting CVar [[r.RenderTargetPoolMin:400]]
[2020.09.04-09.10.07:945][  0]LogConfig: Setting CVar [[r.LensFlareQuality:2]]
[2020.09.04-09.10.07:945][  0]LogConfig: Setting CVar [[r.SceneColorFringeQuality:1]]
[2020.09.04-09.10.07:945][  0]LogConfig: Setting CVar [[r.EyeAdaptationQuality:2]]
[2020.09.04-09.10.07:945][  0]LogConfig: Setting CVar [[r.BloomQuality:5]]
[2020.09.04-09.10.07:945][  0]LogConfig: Setting CVar [[r.FastBlurThreshold:100]]
[2020.09.04-09.10.07:945][  0]LogConfig: Setting CVar [[r.Upscale.Quality:3]]
[2020.09.04-09.10.07:945][  0]LogConfig: Setting CVar [[r.Tonemapper.GrainQuantization:1]]
[2020.09.04-09.10.07:945][  0]LogConfig: Setting CVar [[r.LightShaftQuality:1]]
[2020.09.04-09.10.07:945][  0]LogConfig: Setting CVar [[r.Filter.SizeScale:1]]
[2020.09.04-09.10.07:945][  0]LogConfig: Setting CVar [[r.Tonemapper.Quality:5]]
[2020.09.04-09.10.07:945][  0]LogConfig: Setting CVar [[r.DOF.Gather.AccumulatorQuality:1        ; higher gathering accumulator quality]]
[2020.09.04-09.10.07:945][  0]LogConfig: Setting CVar [[r.DOF.Gather.PostfilterMethod:1          ; Median3x3 postfilering method]]
[2020.09.04-09.10.07:945][  0]LogConfig: Setting CVar [[r.DOF.Gather.EnableBokehSettings:0       ; no bokeh simulation when gathering]]
[2020.09.04-09.10.07:945][  0]LogConfig: Setting CVar [[r.DOF.Gather.RingCount:4                 ; medium number of samples when gathering]]
[2020.09.04-09.10.07:945][  0]LogConfig: Setting CVar [[r.DOF.Scatter.ForegroundCompositing:1    ; additive foreground scattering]]
[2020.09.04-09.10.07:945][  0]LogConfig: Setting CVar [[r.DOF.Scatter.BackgroundCompositing:2    ; additive background scattering]]
[2020.09.04-09.10.07:945][  0]LogConfig: Setting CVar [[r.DOF.Scatter.EnableBokehSettings:1      ; bokeh simulation when scattering]]
[2020.09.04-09.10.07:945][  0]LogConfig: Setting CVar [[r.DOF.Scatter.MaxSpriteRatio:0.1         ; only a maximum of 10% of scattered bokeh]]
[2020.09.04-09.10.07:945][  0]LogConfig: Setting CVar [[r.DOF.Recombine.Quality:1                ; cheap slight out of focus]]
[2020.09.04-09.10.07:945][  0]LogConfig: Setting CVar [[r.DOF.Recombine.EnableBokehSettings:0    ; no bokeh simulation on slight out of focus]]
[2020.09.04-09.10.07:945][  0]LogConfig: Setting CVar [[r.DOF.TemporalAAQuality:1                ; more stable temporal accumulation]]
[2020.09.04-09.10.07:945][  0]LogConfig: Setting CVar [[r.DOF.Kernel.MaxForegroundRadius:0.025]]
[2020.09.04-09.10.07:945][  0]LogConfig: Setting CVar [[r.DOF.Kernel.MaxBackgroundRadius:0.025]]
[2020.09.04-09.10.07:945][  0]LogConfig: Applying CVar settings from Section [TextureQuality@3] File [C:/Users/j.six/Documents/UnrealPlatformerBluePrint/PlatformerBP/Saved/Config/Windows/Scalability.ini]
[2020.09.04-09.10.07:945][  0]LogConfig: Setting CVar [[r.Streaming.MipBias:0]]
[2020.09.04-09.10.07:945][  0]LogConfig: Setting CVar [[r.Streaming.AmortizeCPUToGPUCopy:0]]
[2020.09.04-09.10.07:945][  0]LogConfig: Setting CVar [[r.Streaming.MaxNumTexturesToStreamPerFrame:0]]
[2020.09.04-09.10.07:945][  0]LogConfig: Setting CVar [[r.Streaming.Boost:1]]
[2020.09.04-09.10.07:945][  0]LogConfig: Setting CVar [[r.MaxAnisotropy:8]]
[2020.09.04-09.10.07:945][  0]LogConfig: Setting CVar [[r.VT.MaxAnisotropy:8]]
[2020.09.04-09.10.07:945][  0]LogConfig: Setting CVar [[r.Streaming.LimitPoolSizeToVRAM:0]]
[2020.09.04-09.10.07:945][  0]LogConfig: Setting CVar [[r.Streaming.PoolSize:1000]]
[2020.09.04-09.10.07:945][  0]LogConfig: Setting CVar [[r.Streaming.MaxEffectiveScreenSize:0]]
[2020.09.04-09.10.07:945][  0]LogConfig: Applying CVar settings from Section [EffectsQuality@3] File [C:/Users/j.six/Documents/UnrealPlatformerBluePrint/PlatformerBP/Saved/Config/Windows/Scalability.ini]
[2020.09.04-09.10.07:945][  0]LogConfig: Setting CVar [[r.TranslucencyLightingVolumeDim:64]]
[2020.09.04-09.10.07:946][  0]LogConfig: Setting CVar [[r.RefractionQuality:2]]
[2020.09.04-09.10.07:946][  0]LogConfig: Setting CVar [[r.SSR.Quality:3]]
[2020.09.04-09.10.07:946][  0]LogConfig: Setting CVar [[r.SSR.HalfResSceneColor:0]]
[2020.09.04-09.10.07:946][  0]LogConfig: Setting CVar [[r.SceneColorFormat:4]]
[2020.09.04-09.10.07:946][  0]LogConfig: Setting CVar [[r.DetailMode:2]]
[2020.09.04-09.10.07:946][  0]LogConfig: Setting CVar [[r.TranslucencyVolumeBlur:1]]
[2020.09.04-09.10.07:946][  0]LogConfig: Setting CVar [[r.MaterialQualityLevel:1 ; High quality]]
[2020.09.04-09.10.07:946][  0]LogConfig: Setting CVar [[r.SSS.Scale:1]]
[2020.09.04-09.10.07:946][  0]LogConfig: Setting CVar [[r.SSS.SampleSet:2]]
[2020.09.04-09.10.07:946][  0]LogConfig: Setting CVar [[r.SSS.Quality:1]]
[2020.09.04-09.10.07:946][  0]LogConfig: Setting CVar [[r.SSS.HalfRes:1]]
[2020.09.04-09.10.07:946][  0]LogConfig: Setting CVar [[r.SSGI.Quality:3]]
[2020.09.04-09.10.07:946][  0]LogConfig: Setting CVar [[r.EmitterSpawnRateScale:1.0]]
[2020.09.04-09.10.07:946][  0]LogConfig: Setting CVar [[r.ParticleLightQuality:2]]
[2020.09.04-09.10.07:946][  0]LogConfig: Setting CVar [[r.SkyAtmosphere.AerialPerspectiveLUT.FastApplyOnOpaque:1 ; Always have FastSkyLUT 1 in this case to avoid wrong sky]]
[2020.09.04-09.10.07:946][  0]LogConfig: Setting CVar [[r.SkyAtmosphere.AerialPerspectiveLUT.SampleCountPerSlice:1]]
[2020.09.04-09.10.07:946][  0]LogConfig: Setting CVar [[r.SkyAtmosphere.AerialPerspectiveLUT.DepthResolution:16.0]]
[2020.09.04-09.10.07:946][  0]LogConfig: Setting CVar [[r.SkyAtmosphere.FastSkyLUT:1]]
[2020.09.04-09.10.07:946][  0]LogConfig: Setting CVar [[r.SkyAtmosphere.FastSkyLUT.SampleCountMin:4.0]]
[2020.09.04-09.10.07:946][  0]LogConfig: Setting CVar [[r.SkyAtmosphere.FastSkyLUT.SampleCountMax:32.0]]
[2020.09.04-09.10.07:946][  0]LogConfig: Setting CVar [[r.SkyAtmosphere.SampleCountMin:4.0]]
[2020.09.04-09.10.07:946][  0]LogConfig: Setting CVar [[r.SkyAtmosphere.SampleCountMax:32.0]]
[2020.09.04-09.10.07:946][  0]LogConfig: Setting CVar [[r.SkyAtmosphere.TransmittanceLUT.UseSmallFormat:0]]
[2020.09.04-09.10.07:946][  0]LogConfig: Setting CVar [[r.SkyAtmosphere.TransmittanceLUT.SampleCount:10.0]]
[2020.09.04-09.10.07:946][  0]LogConfig: Setting CVar [[r.SkyAtmosphere.MultiScatteringLUT.SampleCount:15.0]]
[2020.09.04-09.10.07:946][  0]LogConfig: Applying CVar settings from Section [FoliageQuality@3] File [C:/Users/j.six/Documents/UnrealPlatformerBluePrint/PlatformerBP/Saved/Config/Windows/Scalability.ini]
[2020.09.04-09.10.07:946][  0]LogConfig: Setting CVar [[foliage.DensityScale:1.0]]
[2020.09.04-09.10.07:946][  0]LogConfig: Setting CVar [[grass.DensityScale:1.0]]
[2020.09.04-09.10.07:946][  0]LogConfig: Applying CVar settings from Section [ShadingQuality@3] File [C:/Users/j.six/Documents/UnrealPlatformerBluePrint/PlatformerBP/Saved/Config/Windows/Scalability.ini]
[2020.09.04-09.10.07:946][  0]LogConfig: Setting CVar [[r.HairStrands.SkyLighting.SampleCount:16]]
[2020.09.04-09.10.07:946][  0]LogConfig: Setting CVar [[r.HairStrands.SkyLighting.JitterIntegration:0]]
[2020.09.04-09.10.07:946][  0]LogConfig: Setting CVar [[r.HairStrands.SkyAO.SampleCount:16]]
[2020.09.04-09.10.07:946][  0]LogConfig: Applying CVar settings from Section [Startup] File [../../../Engine/Config/ConsoleVariables.ini]
[2020.09.04-09.10.07:946][  0]LogConfig: Setting CVar [[net.UseAdaptiveNetUpdateFrequency:0]]
[2020.09.04-09.10.07:946][  0]LogConfig: Setting CVar [[p.chaos.AllowCreatePhysxBodies:1]]
[2020.09.04-09.10.07:947][  0]LogConfig: Applying CVar settings from Section [ConsoleVariables] File [C:/Users/j.six/Documents/UnrealPlatformerBluePrint/PlatformerBP/Saved/Config/Windows/Engine.ini]
[2020.09.04-09.10.07:947][  0]LogInit: Computer: ZOTAC-GP-52
[2020.09.04-09.10.07:947][  0]LogInit: User: jsix
[2020.09.04-09.10.07:947][  0]LogInit: CPU Page size=4096, Cores=4
[2020.09.04-09.10.07:947][  0]LogInit: High frequency timer resolution =10.000000 MHz
[2020.09.04-09.10.07:947][  0]LogMemory: Memory total: Physical=32.0GB (32GB approx)
[2020.09.04-09.10.07:947][  0]LogMemory: Platform Memory Stats for Windows
[2020.09.04-09.10.07:947][  0]LogMemory: Process Physical Memory: 104.45 MB used, 104.45 MB peak
[2020.09.04-09.10.07:947][  0]LogMemory: Process Virtual Memory: 99.84 MB used, 99.84 MB peak
[2020.09.04-09.10.07:947][  0]LogMemory: Physical Memory: 6976.46 MB used,  25750.29 MB free, 32726.75 MB total
[2020.09.04-09.10.07:947][  0]LogMemory: Virtual Memory: 5123.37 MB used,  134212608.00 MB free, 134217728.00 MB total
[2020.09.04-09.10.07:950][  0]LogWindows: WindowsPlatformFeatures enabled
[2020.09.04-09.10.07:968][  0]LogInit: Using OS detected language (fr-FR).
[2020.09.04-09.10.07:968][  0]LogInit: Using OS detected locale (fr-FR).
[2020.09.04-09.10.07:969][  0]LogTextLocalizationManager: No specific localization for 'fr-FR' exists, so the 'fr' localization will be used.
[2020.09.04-09.10.07:969][  0]LogTextLocalizationResource: LocRes '../../../Engine/Content/Localization/Editor/fr/Editor.locres' could not be opened for reading!
[2020.09.04-09.10.07:969][  0]LogTextLocalizationResource: LocRes '../../../Engine/Content/Localization/EditorTutorials/fr/EditorTutorials.locres' could not be opened for reading!
[2020.09.04-09.10.07:970][  0]LogTextLocalizationResource: LocRes '../../../Engine/Content/Localization/Keywords/fr/Keywords.locres' could not be opened for reading!
[2020.09.04-09.10.07:970][  0]LogTextLocalizationResource: LocRes '../../../Engine/Content/Localization/Category/fr/Category.locres' could not be opened for reading!
[2020.09.04-09.10.07:970][  0]LogTextLocalizationResource: LocRes '../../../Engine/Content/Localization/ToolTips/fr/ToolTips.locres' could not be opened for reading!
[2020.09.04-09.10.07:970][  0]LogTextLocalizationResource: LocRes '../../../Engine/Content/Localization/PropertyNames/fr/PropertyNames.locres' could not be opened for reading!
[2020.09.04-09.10.07:970][  0]LogTextLocalizationResource: LocRes '../../../Engine/Content/Localization/Engine/fr/Engine.locres' could not be opened for reading!
[2020.09.04-09.10.07:971][  0]LogInit: Setting process to per monitor DPI aware
[2020.09.04-09.10.08:005][  0]LogSlate: New Slate User Created.  User Index 0, Is Virtual User: 0
[2020.09.04-09.10.08:005][  0]LogSlate: Slate User Registered.  User Index 0, Is Virtual User: 0
[2020.09.04-09.10.08:174][  0]LogHMD: Failed to initialize OpenVR with code 110
[2020.09.04-09.10.08:174][  0]LogD3D11RHI: D3D11 min allowed feature level: 11_0
[2020.09.04-09.10.08:174][  0]LogD3D11RHI: D3D11 max allowed feature level: 11_0
[2020.09.04-09.10.08:174][  0]LogD3D11RHI: D3D11 adapters:
[2020.09.04-09.10.08:254][  0]LogD3D11RHI:    0. 'NVIDIA GeForce GTX 1070' (Feature Level 11_0)
[2020.09.04-09.10.08:254][  0]LogD3D11RHI:       8113/0/16363 MB DedicatedVideo/DedicatedSystem/SharedSystem, Outputs:2, VendorId:0x10de
[2020.09.04-09.10.08:257][  0]LogD3D11RHI:    1. 'Microsoft Basic Render Driver' (Feature Level 11_0)
[2020.09.04-09.10.08:257][  0]LogD3D11RHI:       0/0/16363 MB DedicatedVideo/DedicatedSystem/SharedSystem, Outputs:0, VendorId:0x1414
[2020.09.04-09.10.08:257][  0]LogD3D11RHI: Chosen D3D11 Adapter: 0
[2020.09.04-09.10.08:265][  0]LogD3D11RHI: Creating new Direct3DDevice
[2020.09.04-09.10.08:266][  0]LogD3D11RHI:     GPU DeviceId: 0x1ba1 (for the marketing name, search the web for "GPU Device Id")
[2020.09.04-09.10.08:266][  0]LogWindows: EnumDisplayDevices:
[2020.09.04-09.10.08:266][  0]LogWindows:    0. 'NVIDIA GeForce GTX 1070' (P:0 D:1)
[2020.09.04-09.10.08:266][  0]LogWindows:    1. 'NVIDIA GeForce GTX 1070' (P:1 D:1)
[2020.09.04-09.10.08:266][  0]LogWindows:    2. 'NVIDIA GeForce GTX 1070' (P:0 D:0)
[2020.09.04-09.10.08:267][  0]LogWindows:    3. 'NVIDIA GeForce GTX 1070' (P:0 D:0)
[2020.09.04-09.10.08:267][  0]LogWindows: DebugString: FoundDriverCount:4 
[2020.09.04-09.10.08:267][  0]LogD3D11RHI:     Adapter Name: NVIDIA GeForce GTX 1070
[2020.09.04-09.10.08:267][  0]LogD3D11RHI:   Driver Version: 382.05 (internal:22.21.13.8205, unified:382.05)
[2020.09.04-09.10.08:267][  0]LogD3D11RHI:      Driver Date: 5-1-2017
[2020.09.04-09.10.08:267][  0]LogRHI: Texture pool is 5679 MB (70% of 8113 MB)
[2020.09.04-09.10.08:312][  0]LogD3D11RHI: RHI does not have support for 64 bit atomics
[2020.09.04-09.10.08:312][  0]LogD3D11RHI: Async texture creation enabled
[2020.09.04-09.10.08:368][  0]LogD3D11RHI: GPU Timing Frequency: 1000.000000 (Debug: 2 1)
[2020.09.04-09.10.08:722][  0]LogTargetPlatformManager: Display: Loaded TargetPlatform 'AllDesktop'
[2020.09.04-09.10.08:766][  0]LogTargetPlatformManager: Display: Loaded TargetPlatform 'Android'
[2020.09.04-09.10.08:766][  0]LogTargetPlatformManager: Display: Loaded TargetPlatform 'Android_ASTC'
[2020.09.04-09.10.08:766][  0]LogTargetPlatformManager: Display: Loaded TargetPlatform 'Android_ATC'
[2020.09.04-09.10.08:766][  0]LogTargetPlatformManager: Display: Loaded TargetPlatform 'Android_DXT'
[2020.09.04-09.10.08:766][  0]LogTargetPlatformManager: Display: Loaded TargetPlatform 'Android_ETC1'
[2020.09.04-09.10.08:766][  0]LogTargetPlatformManager: Display: Loaded TargetPlatform 'Android_ETC1a'
[2020.09.04-09.10.08:766][  0]LogTargetPlatformManager: Display: Loaded TargetPlatform 'Android_ETC2'
[2020.09.04-09.10.08:766][  0]LogTargetPlatformManager: Display: Loaded TargetPlatform 'Android_PVRTC'
[2020.09.04-09.10.08:766][  0]LogTargetPlatformManager: Display: Loaded TargetPlatform 'AndroidClient'
[2020.09.04-09.10.08:766][  0]LogTargetPlatformManager: Display: Loaded TargetPlatform 'Android_ASTCClient'
[2020.09.04-09.10.08:766][  0]LogTargetPlatformManager: Display: Loaded TargetPlatform 'Android_ATCClient'
[2020.09.04-09.10.08:766][  0]LogTargetPlatformManager: Display: Loaded TargetPlatform 'Android_DXTClient'
[2020.09.04-09.10.08:767][  0]LogTargetPlatformManager: Display: Loaded TargetPlatform 'Android_ETC1Client'
[2020.09.04-09.10.08:767][  0]LogTargetPlatformManager: Display: Loaded TargetPlatform 'Android_ETC1aClient'
[2020.09.04-09.10.08:767][  0]LogTargetPlatformManager: Display: Loaded TargetPlatform 'Android_ETC2Client'
[2020.09.04-09.10.08:767][  0]LogTargetPlatformManager: Display: Loaded TargetPlatform 'Android_PVRTCClient'
[2020.09.04-09.10.08:767][  0]LogTargetPlatformManager: Display: Loaded TargetPlatform 'Android_Multi'
[2020.09.04-09.10.08:767][  0]LogTargetPlatformManager: Display: Loaded TargetPlatform 'Android_MultiClient'
[2020.09.04-09.10.08:790][  0]LogTargetPlatformManager: Display: Loaded TargetPlatform 'IOSClient'
[2020.09.04-09.10.08:790][  0]LogTargetPlatformManager: Display: Loaded TargetPlatform 'IOS'
[2020.09.04-09.10.08:799][  0]LogTargetPlatformManager: Display: Loaded TargetPlatform 'LinuxNoEditor'
[2020.09.04-09.10.08:809][  0]LogTargetPlatformManager: Display: Loaded TargetPlatform 'LinuxClient'
[2020.09.04-09.10.08:818][  0]LogTargetPlatformManager: Display: Loaded TargetPlatform 'LinuxServer'
[2020.09.04-09.10.08:828][  0]LogTargetPlatformManager: Display: Loaded TargetPlatform 'LinuxAArch64NoEditor'
[2020.09.04-09.10.08:838][  0]LogTargetPlatformManager: Display: Loaded TargetPlatform 'LinuxAArch64Client'
[2020.09.04-09.10.08:848][  0]LogTargetPlatformManager: Display: Loaded TargetPlatform 'LinuxAArch64Server'
[2020.09.04-09.10.08:880][  0]LogTargetPlatformManager: Display: Loaded TargetPlatform 'Lumin'
[2020.09.04-09.10.08:880][  0]LogTargetPlatformManager: Display: Loaded TargetPlatform 'LuminClient'
[2020.09.04-09.10.08:898][  0]LogTargetPlatformManager: Display: Loaded TargetPlatform 'TVOSClient'
[2020.09.04-09.10.08:898][  0]LogTargetPlatformManager: Display: Loaded TargetPlatform 'TVOS'
[2020.09.04-09.10.08:907][  0]LogTargetPlatformManager: Display: Loaded TargetPlatform 'WindowsNoEditor'
[2020.09.04-09.10.08:917][  0]LogTargetPlatformManager: Display: Loaded TargetPlatform 'Windows'
[2020.09.04-09.10.08:926][  0]LogTargetPlatformManager: Display: Loaded TargetPlatform 'WindowsClient'
[2020.09.04-09.10.08:936][  0]LogTargetPlatformManager: Display: Loaded TargetPlatform 'WindowsServer'
[2020.09.04-09.10.08:936][  0]LogTargetPlatformManager: Display: Building Assets For Windows
[2020.09.04-09.10.08:939][  0]LogAudioDebug: Display: Lib vorbis DLL was dynamically loaded.
[2020.09.04-09.10.08:969][  0]LogShaderCompilers: Guid format shader working directory is -33 characters bigger than the processId version (../../../../../../Users/j.six/Documents/UnrealPlatformerBluePrint/PlatformerBP/Intermediate/Shaders/WorkingDirectory/14176/).
[2020.09.04-09.10.08:969][  0]LogShaderCompilers: Cleaned the shader compiler working directory 'C:/Users/j.six/AppData/Local/Temp/UnrealShaderWorkingDir/220EF3614DC1D5A122BE04BB92A41E28/'.
[2020.09.04-09.10.08:970][  0]LogXGEController: Cannot use XGE Controller as Incredibuild is not installed on this machine.
[2020.09.04-09.10.08:970][  0]LogShaderCompilers: Cannot use XGE Shader Compiler as Incredibuild is not installed on this machine.
[2020.09.04-09.10.08:970][  0]LogShaderCompilers: Display: Using Local Shader Compiler.
[2020.09.04-09.10.09:915][  0]LogDerivedDataCache: Display: Max Cache Size: 512 MB
[2020.09.04-09.10.09:979][  0]LogDerivedDataCache: Loaded boot cache 0.06s 78MB C:/Users/j.six/AppData/Local/UnrealEngine/4.24/DerivedDataCache/Boot.ddc.
[2020.09.04-09.10.09:979][  0]LogDerivedDataCache: Display: Loaded Boot cache: C:/Users/j.six/AppData/Local/UnrealEngine/4.24/DerivedDataCache/Boot.ddc
[2020.09.04-09.10.09:979][  0]LogDerivedDataCache: FDerivedDataBackendGraph:  Pak pak cache file ../../../../../../Users/j.six/Documents/UnrealPlatformerBluePrint/PlatformerBP/DerivedDataCache/DDC.ddp not found, will not use a pak cache.
[2020.09.04-09.10.09:979][  0]LogDerivedDataCache: Unable to find inner node Pak for hierarchical cache Hierarchy.
[2020.09.04-09.10.09:979][  0]LogDerivedDataCache: FDerivedDataBackendGraph:  CompressedPak pak cache file ../../../../../../Users/j.six/Documents/UnrealPlatformerBluePrint/PlatformerBP/DerivedDataCache/Compressed.ddp not found, will not use a pak cache.
[2020.09.04-09.10.09:979][  0]LogDerivedDataCache: Unable to find inner node CompressedPak for hierarchical cache Hierarchy.
[2020.09.04-09.10.09:993][  0]LogDerivedDataCache: Display: Pak cache opened for reading ../../../Engine/DerivedDataCache/Compressed.ddp.
[2020.09.04-09.10.09:993][  0]LogDerivedDataCache: FDerivedDataBackendGraph:  EnterprisePak pak cache file ../../../Enterprise/DerivedDataCache/Compressed.ddp not found, will not use a pak cache.
[2020.09.04-09.10.09:993][  0]LogDerivedDataCache: Unable to find inner node EnterprisePak for hierarchical cache Hierarchy.
[2020.09.04-09.10.09:994][  0]LogDerivedDataCache: Using Local data cache path C:/Users/j.six/AppData/Local/UnrealEngine/Common/DerivedDataCache: Writable
[2020.09.04-09.10.09:994][  0]LogDerivedDataCache: Shared data cache path not found in *engine.ini, will not use an Shared cache.
[2020.09.04-09.10.09:995][  0]LogDerivedDataCache: Unable to find inner node Shared for hierarchical cache Hierarchy.
[2020.09.04-09.10.10:027][  0]LogMaterial: Verifying Global Shaders for PCD3D_SM5
[2020.09.04-09.10.10:031][  0]LogSlate: Using FreeType 2.10.0
[2020.09.04-09.10.10:031][  0]LogSlate: SlateFontServices - WITH_FREETYPE: 1, WITH_HARFBUZZ: 1
[2020.09.04-09.10.10:095][  0]LogAssetRegistry: FAssetRegistry took 0.0029 seconds to start up
[2020.09.04-09.10.10:457][  0]LogInit: Selected Device Profile: [Windows]
[2020.09.04-09.10.10:656][  0]LogMeshReduction: Using QuadricMeshReduction for automatic static mesh reduction
[2020.09.04-09.10.10:656][  0]LogMeshReduction: Using SimplygonMeshReduction for automatic skeletal mesh reduction
[2020.09.04-09.10.10:656][  0]LogMeshReduction: Using ProxyLODMeshReduction for automatic mesh merging
[2020.09.04-09.10.10:656][  0]LogMeshReduction: No distributed automatic mesh merging module available
[2020.09.04-09.10.10:656][  0]LogMeshMerging: No distributed automatic mesh merging module available
[2020.09.04-09.10.10:672][  0]LogNetVersion: PlatformerBP 1.0.0, NetCL: 10570792, EngineNetVer: 13, GameNetVer: 0 (Checksum: 4199003615)
[2020.09.04-09.10.11:959][  0]LogPackageLocalizationCache: Processed 10 localized package path(s) for 1 prioritized culture(s) in 0.042875 seconds
[2020.09.04-09.10.11:968][  0]LogUObjectArray: 46750 objects as part of root set at end of initial load.
[2020.09.04-09.10.11:968][  0]LogUObjectAllocator: 8137160 out of 0 bytes used by permanent object pool.
[2020.09.04-09.10.11:968][  0]LogUObjectArray: CloseDisregardForGC: 0/0 objects in disregard for GC pool
[2020.09.04-09.10.12:454][  0]LogTcpMessaging: Initializing TcpMessaging bridge
[2020.09.04-09.10.12:495][  0]LogUdpMessaging: Initializing bridge on interface 0.0.0.0:0 to multicast group 230.0.0.1:6666.
[2020.09.04-09.10.12:551][  0]SourceControl: Source control is disabled
[2020.09.04-09.10.12:551][  0]SourceControl: Source control is disabled
[2020.09.04-09.10.12:552][  0]SourceControl: Source control is disabled
[2020.09.04-09.10.12:553][  0]SourceControl: Source control is disabled
[2020.09.04-09.10.12:554][  0]SourceControl: Source control is disabled
[2020.09.04-09.10.12:645][  0]LogAndroidPermission: UAndroidPermissionCallbackProxy::GetInstance
[2020.09.04-09.10.12:656][  0]LogAudioCaptureCore: Display: No Audio Capture implementations found. Audio input will be silent.
[2020.09.04-09.10.12:656][  0]LogAudioCaptureCore: Display: No Audio Capture implementations found. Audio input will be silent.
[2020.09.04-09.10.12:760][  0]LogOcInput: OculusInput pre-init called
[2020.09.04-09.10.12:769][  0]LogWindows: Failed to load 'OVRPlugin.dll' (GetLastError=126)
[2020.09.04-09.10.12:769][  0]LogWindows: File 'OVRPlugin.dll' does not exist
[2020.09.04-09.10.12:855][  0]LogEngine: Initializing Engine...
[2020.09.04-09.10.12:856][  0]LogHMD: Failed to initialize OpenVR with code 110
[2020.09.04-09.10.12:857][  0]LogStats: UGameplayTagsManager::InitializeManager -  0.000 s
[2020.09.04-09.10.13:279][  0]LogInit: Initializing FReadOnlyCVARCache
[2020.09.04-09.10.13:286][  0]LogAIModule: Creating AISystem for world Untitled
[2020.09.04-09.10.13:313][  0]LogAudioMixer: Display: Audio Mixer Platform Settings:
[2020.09.04-09.10.13:313][  0]LogAudioMixer: Display: 	Sample Rate:						  48000
[2020.09.04-09.10.13:313][  0]LogAudioMixer: Display: 	Callback Buffer Frame Size Requested: 1024
[2020.09.04-09.10.13:313][  0]LogAudioMixer: Display: 	Callback Buffer Frame Size To Use:	  1024
[2020.09.04-09.10.13:313][  0]LogAudioMixer: Display: 	Number of buffers to queue:			  2
[2020.09.04-09.10.13:313][  0]LogAudioMixer: Display: 	Max Channels (voices):				  32
[2020.09.04-09.10.13:313][  0]LogAudioMixer: Display: 	Number of Async Source Workers:		  0
[2020.09.04-09.10.13:313][  0]LogAudio: Display: AudioDevice MaxSources: 32
[2020.09.04-09.10.13:313][  0]LogAudio: Display: Using built-in audio occlusion.
[2020.09.04-09.10.13:313][  0]LogAudioMixer: Display: Initializing audio mixer.
[2020.09.04-09.10.13:319][  0]LogAudioMixer: Display: Using Audio Device Unknown
[2020.09.04-09.10.13:324][  0]LogInit: FAudioDevice initialized.
[2020.09.04-09.10.13:324][  0]LogNetVersion: Set ProjectVersion to 1.0.0.0. Version Checksum will be recalculated on next use.
[2020.09.04-09.10.13:399][  0]LogDerivedDataCache: Saved boot cache 0.07s 78MB C:/Users/j.six/AppData/Local/UnrealEngine/4.24/DerivedDataCache/Boot.ddc.
[2020.09.04-09.10.13:404][  0]LogInit: Texture streaming: Enabled
[2020.09.04-09.10.13:414][  0]LogEngineSessionManager: EngineSessionManager initialized
[2020.09.04-09.10.13:414][  0]LogEditorSessionSummary: Verbose: Initializing EditorSessionSummaryWriter for editor session tracking
[2020.09.04-09.10.13:416][  0]LogEditorSessionSummary: EditorSessionSummaryWriter initialized
[2020.09.04-09.10.13:430][  0]LogInit: Transaction tracking system initialized
[2020.09.04-09.10.13:440][  0]BlueprintLog: New page: Editor Load
[2020.09.04-09.10.13:515][  0]LocalizationService: Localization service is disabled
[2020.09.04-09.10.13:890][  0]LogFileCache: Scanning file cache for directory 'C:/Users/j.six/Documents/UnrealPlatformerBluePrint/PlatformerBP/Content/' took 0.00s
[2020.09.04-09.10.13:890][  0]LogCook: Display: Max memory allowance for cook 16384mb min free memory 0mb
[2020.09.04-09.10.13:890][  0]LogCook: Display: Mobile HDR setting 1
[2020.09.04-09.10.14:683][  0]SourceControl: Source control is disabled
[2020.09.04-09.10.14:683][  0]Cmd: MAP LOAD FILE="../../../../../../Users/j.six/Documents/UnrealPlatformerBluePrint/PlatformerBP/Content/ThirdPersonBP/Maps/ThirdPersonExampleMap.umap" TEMPLATE=0 SHOWPROGRESS=1 FEATURELEVEL=3
[2020.09.04-09.10.14:684][  0]LightingResults: New page: Lighting Build
[2020.09.04-09.10.14:684][  0]LogWorld: UWorld::CleanupWorld for Untitled, bSessionEnded=true, bCleanupResources=true
[2020.09.04-09.10.14:685][  0]LogSlate: InvalidateAllWidgets triggered.  All widgets were invalidated
[2020.09.04-09.10.14:685][  0]MapCheck: New page: Map Check
[2020.09.04-09.10.14:685][  0]LightingResults: New page: Lighting Build
[2020.09.04-09.10.14:718][  0]LogUObjectHash: Compacting FUObjectHashTables data took   2.07ms
[2020.09.04-09.10.15:069][  0]LogAIModule: Creating AISystem for world ThirdPersonExampleMap
[2020.09.04-09.10.15:077][  0]LogEditorServer: Finished looking for orphan Actors (0.000 secs)
[2020.09.04-09.10.15:108][  0]LogUObjectHash: Compacting FUObjectHashTables data took   2.64ms
[2020.09.04-09.10.15:108][  0]Cmd: MAP CHECKDEP NOCLEARLOG
[2020.09.04-09.10.15:108][  0]MapCheck: Map check complete: 0 Error(s), 0 Warning(s), took 0,196ms to complete.
[2020.09.04-09.10.15:108][  0]LogFileHelpers: Loading map 'ThirdPersonExampleMap' took 0.425
[2020.09.04-09.10.15:237][  0]LogSlate: Updating window title bar state: overlay mode, drag disabled, window buttons hidden, title bar hidden
[2020.09.04-09.10.15:246][  0]LogSlate: Updating window title bar state: overlay mode, drag disabled, window buttons hidden, title bar hidden
[2020.09.04-09.10.15:254][  0]LogSlate: Updating window title bar state: overlay mode, drag disabled, window buttons hidden, title bar hidden
[2020.09.04-09.10.15:262][  0]LogSlate: Updating window title bar state: overlay mode, drag disabled, window buttons hidden, title bar hidden
[2020.09.04-09.10.15:268][  0]LogCollectionManager: Loaded 0 collections in 0.002420 seconds
[2020.09.04-09.10.15:285][  0]LogFileCache: Scanning file cache for directory 'C:/Users/j.six/Documents/UnrealPlatformerBluePrint/PlatformerBP/Saved/Collections/' took 0.00s
[2020.09.04-09.10.15:285][  0]LogFileCache: Scanning file cache for directory 'C:/Users/j.six/Documents/UnrealPlatformerBluePrint/PlatformerBP/Content/Developers/jsix/Collections/' took 0.00s
[2020.09.04-09.10.15:285][  0]LogFileCache: Scanning file cache for directory 'C:/Users/j.six/Documents/UnrealPlatformerBluePrint/PlatformerBP/Content/Collections/' took 0.00s
[2020.09.04-09.10.15:285][  0]LogContentBrowser: Native class hierarchy populated in 0.0103 seconds. Added 3017 classes and 720 folders.
[2020.09.04-09.10.15:288][  0]LogContentBrowser: Native class hierarchy updated for 'WidgetCarousel' in 0.0003 seconds. Added 0 classes and 0 folders.
[2020.09.04-09.10.15:349][  0]LogContentBrowser: Native class hierarchy updated for 'AddContentDialog' in 0.0003 seconds. Added 0 classes and 0 folders.
[2020.09.04-09.10.15:475][  0]LogSlate: Took 0.000182 seconds to synchronously load lazily loaded font '../../../Engine/Content/Slate/Fonts/Roboto-Regular.ttf' (155K)
[2020.09.04-09.10.15:478][  0]LogSlate: Took 0.000182 seconds to synchronously load lazily loaded font '../../../Engine/Content/Slate/Fonts/Roboto-Bold.ttf' (160K)
[2020.09.04-09.10.15:483][  0]LogSlate: Took 0.000162 seconds to synchronously load lazily loaded font '../../../Engine/Content/Editor/Slate/Fonts/FontAwesome.ttf' (139K)
[2020.09.04-09.10.15:580][  0]LogRenderer: Reallocating scene render targets to support 888x524 Format 10 NumSamples 1 (Frame:1).
[2020.09.04-09.10.15:694][  0]LogContentBrowser: Native class hierarchy updated for 'HierarchicalLODOutliner' in 0.0003 seconds. Added 0 classes and 0 folders.
[2020.09.04-09.10.15:694][  0]LogLoad: (Engine Initialization) Total time: 9.33 seconds
[2020.09.04-09.10.15:694][  0]LogLoad: (Engine Initialization) Total Blueprint compile time: 0.00 seconds
[2020.09.04-09.10.15:747][  0]LogAssetRegistry: Asset discovery search completed in 5.6541 seconds
[2020.09.04-09.10.15:752][  0]LogCollectionManager: Fixed up redirectors for 0 collections in 0.000013 seconds (updated 0 objects)
[2020.09.04-09.10.15:754][  0]LogContentStreaming: Texture pool size now 1000 MB
[2020.09.04-09.10.15:782][  0]LogSlate: Took 0.000179 seconds to synchronously load lazily loaded font '../../../Engine/Content/Slate/Fonts/Roboto-Light.ttf' (167K)
[2020.09.04-09.10.21:985][720]LogEditorViewport: Clicking on Actor (LMB): StaticMeshActor (Wall9)
[2020.09.04-09.10.23:153][850]Cmd: DELETE
[2020.09.04-09.10.23:153][850]Cmd: ACTOR DELETE
[2020.09.04-09.10.23:157][850]LogEditorActor: Deleted Actor: StaticMeshActor
[2020.09.04-09.10.23:188][850]LogUObjectHash: Compacting FUObjectHashTables data took   0.80ms
[2020.09.04-09.10.23:189][850]LogEditorActor: Deleted 1 Actors (0.036 secs)
[2020.09.04-09.10.23:571][895]LogEditorViewport: Clicking on Actor (LMB): StaticMeshActor (Wall10)
[2020.09.04-09.10.23:618][897]Cmd: DELETE
[2020.09.04-09.10.23:618][897]Cmd: ACTOR DELETE
[2020.09.04-09.10.23:619][897]LogEditorActor: Deleted Actor: StaticMeshActor
[2020.09.04-09.10.23:650][897]LogUObjectHash: Compacting FUObjectHashTables data took   0.76ms
[2020.09.04-09.10.23:651][897]LogEditorActor: Deleted 1 Actors (0.033 secs)
[2020.09.04-09.10.23:954][933]LogEditorViewport: Clicking on Actor (LMB): StaticMeshActor (Wall7)
[2020.09.04-09.10.24:019][937]Cmd: DELETE
[2020.09.04-09.10.24:019][937]Cmd: ACTOR DELETE
[2020.09.04-09.10.24:021][937]LogEditorActor: Deleted Actor: StaticMeshActor
[2020.09.04-09.10.24:052][937]LogUObjectHash: Compacting FUObjectHashTables data took   0.76ms
[2020.09.04-09.10.24:052][937]LogEditorActor: Deleted 1 Actors (0.033 secs)
[2020.09.04-09.10.24:540][995]LogEditorViewport: Clicking on Actor (LMB): StaticMeshActor (Wall11)
[2020.09.04-09.10.24:581][996]Cmd: DELETE
[2020.09.04-09.10.24:581][996]Cmd: ACTOR DELETE
[2020.09.04-09.10.24:583][996]LogEditorActor: Deleted Actor: StaticMeshActor
[2020.09.04-09.10.24:614][996]LogUObjectHash: Compacting FUObjectHashTables data took   0.76ms
[2020.09.04-09.10.24:614][996]LogEditorActor: Deleted 1 Actors (0.033 secs)
[2020.09.04-09.10.25:092][ 53]LogEditorViewport: Clicking on Actor (LMB): BP_Sky_Sphere_C (SkySphereBlueprint)
[2020.09.04-09.10.25:641][116]LogEditorViewport: Clicking on Actor (LMB): BP_Sky_Sphere_C (SkySphereBlueprint)
[2020.09.04-09.10.28:501][457]LogEditorViewport: Clicking on Actor (LMB): LightmassImportanceVolume (LightmassImportanceVolume)
[2020.09.04-09.10.33:365][ 24]LogEditorViewport: Clicking on Actor (LMB): StaticMeshActor (Floor)
[2020.09.04-09.10.36:293][368]LogEditorViewport: Clicking on Actor (LMB): StaticMeshActor (LeftArm_StaticMesh)
[2020.09.04-09.10.36:725][416]Cmd: DELETE
[2020.09.04-09.10.36:725][416]Cmd: ACTOR DELETE
[2020.09.04-09.10.36:726][416]LogEditorActor: Deleted Actor: StaticMeshActor
[2020.09.04-09.10.36:757][416]LogUObjectHash: Compacting FUObjectHashTables data took   0.76ms
[2020.09.04-09.10.36:757][416]LogEditorActor: Deleted 1 Actors (0.032 secs)
[2020.09.04-09.10.37:120][459]LogEditorViewport: Clicking on Actor (LMB): StaticMeshActor (RightArm_StaticMesh)
[2020.09.04-09.10.37:185][463]Cmd: DELETE
[2020.09.04-09.10.37:185][463]Cmd: ACTOR DELETE
[2020.09.04-09.10.37:186][463]LogEditorActor: Deleted Actor: StaticMeshActor
[2020.09.04-09.10.37:217][463]LogUObjectHash: Compacting FUObjectHashTables data took   0.75ms
[2020.09.04-09.10.37:218][463]LogEditorActor: Deleted 1 Actors (0.033 secs)
[2020.09.04-09.10.37:606][509]LogEditorViewport: Clicking on Actor (LMB): StaticMeshActor (Bump_StaticMesh)
[2020.09.04-09.10.37:633][509]Cmd: DELETE
[2020.09.04-09.10.37:633][509]Cmd: ACTOR DELETE
[2020.09.04-09.10.37:635][509]LogEditorActor: Deleted Actor: StaticMeshActor
[2020.09.04-09.10.37:666][509]LogUObjectHash: Compacting FUObjectHashTables data took   0.76ms
[2020.09.04-09.10.37:667][509]LogEditorActor: Deleted 1 Actors (0.033 secs)
[2020.09.04-09.10.38:029][552]LogEditorViewport: Clicking on Actor (LMB): StaticMeshActor (Linear_Stair_StaticMesh)
[2020.09.04-09.10.38:112][558]Cmd: DELETE
[2020.09.04-09.10.38:112][558]Cmd: ACTOR DELETE
[2020.09.04-09.10.38:113][558]LogEditorActor: Deleted Actor: StaticMeshActor
[2020.09.04-09.10.38:143][558]LogUObjectHash: Compacting FUObjectHashTables data took   0.76ms
[2020.09.04-09.10.38:143][558]LogEditorActor: Deleted 1 Actors (0.032 secs)
[2020.09.04-09.10.38:514][602]LogEditorViewport: Clicking on Actor (LMB): StaticMeshActor (Ramp_StaticMesh)
[2020.09.04-09.10.38:578][606]Cmd: DELETE
[2020.09.04-09.10.38:578][606]Cmd: ACTOR DELETE
[2020.09.04-09.10.38:580][606]LogEditorActor: Deleted Actor: StaticMeshActor
[2020.09.04-09.10.38:611][606]LogUObjectHash: Compacting FUObjectHashTables data took   0.76ms
[2020.09.04-09.10.38:611][606]LogEditorActor: Deleted 1 Actors (0.033 secs)
[2020.09.04-09.10.39:097][664]LogEditorViewport: Clicking on Actor (LMB): StaticMeshActor (CubeMesh)
[2020.09.04-09.10.39:203][673]Cmd: DELETE
[2020.09.04-09.10.39:203][673]Cmd: ACTOR DELETE
[2020.09.04-09.10.39:204][673]LogEditorActor: Deleted Actor: StaticMeshActor
[2020.09.04-09.10.39:234][673]LogUObjectHash: Compacting FUObjectHashTables data took   0.75ms
[2020.09.04-09.10.39:235][673]LogEditorActor: Deleted 1 Actors (0.032 secs)
[2020.09.04-09.10.54:097][422]Cmd: DELETE
[2020.09.04-09.10.54:097][422]Cmd: ACTOR DELETE
[2020.09.04-09.10.54:127][422]LogUObjectHash: Compacting FUObjectHashTables data took   0.76ms
[2020.09.04-09.10.54:128][422]LogEditorActor: Deleted 0 Actors (0.030 secs)
[2020.09.04-09.11.27:722][372]LogSlate: Took 0.000178 seconds to synchronously load lazily loaded font '../../../Engine/Content/Slate/Fonts/Roboto-Light.ttf' (167K)
[2020.09.04-09.11.27:769][372]LogUObjectHash: Compacting FUObjectHashTables data took   0.76ms
[2020.09.04-09.11.27:953][372]LogSavePackage: Moving '../../../../../../Users/j.six/Documents/UnrealPlatformerBluePrint/PlatformerBP/Saved/ThirdPersonExampleMapC6A7742340BA0F963C4104BF4C3CD3AF.tmp' to '../../../../../../Users/j.six/Documents/UnrealPlatformerBluePrint/PlatformerBP/Content/ThirdPersonBP/Maps/ThirdPersonExampleMap.umap'
[2020.09.04-09.11.28:206][372]LogSavePackage: Moving '../../../../../../Users/j.six/Documents/UnrealPlatformerBluePrint/PlatformerBP/Saved/ThirdPersonExampleMap_BuiltDataB3E38234406E926F3FF8B7A289EB853A.tmp' to '../../../../../../Users/j.six/Documents/UnrealPlatformerBluePrint/PlatformerBP/Content/ThirdPersonBP/Maps/ThirdPersonExampleMap_BuiltData.uasset'
[2020.09.04-09.11.28:219][372]AssetCheck: New page: Asset Save: multiple assets
[2020.09.04-09.11.28:219][372]LogContentValidation: Display: Validating World /Game/ThirdPersonBP/Maps/ThirdPersonExampleMap.ThirdPersonExampleMap
[2020.09.04-09.11.28:219][372]LogContentValidation: Display: Validating MapBuildDataRegistry /Game/ThirdPersonBP/Maps/ThirdPersonExampleMap_BuiltData.ThirdPersonExampleMap_BuiltData
[2020.09.04-09.11.32:760][897]MapCheck: New page: Map Check
[2020.09.04-09.11.32:770][897]LogSlate: Took 0.001662 seconds to synchronously load lazily loaded font '../../../Engine/Content/Slate/Fonts/DroidSansFallback.ttf' (3848K)
[2020.09.04-09.11.32:771][897]Cmd: MAP REBUILD ALLVISIBLE
[2020.09.04-09.11.32:771][897]LogEditorServer: Rebuildmap Clear paths rebuilt
[2020.09.04-09.11.32:912][897]LogWorld: UWorld::CleanupWorld for ThirdPersonExampleMap, bSessionEnded=true, bCleanupResources=false
[2020.09.04-09.11.32:957][897]LogUObjectHash: Compacting FUObjectHashTables data took   2.16ms
[2020.09.04-09.11.32:973][897]LogMaterial: Display: Missing cached shader map for material DebugViewMode MaterialTexCoordScale, compiling. 
[2020.09.04-09.11.32:995][897]LogShaderCompilers: Display: Worker (1/3): shaders left to compile 2
[2020.09.04-09.11.32:995][897]LogShaderCompilers: Display: Worker (2/3): shaders left to compile 1
[2020.09.04-09.11.32:995][897]LogMaterial: Display: Missing cached shader map for material DebugViewMode MaterialTexCoordScale, compiling. 
[2020.09.04-09.11.33:013][897]LogMaterial: Display: Missing cached shader map for material DebugViewMode MaterialTexCoordScale, compiling. 
[2020.09.04-09.11.33:032][897]LogShaderCompilers: Display: Worker (3/3): shaders left to compile 2
[2020.09.04-09.11.33:032][897]LogMaterial: Display: Missing cached shader map for material DebugViewMode MaterialTexCoordScale, compiling. 
[2020.09.04-09.11.33:050][897]LogMaterial: Display: Missing cached shader map for material DebugViewMode MaterialTexCoordScale, compiling. 
[2020.09.04-09.11.33:072][897]LogMaterial: Display: Missing cached shader map for material DebugViewMode MaterialTexCoordScale, compiling. 
[2020.09.04-09.11.33:092][897]LogMaterial: Display: Missing cached shader map for material DebugViewMode MaterialTexCoordScale, compiling. 
[2020.09.04-09.11.34:392][897]LogShaderCompilers: Display: Worker (2/3): shaders left to compile 11
[2020.09.04-09.11.34:392][897]LogShaderCompilers: Display: Worker (3/3): shaders left to compile 10
[2020.09.04-09.11.34:392][897]LogShaderCompilers: Display: Worker (1/3): shaders left to compile 9
[2020.09.04-09.11.34:392][897]LogShaderCompilers: Display: Worker (3/3): shaders left to compile 8
[2020.09.04-09.11.34:392][897]LogShaderCompilers: Display: Worker (2/3): shaders left to compile 7
[2020.09.04-09.11.34:392][897]LogShaderCompilers: Display: Worker (3/3): shaders left to compile 6
[2020.09.04-09.11.34:392][897]LogShaderCompilers: Display: Worker (1/3): shaders left to compile 5
[2020.09.04-09.11.34:392][897]LogShaderCompilers: Display: Worker (2/3): shaders left to compile 4
[2020.09.04-09.11.34:392][897]LogShaderCompilers: Display: Worker (1/3): shaders left to compile 3
[2020.09.04-09.11.34:392][897]LogShaderCompilers: Display: Worker (3/3): shaders left to compile 2
[2020.09.04-09.11.34:392][897]LogShaderCompilers: Display: Worker (2/3): shaders left to compile 1
[2020.09.04-09.11.34:392][897]TextureStreamingBuild: Display: Compiling optional shaders took 1.435 seconds.
[2020.09.04-09.11.34:416][897]LogLevel: Display: Export Material TexCoord Scales took 0.023 seconds.
[2020.09.04-09.11.34:419][897]TextureStreamingBuild: Display: Build Texture Streaming took 0.003 seconds.
[2020.09.04-09.11.34:450][897]LogUObjectHash: Compacting FUObjectHashTables data took   0.76ms
[2020.09.04-09.11.34:452][897]LightingResults: New page: Lighting Build - 4 sept. 2020 à 13:11:34
[2020.09.04-09.11.34:493][897]LogSwarmInterface: [OpenConnection] Registering TCP channel ...
[2020.09.04-09.11.34:565][897]LogSwarmInterface: [OpenConnection] Connecting to agent ...
[2020.09.04-09.11.34:578][897]LogSwarmInterface: [TryOpenConnection] Testing the Agent
[2020.09.04-09.11.35:106][897]LogSwarmInterface: [TryOpenConnection] Opening Connection to Agent
[2020.09.04-09.11.35:106][897]LogSwarmInterface: [TryOpenConnection] Local Process ID is 14176
[2020.09.04-09.11.52:865][897]LogStaticLightingSystem: Running Lightmass w/ ImmediateImport mode ENABLED
[2020.09.04-09.11.52:865][897]LogStaticLightingSystem: Running Lightmass w/ ImmediateProcess mode ENABLED
[2020.09.04-09.11.52:865][897]LogStaticLightingSystem: Running Lightmass w/ Sorting mode ENABLED
[2020.09.04-09.11.52:865][897]LogStaticLightingSystem: Running Lightmass w/ Mapping paddings ENABLED
[2020.09.04-09.11.52:865][897]LogStaticLightingSystem: Running Lightmass w/ Mapping debug paddings DISABLED
[2020.09.04-09.11.53:092][897]Cmd: MAP CHECK DONTDISPLAYDIALOG
[2020.09.04-09.11.53:092][897]MapCheck: New page: ThirdPersonExampleMap - 4 sept. 2020 à 13:11:53
[2020.09.04-09.11.53:114][897]MapCheck: Map check complete: 0 Error(s), 0 Warning(s), took 22,273ms to complete.
[2020.09.04-09.11.53:116][897]LogEditorBuildUtils: Build time 0:20
[2020.09.04-09.11.53:276][898]LogMaterial: Display: Missing cached shader map for material FLightmassMaterialRenderer CubeMaterial, compiling. 
[2020.09.04-09.11.53:299][898]LogShaderCompilers: Display: Worker (1/3): shaders left to compile 2
[2020.09.04-09.11.53:299][898]LogShaderCompilers: Display: Worker (2/3): shaders left to compile 1
[2020.09.04-09.11.53:299][898]LogMaterial: Display: Missing cached shader map for material FLightmassMaterialRenderer CubeMaterial, compiling. 
[2020.09.04-09.11.53:308][898]LogShaderCompilers: Display: Worker (3/3): shaders left to compile 2
[2020.09.04-09.11.53:983][899]LogShaderCompilers: Display: Worker (2/3): shaders left to compile 1
[2020.09.04-09.11.54:120][902]LogUObjectHash: Compacting FUObjectHashTables data took   1.10ms
[2020.09.04-09.11.58:642][265]Job is a success!
[2020.09.04-09.11.58:818][266]LogVolumetricLightmapImport: Imported Volumetric Lightmap in 0.033s
[2020.09.04-09.11.58:818][266]LogVolumetricLightmapImport:      Indirection Texture 16x16x16 = 0.0Mb
[2020.09.04-09.11.58:819][266]LogVolumetricLightmapImport:      BrickData (all levels) 0.1Mb
[2020.09.04-09.11.58:819][266]LogVolumetricLightmapImport:      Bricks at depth
[2020.09.04-09.11.58:819][266]LogVolumetricLightmapImport:          0: 3.3% covering 100.0% of volume
[2020.09.04-09.11.58:819][266]LogVolumetricLightmapImport:          1: 13.3% covering 6.3% of volume
[2020.09.04-09.11.58:819][266]LogVolumetricLightmapImport:          2: 83.3% covering 0.6% of volume
[2020.09.04-09.11.58:819][266]LogVolumetricLightmapImport:      Bricks in each level
[2020.09.04-09.11.58:819][266]LogVolumetricLightmapImport:          ThirdPersonExampleMap 			 30 bricks 	 100.0% (Persistent Level)
[2020.09.04-09.11.59:140][266]LogTexture: Display: Building textures: SkyOcclusion1_1 (AutoDXT, 1024X512)
[2020.09.04-09.11.59:140][266]LogTexture: Display: Building textures: HQ_Lightmap1_1 (AutoDXT, 1024X1024)
[2020.09.04-09.11.59:140][266]LogTexture: Display: Building textures: LQ_Lightmap_1_1 (DXT1, 1024X1024)
[2020.09.04-09.11.59:140][266]LogTexture: Display: Building textures: SkyOcclusion1_2 (AutoDXT, 64X32)
[2020.09.04-09.11.59:140][266]LogTexture: Display: Building textures: HQ_Lightmap1_2 (AutoDXT, 64X64)
[2020.09.04-09.11.59:140][266]LogTexture: Display: Building textures: LQ_Lightmap_1_2 (DXT1, 64X64)
[2020.09.04-09.11.59:140][266]LogTexture: Display: Building textures: ShadowMapTexture2D_3 (G8, 32X32)
[2020.09.04-09.11.59:172][266]LogTexture: Display: Building textures: ShadowMapTexture2D_2 (G8, 512X512)
[2020.09.04-09.11.59:195][266]LogStaticLightingSystem: ThirdPersonExampleMap_BuiltData storing lightmap data for 2 meshes in 2 LightmapResourceClusters (1.0 Meshes per cluster).
[2020.09.04-09.11.59:229][266]Lightmass on ZOTAC-GP-52: 4.32 sec total, 206 ms importing, 25 ms setup, 603 ms photons, 3.44 sec processing, 0 ms extra exporting [2/2 mappings]. Threads: 13.7 sec total, 2.81 sec processing.
[2020.09.04-09.11.59:232][266]LogUObjectHash: Compacting FUObjectHashTables data took   1.93ms
[2020.09.04-09.11.59:246][266]LogStaticLightingSystem: Illumination: 24.7 sec (223 ms encoding lightmaps, 111 ms encoding shadowmaps)
[2020.09.04-09.11.59:246][266]LogStaticLightingSystem: Lightmap texture memory:  2.7 MB (2.7 MB streaming, 0.0 MB non-streaming), 4 textures
[2020.09.04-09.11.59:246][266]LogStaticLightingSystem: Shadowmap texture memory: 0.3 MB (0.3 MB streaming, 0.0 MB non-streaming), 2 textures
[2020.09.04-09.11.59:869][266]DumpUnbuiltLightIteractions
[2020.09.04-09.11.59:869][266]Lights with unbuilt interactions: 0
[2020.09.04-09.11.59:869][266]
[2020.09.04-09.11.59:869][266]Primitives with unbuilt interactions: 0
[2020.09.04-09.11.59:965][267]Cmd: MAP CHECK NOTIFYRESULTS
[2020.09.04-09.11.59:965][267]MapCheck: New page: ThirdPersonExampleMap - 4 sept. 2020 à 13:11:59
[2020.09.04-09.11.59:966][267]MapCheck: Map check complete: 0 Error(s), 0 Warning(s), took 0,369ms to complete.
[2020.09.04-09.12.06:992][ 76]LogEditorViewport: Clicking on Actor (LMB): StaticMeshActor (Floor)
[2020.09.04-09.12.08:251][223]LogEditorViewport: Clicking on Actor (LMB): StaticMeshActor (Floor)
[2020.09.04-09.12.08:680][273]LogEditorViewport: Clicking on Actor (LMB): StaticMeshActor (Floor)
[2020.09.04-09.12.09:033][314]LogEditorViewport: Clicking on Component (LMB): StaticMeshComponent (StaticMeshComponent0)
[2020.09.04-09.12.10:913][535]LogEditorViewport: Clicking on Component (LMB): StaticMeshComponent (StaticMeshComponent0)
[2020.09.04-09.12.11:317][582]LogEditorViewport: Clicking on Component (LMB): StaticMeshComponent (StaticMeshComponent0)
[2020.09.04-09.12.29:305][666]LogEditorViewport: Clicking on Component (LMB): StaticMeshComponent (StaticMeshComponent0)
[2020.09.04-09.12.29:952][742]LogEditorViewport: Clicking on Component (LMB): StaticMeshComponent (StaticMeshComponent0)
[2020.09.04-09.12.30:405][795]LogEditorViewport: Clicking on Component (LMB): StaticMeshComponent (StaticMeshComponent0)
[2020.09.04-09.12.30:492][804]LogEditorViewport: Clicking on Actor (double click): StaticMeshActor (Floor)
[2020.09.04-09.12.30:798][838]LogEditorViewport: Clicking on Actor (LMB): StaticMeshActor (Floor)
[2020.09.04-09.12.38:487][564]LogSlate: Window 'Open external link' being destroyed
[2020.09.04-09.12.40:815][833]Cmd: DELETE
[2020.09.04-09.12.40:815][833]Cmd: ACTOR DELETE
[2020.09.04-09.12.40:817][833]LogEditorActor: Deleted Actor: DocumentationActor
[2020.09.04-09.12.40:849][833]LogUObjectHash: Compacting FUObjectHashTables data took   1.95ms
[2020.09.04-09.12.40:850][833]LogEditorActor: Deleted 1 Actors (0.034 secs)
[2020.09.04-09.12.46:293][482]LogEditorViewport: Clicking on Actor (LMB): StaticMeshActor (Floor)
[2020.09.04-09.12.46:924][554]LogEditorViewport: Clicking on Actor (LMB): BP_Sky_Sphere_C (SkySphereBlueprint)
[2020.09.04-09.13.05:657][755]LogEditorViewport: Clicking on Actor (LMB): StaticMeshActor (Floor)
[2020.09.04-09.13.06:364][836]LogEditorViewport: Clicking on Actor (LMB): BP_Sky_Sphere_C (SkySphereBlueprint)
[2020.09.04-09.13.17:227][133]Cmd: DELETE
[2020.09.04-09.13.17:227][133]Cmd: ACTOR DELETE
[2020.09.04-09.13.17:260][133]LogUObjectHash: Compacting FUObjectHashTables data took   1.77ms
[2020.09.04-09.13.17:260][133]LogEditorActor: Deleted 0 Actors (0.033 secs)
[2020.09.04-09.13.49:510][941]LogSlate: Window 'Tutorials' being destroyed
[2020.09.04-09.13.51:805][201]LogEditorViewport: Clicking on Actor (double click): BP_Sky_Sphere_C (SkySphereBlueprint)
[2020.09.04-09.14.11:144][127]LogSlate: Window 'Tutorials' being destroyed
[2020.09.04-09.14.17:773][883]LogUObjectHash: Compacting FUObjectHashTables data took   2.73ms
[2020.09.04-09.14.19:193][883]LogSlate: Window 'Delete Assets' being destroyed
[2020.09.04-09.14.19:319][883]LogUObjectHash: Compacting FUObjectHashTables data took   2.18ms
[2020.09.04-09.14.19:358][883]LogUObjectHash: Compacting FUObjectHashTables data took   1.96ms
[2020.09.04-09.14.19:390][883]LogUObjectHash: Compacting FUObjectHashTables data took   0.78ms
[2020.09.04-09.14.27:137][775]LogAssetEditorSubsystem: Opening Asset editor for Blueprint /Game/ThirdPersonBP/Blueprints/ThirdPersonGameMode.ThirdPersonGameMode
[2020.09.04-09.14.27:383][775]LogContentBrowser: Native class hierarchy updated for 'BlueprintGraph' in 0.0007 seconds. Added 121 classes and 0 folders.
[2020.09.04-09.14.54:471][641]LogEditorViewport: Clicking on Actor (LMB): StaticMeshActor (Floor)
[2020.09.04-09.14.55:008][702]LogEditorViewport: Clicking on Actor (LMB): StaticMeshActor (Floor)
[2020.09.04-09.15.02:406][577]LogEditorViewport: Clicking on Actor (context menu): StaticMeshActor (Floor)
[2020.09.04-09.15.03:102][654]LogEditorViewport: Clicking on Actor (context menu): StaticMeshActor (Floor)
[2020.09.04-09.15.15:621][118]Cmd: MODE GRID=0
[2020.09.04-09.15.18:776][488]Cmd: MODE GRID=1
[2020.09.04-09.15.29:101][701]LogEditorViewport: Clicking on Actor (LMB): ThirdPersonCharacter_C (ThirdPersonCharacter)
[2020.09.04-09.20.11:186][152]LogDirectoryWatcher: A directory notification failed for 'C:/Users/j.six/Documents/UnrealPlatformerBluePrint/PlatformerBP/Content/Collections/' because it could not be accessed. Aborting watch request...
[2020.09.04-09.20.11:187][152]LogDirectoryWatcher: A directory notification failed for 'C:/Users/j.six/Documents/UnrealPlatformerBluePrint/PlatformerBP/Content/Developers/jsix/Collections/' because it could not be accessed. Aborting watch request...
[2020.09.04-09.20.11:187][152]LogDirectoryWatcher: A directory notification failed for 'C:/Users/j.six/Documents/UnrealPlatformerBluePrint/PlatformerBP/Saved/Collections/' because it could not be accessed. Aborting watch request...
[2020.09.04-09.21.21:247][133]LogEditorViewport: Clicking on Actor (LMB): BP_Sky_Sphere_C (SkySphereBlueprint)
[2020.09.04-09.22.18:019][539]LogTexture: Display: Building textures: T_TestML_Mask (AutoDXT, 512X512)
[2020.09.04-09.22.18:198][539]LogTexture: Display: Building textures: T_AtmosphericCloudNoise03 (BGRA8, 2048X2048)
[2020.09.04-09.22.18:779][539]LogTexture: Display: Building textures: T_LegNormalDemo (BC5, 4096X4096)
[2020.09.04-09.22.18:779][539]LogTexture: Display: Building textures: T_Leg_RGB (AutoDXT, 4096X4096)
[2020.09.04-09.22.18:779][539]LogTexture: Display: Building textures: T_AtmosphericCloudNoise01_N (BC5, 2048X2048)
[2020.09.04-09.22.19:908][539]LogTexture: Display: Building textures: T_AtmosphericCloudNoise01 (AutoDXT, 2048X2048)
[2020.09.04-09.22.25:667][539]LogTexture: Display: Building textures: T_Leg_M1 (AutoDXT, 4096X4096)
[2020.09.04-09.22.25:668][539]LogTexture: Display: Building textures: T_Leg_M (AutoDXT, 4096X4096)
[2020.09.04-09.22.25:668][539]LogTexture: Display: Building textures: T_Blue_Metal02 (AutoDXT, 2048X2048)
[2020.09.04-09.22.35:009][539]LogTexture: Display: Building textures: T_Substance_Boris_2ndHairUVs_M13_Hair_skin13_Wind (AutoDXT, 1024X1024)
[2020.09.04-09.22.35:009][539]LogTexture: Display: Building textures: T_Boris_Hair_Root_New (AutoDXT, 2048X2048)
[2020.09.04-09.22.35:009][539]LogTexture: Display: Building textures: T_Boris_Hair_Root (AutoDXT, 2048X2048)
[2020.09.04-09.22.35:009][539]LogTexture: Display: Building textures: T_Boris_Hair_Depth (AutoDXT, 2048X2048)
[2020.09.04-09.22.35:009][539]LogTexture: Display: Building textures: T_Boris_Hair_Alpha (AutoDXT, 2048X2048)
[2020.09.04-09.22.35:009][539]LogTexture: Display: Building textures: T_Blank_N (BC5, 128X128)
[2020.09.04-09.22.35:791][539]LogTexture: Display: Building textures: T_HairClump02_Roots (G8, 2048X2048)
[2020.09.04-09.22.35:791][539]LogTexture: Display: Building textures: T_Boris_head_D (AutoDXT, 4096X4096)
[2020.09.04-09.23.15:333][539]LogTexture: Display: Building textures: T_HairClump02_ID (G8, 2048X2048)
[2020.09.04-09.23.15:333][539]LogTexture: Display: Building textures: T_HairClump02_DyeMask (AutoDXT, 2048X2048)
[2020.09.04-09.23.15:333][539]LogTexture: Display: Building textures: T_HairClump02_Depth (G8, 2048X2048)
[2020.09.04-09.23.15:333][539]LogTexture: Display: Building textures: T_HairClump02_Alpha (G8, 2048X2048)
[2020.09.04-09.23.15:333][539]LogTexture: Display: Building textures: T_gradient_stasis (AutoDXT, 256X256)
[2020.09.04-09.23.15:333][539]LogTexture: Display: Building textures: T_Caustics_2 (DXT1, 512X512)
[2020.09.04-09.23.15:333][539]LogTexture: Display: Building textures: T_HipArmNormalDemo (BC5, 4096X4096)
[2020.09.04-09.23.15:333][539]LogTexture: Display: Building textures: T_HipArm_RGB (AutoDXT, 4096X4096)
[2020.09.04-09.23.15:333][539]LogTexture: Display: Building textures: T_HipArm_M1 (AutoDXT, 4096X4096)
[2020.09.04-09.23.15:333][539]LogTexture: Display: Building textures: T_HipArm_M (AutoDXT, 4096X4096)
[2020.09.04-09.23.15:333][539]LogTexture: Display: Building textures: T_TorsoNormalDemo (BC5, 4096X4096)
[2020.09.04-09.23.15:333][539]LogTexture: Display: Building textures: T_Torso_M (AutoDXT, 4096X4096)
[2020.09.04-09.23.15:333][539]LogTexture: Display: Building textures: T_Swirly_Noise (AutoDXT, 1024X1024)
[2020.09.04-09.23.15:333][539]LogTexture: Display: Building textures: T_WaterFoam2_D (AutoDXT, 2048X2048)
[2020.09.04-09.23.15:334][539]LogTexture: Display: Building textures: T_Torso_RGB (AutoDXT, 4096X4096)
[2020.09.04-09.23.15:334][539]LogTexture: Display: Building textures: T_Boris_head_RGB (AutoDXT, 4096X4096)
[2020.09.04-09.23.17:532][539]LogTexture: Display: Building textures: T_Pore_Specular (AutoDXT, 1024X1024)
[2020.09.04-09.23.19:863][539]LogTexture: Display: Building textures: T_Torso_M1 (AutoDXT, 4096X4096)
[2020.09.04-09.23.19:863][539]LogTexture: Display: Building textures: T_Pore_Normals2 (BC5, 1024X1024)
[2020.09.04-09.23.20:350][539]LogTexture: Display: Building textures: T_Boris_Head_M (AutoDXT, 4096X4096)
[2020.09.04-09.23.33:124][539]LogTexture: Display: Building textures: T_Smoke_01 (AutoDXT, 1024X1024)
[2020.09.04-09.23.33:124][539]LogTexture: Display: Building textures: T_MarbleVein_D (AutoDXT, 4096X4096)
[2020.09.04-09.23.33:124][539]LogTexture: Display: Building textures: T_Bear_Nose_Tile_M (AutoDXT, 512X512)
[2020.09.04-09.23.33:741][539]LogTexture: Display: Building textures: T_Bear_Nose_Tile_NRM (BC5, 512X512)
[2020.09.04-09.23.35:313][539]LogTexture: Display: Building textures: T_Xgen_boris_head_n (BC5, 4096X4096)
[2020.09.04-09.23.41:003][539]LogTexture: Display: Building textures: T_Steel_Dark_Aged_N (BC5, 4096X4096)
[2020.09.04-09.23.41:003][539]LogTexture: Display: Building textures: T_Xgen_Bear_head_Mask (AutoDXT, 4096X4096)
[2020.09.04-09.24.00:121][539]LogTexture: Display: Building textures: T_IronRust_Tile_N (BC5, 4096X4096)
[2020.09.04-09.24.00:121][539]LogTexture: Display: Building textures: T_IronRust_Tile_D (AutoDXT, 4096X4096)
[2020.09.04-09.24.00:121][539]LogTexture: Display: Building textures: T_Steel_Stained_N (BC5, 4096X4096)
[2020.09.04-09.24.00:121][539]LogTexture: Display: Building textures: T_Boris_Head_M1 (AutoDXT, 4096X4096)
[2020.09.04-09.24.38:340][539]LogTexture: Display: Building textures: T_Steel_Dark_Aged_D (AutoDXT, 4096X4096)
[2020.09.04-09.24.38:340][539]LogTexture: Display: Building textures: T_Rust01_N (BC5, 2048X2048)
[2020.09.04-09.24.38:340][539]LogTexture: Display: Building textures: T_RoughMetal01_N (BC5, 2048X2048)
[2020.09.04-09.24.38:340][539]LogTexture: Display: Building textures: T_ML_Gold_Metal01 (AutoDXT, 2048X2048)
[2020.09.04-09.24.38:340][539]LogTexture: Display: Building textures: T_Black_Linear (AutoDXT, 32X32)
[2020.09.04-09.24.38:340][539]LogTexture: Display: Building textures: T_Boris_head_N (BC5, 4096X4096)
[2020.09.04-09.24.38:340][539]LogTexture: Display: Building textures: T_EyeOcclusion2 (G8, 512X512)
[2020.09.04-09.24.38:340][539]LogMaterial: Display: Missing cached shader map for material M_Boris_Head2, compiling. 
[2020.09.04-09.24.38:574][539]LogTexture: Display: Building textures: T_Boris_Eyelashes_N (BC5, 2048X2048)
[2020.09.04-09.24.38:574][539]LogAnimationCompression: Building Anim DDC data for AnimSequence /Game/ParagonBoris/Characters/Heroes/Boris/Animations/Idle.Idle
[2020.09.04-09.24.38:575][539]LogAnimationCompression: Recompressing (AnimSequence /Game/ParagonBoris/Characters/Heroes/Boris/Animations/Idle.Idle) using current/default (AnimCompress_RemoveLinearKeys_1) bFirstRecompressUsingCurrentOrDefault(1) bTryAlternateCompressor(0) IsCompressedDataValid(0)
[2020.09.04-09.24.39:409][539]LogShaderCompilers: Display: Worker (1/3): shaders left to compile 163
[2020.09.04-09.24.39:409][539]LogShaderCompilers: Display: Worker (2/3): shaders left to compile 153
[2020.09.04-09.24.39:409][539]LogShaderCompilers: Display: Worker (3/3): shaders left to compile 143
[2020.09.04-09.24.39:409][539]LogTexture: Display: Building textures: T_Boris_Eyelashes_D (DXT1, 2048X2048)
[2020.09.04-09.24.39:409][539]LogAnimationCompression: Building Anim DDC data for AnimSequence /Game/ParagonBoris/Characters/Heroes/Boris/Animations/AimOffset/Idle_AO_RU.Idle_AO_RU
[2020.09.04-09.24.39:409][539]LogAnimationCompression: Recompressing (AnimSequence /Game/ParagonBoris/Characters/Heroes/Boris/Animations/AimOffset/Idle_AO_RU.Idle_AO_RU) using current/default (AnimCompress_RemoveLinearKeys_1) bFirstRecompressUsingCurrentOrDefault(1) bTryAlternateCompressor(0) IsCompressedDataValid(0)
[2020.09.04-09.24.39:426][539]LogAnimationCompression: Building Anim DDC data for AnimSequence /Game/ParagonBoris/Characters/Heroes/Boris/Animations/AimOffset/Idle_AO_RD.Idle_AO_RD
[2020.09.04-09.24.39:426][539]LogAnimationCompression: Recompressing (AnimSequence /Game/ParagonBoris/Characters/Heroes/Boris/Animations/AimOffset/Idle_AO_RD.Idle_AO_RD) using current/default (AnimCompress_RemoveLinearKeys_1) bFirstRecompressUsingCurrentOrDefault(1) bTryAlternateCompressor(0) IsCompressedDataValid(0)
[2020.09.04-09.24.39:441][539]LogAnimationCompression: Building Anim DDC data for AnimSequence /Game/ParagonBoris/Characters/Heroes/Boris/Animations/AimOffset/Idle_AO_RC.Idle_AO_RC
[2020.09.04-09.24.39:441][539]LogAnimationCompression: Recompressing (AnimSequence /Game/ParagonBoris/Characters/Heroes/Boris/Animations/AimOffset/Idle_AO_RC.Idle_AO_RC) using current/default (AnimCompress_RemoveLinearKeys_1) bFirstRecompressUsingCurrentOrDefault(1) bTryAlternateCompressor(0) IsCompressedDataValid(0)
[2020.09.04-09.24.39:456][539]LogAnimationCompression: Building Anim DDC data for AnimSequence /Game/ParagonBoris/Characters/Heroes/Boris/Animations/AimOffset/Idle_AO_LU.Idle_AO_LU
[2020.09.04-09.24.39:456][539]LogAnimationCompression: Recompressing (AnimSequence /Game/ParagonBoris/Characters/Heroes/Boris/Animations/AimOffset/Idle_AO_LU.Idle_AO_LU) using current/default (AnimCompress_RemoveLinearKeys_1) bFirstRecompressUsingCurrentOrDefault(1) bTryAlternateCompressor(0) IsCompressedDataValid(0)
[2020.09.04-09.24.39:471][539]LogAnimationCompression: Building Anim DDC data for AnimSequence /Game/ParagonBoris/Characters/Heroes/Boris/Animations/Primary_D.Primary_D
[2020.09.04-09.24.39:471][539]LogAnimationCompression: Recompressing (AnimSequence /Game/ParagonBoris/Characters/Heroes/Boris/Animations/Primary_D.Primary_D) using current/default (AnimCompress_RemoveLinearKeys_0) bFirstRecompressUsingCurrentOrDefault(1) bTryAlternateCompressor(0) IsCompressedDataValid(0)
[2020.09.04-09.24.39:765][539]LogAnimationCompression: Building Anim DDC data for AnimSequence /Game/ParagonBoris/Characters/Heroes/Boris/Animations/Primary_C.Primary_C
[2020.09.04-09.24.39:765][539]LogAnimationCompression: Recompressing (AnimSequence /Game/ParagonBoris/Characters/Heroes/Boris/Animations/Primary_C.Primary_C) using current/default (AnimCompress_RemoveLinearKeys_0) bFirstRecompressUsingCurrentOrDefault(1) bTryAlternateCompressor(0) IsCompressedDataValid(0)
[2020.09.04-09.24.39:967][539]LogAnimationCompression: Building Anim DDC data for AnimSequence /Game/ParagonBoris/Characters/Heroes/Boris/Animations/Primary_B.Primary_B
[2020.09.04-09.24.39:967][539]LogAnimationCompression: Recompressing (AnimSequence /Game/ParagonBoris/Characters/Heroes/Boris/Animations/Primary_B.Primary_B) using current/default (AnimCompress_RemoveLinearKeys_0) bFirstRecompressUsingCurrentOrDefault(1) bTryAlternateCompressor(0) IsCompressedDataValid(0)
[2020.09.04-09.24.40:196][539]LogAnimationCompression: Building Anim DDC data for AnimSequence /Game/ParagonBoris/Characters/Heroes/Boris/Animations/Primary_A.Primary_A
[2020.09.04-09.24.40:196][539]LogAnimationCompression: Recompressing (AnimSequence /Game/ParagonBoris/Characters/Heroes/Boris/Animations/Primary_A.Primary_A) using current/default (AnimCompress_RemoveLinearKeys_0) bFirstRecompressUsingCurrentOrDefault(1) bTryAlternateCompressor(0) IsCompressedDataValid(0)
[2020.09.04-09.24.40:411][539]LogMaterial: Display: Missing cached shader map for material M_EyeGlow_Noise, compiling. 
[2020.09.04-09.24.41:717][539]LogTexture: Display: Building textures: T_Steel_Stained_D (AutoDXT, 4096X4096)
